Log file open, 11/02/16 20:59:36
LogInit:Display: Running engine for game: classsample
LogPlatformFile: Not using cached read wrapper
LogInit:Display: RandInit(-988214770) SRandInit(-988214770).
LogTaskGraph: Started task graph with 5 named threads and 6 total threads with 1 sets of task threads.
LogStats: Stats thread started at 2.163317
LogPluginManager: Loaded Plugin Paper2D, From C:/Program Files (x86)/Epic Games/4.13/Engine/Plugins/2D/Paper2D/Paper2D.uplugin
LogPluginManager: Loaded Plugin LightPropagationVolume, From C:/Program Files (x86)/Epic Games/4.13/Engine/Plugins/Blendables/LightPropagationVolume/LightPropagationVolume.uplugin
LogPluginManager: Loaded Plugin BlankPlugin, From C:/Program Files (x86)/Epic Games/4.13/Engine/Plugins/Developer/BlankPlugin/BlankPlugin.uplugin
LogPluginManager: Loaded Plugin CodeLiteSourceCodeAccess, From C:/Program Files (x86)/Epic Games/4.13/Engine/Plugins/Developer/CodeLiteSourceCodeAccess/CodeLiteSourceCodeAccess.uplugin
LogPluginManager: Loaded Plugin GitSourceControl, From C:/Program Files (x86)/Epic Games/4.13/Engine/Plugins/Developer/GitSourceControl/GitSourceControl.uplugin
LogPluginManager: Loaded Plugin KDevelopSourceCodeAccess, From C:/Program Files (x86)/Epic Games/4.13/Engine/Plugins/Developer/KDevelopSourceCodeAccess/KDevelopSourceCodeAccess.uplugin
LogPluginManager: Loaded Plugin NullSourceCodeAccess, From C:/Program Files (x86)/Epic Games/4.13/Engine/Plugins/Developer/NullSourceCodeAccess/NullSourceCodeAccess.uplugin
LogPluginManager: Loaded Plugin OneSkyLocalizationService, From C:/Program Files (x86)/Epic Games/4.13/Engine/Plugins/Developer/OneSkyLocalizationService/OneSkyLocalizationService.uplugin
LogPluginManager: Loaded Plugin PerforceSourceControl, From C:/Program Files (x86)/Epic Games/4.13/Engine/Plugins/Developer/PerforceSourceControl/PerforceSourceControl.uplugin
LogPluginManager: Loaded Plugin SubversionSourceControl, From C:/Program Files (x86)/Epic Games/4.13/Engine/Plugins/Developer/SubversionSourceControl/SubversionSourceControl.uplugin
LogPluginManager: Loaded Plugin UObjectPlugin, From C:/Program Files (x86)/Epic Games/4.13/Engine/Plugins/Developer/UObjectPlugin/UObjectPlugin.uplugin
LogPluginManager: Loaded Plugin VisualStudioSourceCodeAccess, From C:/Program Files (x86)/Epic Games/4.13/Engine/Plugins/Developer/VisualStudioSourceCodeAccess/VisualStudioSourceCodeAccess.uplugin
LogPluginManager: Loaded Plugin XCodeSourceCodeAccess, From C:/Program Files (x86)/Epic Games/4.13/Engine/Plugins/Developer/XCodeSourceCodeAccess/XCodeSourceCodeAccess.uplugin
LogPluginManager: Loaded Plugin EpicSurvey, From C:/Program Files (x86)/Epic Games/4.13/Engine/Plugins/Editor/EpicSurvey/EpicSurvey.uplugin
LogPluginManager: Loaded Plugin MacGraphicsSwitching, From C:/Program Files (x86)/Epic Games/4.13/Engine/Plugins/Editor/MacGraphicsSwitching/MacGraphicsSwitching.uplugin
LogPluginManager: Loaded Plugin MobileLauncherProfileWizard, From C:/Program Files (x86)/Epic Games/4.13/Engine/Plugins/Editor/MobileLauncherProfileWizard/MobileLauncherProfileWizard.uplugin
LogPluginManager: Loaded Plugin PluginBrowser, From C:/Program Files (x86)/Epic Games/4.13/Engine/Plugins/Editor/PluginBrowser/PluginBrowser.uplugin
LogPluginManager: Loaded Plugin SpeedTreeImporter, From C:/Program Files (x86)/Epic Games/4.13/Engine/Plugins/Editor/SpeedTreeImporter/SpeedTreeImporter.uplugin
LogPluginManager: Loaded Plugin SuperSearchEditor, From C:/Program Files (x86)/Epic Games/4.13/Engine/Plugins/Editor/SuperSearchEditor/SuperSearchEditor.uplugin
LogPluginManager: Loaded Plugin AlembicImporter, From C:/Program Files (x86)/Epic Games/4.13/Engine/Plugins/Experimental/AlembicImporter/AlembicImporter.uplugin
LogPluginManager: Loaded Plugin BlueprintStats, From C:/Program Files (x86)/Epic Games/4.13/Engine/Plugins/Experimental/BlueprintStats/BlueprintStats.uplugin
LogPluginManager: Loaded Plugin CharacterAI, From C:/Program Files (x86)/Epic Games/4.13/Engine/Plugins/Experimental/CharacterAI/CharacterAI.uplugin
LogPluginManager: Loaded Plugin CodeEditor, From C:/Program Files (x86)/Epic Games/4.13/Engine/Plugins/Experimental/CodeEditor/CodeEditor.uplugin
LogPluginManager: Loaded Plugin CodeView, From C:/Program Files (x86)/Epic Games/4.13/Engine/Plugins/Experimental/CodeView/CodeView.uplugin
LogPluginManager: Loaded Plugin HTML5Networking, From C:/Program Files (x86)/Epic Games/4.13/Engine/Plugins/Experimental/HTML5Networking/HTML5Networking.uplugin
LogPluginManager: Loaded Plugin LiveEditor, From C:/Program Files (x86)/Epic Games/4.13/Engine/Plugins/Experimental/LiveEditor/LiveEditor.uplugin
LogPluginManager: Loaded Plugin OSVR, From C:/Program Files (x86)/Epic Games/4.13/Engine/Plugins/Experimental/OSVR/OSVR.uplugin
LogPluginManager: Loaded Plugin Phya, From C:/Program Files (x86)/Epic Games/4.13/Engine/Plugins/Experimental/Phya/Phya.uplugin
LogPluginManager: Loaded Plugin SignificanceManager, From C:/Program Files (x86)/Epic Games/4.13/Engine/Plugins/Experimental/SignificanceManager/SignificanceManager.uplugin
LogPluginManager: Loaded Plugin SimpleHMD, From C:/Program Files (x86)/Epic Games/4.13/Engine/Plugins/Experimental/SimpleHMD/SimpleHMD.uplugin
LogPluginManager: Loaded Plugin StereoPanorama, From C:/Program Files (x86)/Epic Games/4.13/Engine/Plugins/Experimental/StereoPanorama/StereoPanorama.uplugin
LogPluginManager: Loaded Plugin StructBox, From C:/Program Files (x86)/Epic Games/4.13/Engine/Plugins/Experimental/StructBox/StructBox.uplugin
LogPluginManager: Loaded Plugin AndroidMedia, From C:/Program Files (x86)/Epic Games/4.13/Engine/Plugins/Media/AndroidMedia/AndroidMedia.uplugin
LogPluginManager: Loaded Plugin AvfMedia, From C:/Program Files (x86)/Epic Games/4.13/Engine/Plugins/Media/AvfMedia/AvfMedia.uplugin
LogPluginManager: Loaded Plugin MediaPlayerEditor, From C:/Program Files (x86)/Epic Games/4.13/Engine/Plugins/Media/MediaPlayerEditor/MediaPlayerEditor.uplugin
LogPluginManager: Loaded Plugin WmfMedia, From C:/Program Files (x86)/Epic Games/4.13/Engine/Plugins/Media/WmfMedia/WmfMedia.uplugin
LogPluginManager: Loaded Plugin MessagingDebugger, From C:/Program Files (x86)/Epic Games/4.13/Engine/Plugins/Messaging/MessagingDebugger/MessagingDebugger.uplugin
LogPluginManager: Loaded Plugin TcpMessaging, From C:/Program Files (x86)/Epic Games/4.13/Engine/Plugins/Messaging/TcpMessaging/TcpMessaging.uplugin
LogPluginManager: Loaded Plugin UdpMessaging, From C:/Program Files (x86)/Epic Games/4.13/Engine/Plugins/Messaging/UdpMessaging/UdpMessaging.uplugin
LogPluginManager: Loaded Plugin LevelSequenceEditor, From C:/Program Files (x86)/Epic Games/4.13/Engine/Plugins/MovieScene/LevelSequenceEditor/LevelSequenceEditor.uplugin
LogPluginManager: Loaded Plugin MatineeToLevelSequence, From C:/Program Files (x86)/Epic Games/4.13/Engine/Plugins/MovieScene/MatineeToLevelSequence/MatineeToLevelSequence.uplugin
LogPluginManager: Loaded Plugin NetcodeUnitTest, From C:/Program Files (x86)/Epic Games/4.13/Engine/Plugins/NetcodeUnitTest/NetcodeUnitTest/NetcodeUnitTest.uplugin
LogPluginManager: Loaded Plugin NUTUnrealEngine4, From C:/Program Files (x86)/Epic Games/4.13/Engine/Plugins/NetcodeUnitTest/NUTUnrealEngine4/NUTUnrealEngine4.uplugin
LogPluginManager: Loaded Plugin OnlineSubsystemGooglePlay, From C:/Program Files (x86)/Epic Games/4.13/Engine/Plugins/Online/Android/OnlineSubsystemGooglePlay/OnlineSubsystemGooglePlay.uplugin
LogPluginManager: Loaded Plugin OnlineSubsystemIOS, From C:/Program Files (x86)/Epic Games/4.13/Engine/Plugins/Online/IOS/OnlineSubsystemIOS/OnlineSubsystemIOS.uplugin
LogPluginManager: Loaded Plugin OnlineFramework, From C:/Program Files (x86)/Epic Games/4.13/Engine/Plugins/Online/OnlineFramework/OnlineFramework.uplugin
LogPluginManager: Loaded Plugin OnlineSubsystem, From C:/Program Files (x86)/Epic Games/4.13/Engine/Plugins/Online/OnlineSubsystem/OnlineSubsystem.uplugin
LogPluginManager: Loaded Plugin OnlineSubsystemAmazon, From C:/Program Files (x86)/Epic Games/4.13/Engine/Plugins/Online/OnlineSubsystemAmazon/OnlineSubsystemAmazon.uplugin
LogPluginManager: Loaded Plugin OnlineSubsystemFacebook, From C:/Program Files (x86)/Epic Games/4.13/Engine/Plugins/Online/OnlineSubsystemFacebook/OnlineSubsystemFacebook.uplugin
LogPluginManager: Loaded Plugin OnlineSubsystemNull, From C:/Program Files (x86)/Epic Games/4.13/Engine/Plugins/Online/OnlineSubsystemNull/OnlineSubsystemNull.uplugin
LogPluginManager: Loaded Plugin OnlineSubsystemOculus, From C:/Program Files (x86)/Epic Games/4.13/Engine/Plugins/Online/OnlineSubsystemOculus/OnlineSubsystemOculus.uplugin
LogPluginManager: Loaded Plugin OnlineSubsystemSteam, From C:/Program Files (x86)/Epic Games/4.13/Engine/Plugins/Online/OnlineSubsystemSteam/OnlineSubsystemSteam.uplugin
LogPluginManager: Loaded Plugin OnlineSubsystemUtils, From C:/Program Files (x86)/Epic Games/4.13/Engine/Plugins/Online/OnlineSubsystemUtils/OnlineSubsystemUtils.uplugin
LogPluginManager: Loaded Plugin IOSTapJoy, From C:/Program Files (x86)/Epic Games/4.13/Engine/Plugins/Runtime/Advertising/IOSTapJoy/IOSTapJoy.uplugin
LogPluginManager: Loaded Plugin AnalyticsBlueprintLibrary, From C:/Program Files (x86)/Epic Games/4.13/Engine/Plugins/Runtime/Analytics/AnalyticsBlueprintLibrary/AnalyticsBlueprintLibrary.uplugin
LogPluginManager: Loaded Plugin AnalyticsMulticast, From C:/Program Files (x86)/Epic Games/4.13/Engine/Plugins/Runtime/Analytics/AnalyticsMulticast/AnalyticsMulticast.uplugin
LogPluginManager: Loaded Plugin Apsalar, From C:/Program Files (x86)/Epic Games/4.13/Engine/Plugins/Runtime/Analytics/Apsalar/Apsalar.uplugin
LogPluginManager: Loaded Plugin FileLogging, From C:/Program Files (x86)/Epic Games/4.13/Engine/Plugins/Runtime/Analytics/FileLogging/FileLogging.uplugin
LogPluginManager: Loaded Plugin Flurry, From C:/Program Files (x86)/Epic Games/4.13/Engine/Plugins/Runtime/Analytics/Flurry/Flurry.uplugin
LogPluginManager: Loaded Plugin AndroidDeviceProfileSelector, From C:/Program Files (x86)/Epic Games/4.13/Engine/Plugins/Runtime/AndroidDeviceProfileSelector/AndroidDeviceProfileSelector.uplugin
LogPluginManager: Loaded Plugin AndroidMoviePlayer, From C:/Program Files (x86)/Epic Games/4.13/Engine/Plugins/Runtime/AndroidMoviePlayer/AndroidMoviePlayer.uplugin
LogPluginManager: Loaded Plugin AppleMoviePlayer, From C:/Program Files (x86)/Epic Games/4.13/Engine/Plugins/Runtime/AppleMoviePlayer/AppleMoviePlayer.uplugin
LogPluginManager: Loaded Plugin ArchVisCharacter, From C:/Program Files (x86)/Epic Games/4.13/Engine/Plugins/Runtime/ArchVisCharacter/ArchVisCharacter.uplugin
LogPluginManager: Loaded Plugin CableComponent, From C:/Program Files (x86)/Epic Games/4.13/Engine/Plugins/Runtime/CableComponent/CableComponent.uplugin
LogPluginManager: Loaded Plugin CustomMeshComponent, From C:/Program Files (x86)/Epic Games/4.13/Engine/Plugins/Runtime/CustomMeshComponent/CustomMeshComponent.uplugin
LogPluginManager: Loaded Plugin ExampleDeviceProfileSelector, From C:/Program Files (x86)/Epic Games/4.13/Engine/Plugins/Runtime/ExampleDeviceProfileSelector/ExampleDeviceProfileSelector.uplugin
LogPluginManager: Loaded Plugin GearVR, From C:/Program Files (x86)/Epic Games/4.13/Engine/Plugins/Runtime/GearVR/GearVR.uplugin
LogPluginManager: Loaded Plugin GoogleVRController, From C:/Program Files (x86)/Epic Games/4.13/Engine/Plugins/Runtime/GoogleVR/GoogleVRController/GoogleVRController.uplugin
LogPluginManager: Loaded Plugin GoogleVRHMD, From C:/Program Files (x86)/Epic Games/4.13/Engine/Plugins/Runtime/GoogleVR/GoogleVRHMD/GoogleVRHMD.uplugin
LogPluginManager: Loaded Plugin IOSDeviceProfileSelector, From C:/Program Files (x86)/Epic Games/4.13/Engine/Plugins/Runtime/IOSDeviceProfileSelector/IOSDeviceProfileSelector.uplugin
LogPluginManager: Loaded Plugin LeapMotion, From C:/Program Files (x86)/Epic Games/4.13/Engine/Plugins/Runtime/LeapMotion/LeapMotion.uplugin
LogPluginManager: Loaded Plugin LinuxDeviceProfileSelector, From C:/Program Files (x86)/Epic Games/4.13/Engine/Plugins/Runtime/LinuxDeviceProfileSelector/LinuxDeviceProfileSelector.uplugin
LogPluginManager: Loaded Plugin LiveEditorListenServer, From C:/Program Files (x86)/Epic Games/4.13/Engine/Plugins/Runtime/LiveEditorListenServer/LiveEditorListenServer.uplugin
LogPluginManager: Loaded Plugin OculusAudio, From C:/Program Files (x86)/Epic Games/4.13/Engine/Plugins/Runtime/OculusAudio/OculusAudio.uplugin
LogPluginManager: Loaded Plugin OculusInput, From C:/Program Files (x86)/Epic Games/4.13/Engine/Plugins/Runtime/OculusInput/OculusInput.uplugin
LogPluginManager: Loaded Plugin OculusLibrary, From C:/Program Files (x86)/Epic Games/4.13/Engine/Plugins/Runtime/OculusLibrary/OculusLibrary.uplugin
LogPluginManager: Loaded Plugin OculusRift, From C:/Program Files (x86)/Epic Games/4.13/Engine/Plugins/Runtime/OculusRift/OculusRift.uplugin
LogPluginManager: Loaded Plugin Oodle, From C:/Program Files (x86)/Epic Games/4.13/Engine/Plugins/Runtime/PacketHandlers/CompressionComponents/Oodle/Oodle.uplugin
LogPluginManager: Loaded Plugin ProceduralMeshComponent, From C:/Program Files (x86)/Epic Games/4.13/Engine/Plugins/Runtime/ProceduralMeshComponent/ProceduralMeshComponent.uplugin
LogPluginManager: Loaded Plugin SoundMod, From C:/Program Files (x86)/Epic Games/4.13/Engine/Plugins/Runtime/SoundMod/SoundMod.uplugin
LogPluginManager: Loaded Plugin SoundVisualizations, From C:/Program Files (x86)/Epic Games/4.13/Engine/Plugins/Runtime/SoundVisualizations/SoundVisualizations.uplugin
LogPluginManager: Loaded Plugin SteamController, From C:/Program Files (x86)/Epic Games/4.13/Engine/Plugins/Runtime/Steam/SteamController/SteamController.uplugin
LogPluginManager: Loaded Plugin SteamVR, From C:/Program Files (x86)/Epic Games/4.13/Engine/Plugins/Runtime/Steam/SteamVR/SteamVR.uplugin
LogPluginManager: Loaded Plugin WebBrowserWidget, From C:/Program Files (x86)/Epic Games/4.13/Engine/Plugins/Runtime/WebBrowserWidget/WebBrowserWidget.uplugin
LogPluginManager: Loaded Plugin WindowsDeviceProfileSelector, From C:/Program Files (x86)/Epic Games/4.13/Engine/Plugins/Runtime/WindowsDeviceProfileSelector/WindowsDeviceProfileSelector.uplugin
LogPluginManager: Loaded Plugin WindowsMoviePlayer, From C:/Program Files (x86)/Epic Games/4.13/Engine/Plugins/Runtime/WindowsMoviePlayer/WindowsMoviePlayer.uplugin
LogPluginManager: Loaded Plugin ScriptPlugin, From C:/Program Files (x86)/Epic Games/4.13/Engine/Plugins/ScriptPlugin/ScriptPlugin.uplugin
LogPluginManager: Loaded Plugin SlateRemote, From C:/Program Files (x86)/Epic Games/4.13/Engine/Plugins/Slate/SlateRemote/SlateRemote.uplugin
LogInit: Using libcurl 7.47.1
LogInit:  - built for x86_64-pc-win32
LogInit:  - supports SSL with WinSSL
LogInit:  - other features:
LogInit:      CURL_VERSION_SSL
LogInit:      CURL_VERSION_IPV6
LogInit:      CURL_VERSION_ASYNCHDNS
LogInit:      CURL_VERSION_LARGEFILE
LogInit:      CURL_VERSION_IDN
LogInit:  CurlRequestOptions (configurable via config and command line):
LogInit:  - bVerifyPeer = false  - Libcurl will NOT verify peer certificate
LogInit:  - bUseHttpProxy = false  - Libcurl will NOT use HTTP proxy
LogInit:  - bDontReuseConnections = false  - Libcurl will reuse connections
LogInit:  - CertBundlePath = nullptr  - Libcurl will use whatever was configured at build time.
LogInit: Build: ++UE4+Release-4.13-CL-3172292
LogInit: Engine Version: 4.13.2-3172292+++UE4+Release-4.13
LogInit: Compatible Engine Version: 4.13.0-3106830+++UE4+Release-4.13
LogInit: Net CL: 3172292
LogDevObjectVersion: Number of dev versions registered: 13
LogDevObjectVersion:   Dev-Blueprints (B0D832E4-1F89-4F0D-ACCF-7EB736FD4AA2): 5
LogDevObjectVersion:   Dev-Build (E1C64328-A22C-4D53-A36C-8E866417BD8C): 0
LogDevObjectVersion:   Dev-Core (375EC13C-06E4-48FB-B500-84F0262A717E): 1
LogDevObjectVersion:   Dev-Editor (E4B068ED-F494-42E9-A231-DA0B2E46BB41): 6
LogDevObjectVersion:   Dev-Framework (CFFC743F-43B0-4480-9391-14DF171D2073): 12
LogDevObjectVersion:   Dev-Mobile (B02B49B5-BB20-44E9-A304-32B752E40360): 0
LogDevObjectVersion:   Dev-Networking (A4E4105C-59A1-49B5-A7C5-40C4547EDFEE): 0
LogDevObjectVersion:   Dev-Online (39C831C9-5AE6-47DC-9A44-9C173E1C8E7C): 0
LogDevObjectVersion:   Dev-Physics (78F01B33-EBEA-4F98-B9B4-84EACCB95AA2): 0
LogDevObjectVersion:   Dev-Platform (6631380F-2D4D-43E0-8009-CF276956A95A): 0
LogDevObjectVersion:   Dev-Rendering (12F88B9F-8875-4AFC-A67C-D90C383ABD29): 4
LogDevObjectVersion:   Dev-Sequencer (7B5AE74C-D270-4C10-A958-57980B212A5A): 0
LogDevObjectVersion:   Dev-VR (D7296918-1DD6-4BDD-9DE2-64A83CC13884): 0
LogInit: Compiled (64-bit): Oct 24 2016 14:29:06
LogInit: Compiled with Visual C++: 19.00.23026.00
LogInit: Build Configuration: Development
LogInit: Branch Name: ++UE4+Release-4.13
LogInit: Command line:  
LogInit: Base directory: C:/Program Files (x86)/Epic Games/4.13/Engine/Binaries/Win64/
LogInit: Installed Engine Build: 1
LogInit: Presizing for max 8388607 objects, including 0 objects not considered by GC, pre-allocating 0 bytes for permanent pool.
LogInit: Object subsystem initialized
[2016.11.03-00.59.41:877][  0]LogInit: Selected Device Profile: [Windows]
[2016.11.03-00.59.41:877][  0]LogInit: Applying CVar settings loaded from the selected device profile: [Windows]
[2016.11.03-00.59.41:974][  0]LogInit: Computer: ISIRI
[2016.11.03-00.59.41:974][  0]LogInit: User: icamp
[2016.11.03-00.59.41:974][  0]LogInit: CPU Page size=65536, Cores=2
[2016.11.03-00.59.41:974][  0]LogInit: High frequency timer resolution =2.435882 MHz
[2016.11.03-00.59.41:975][  0]LogMemory: Memory total: Physical=5.9GB (6GB approx)
[2016.11.03-00.59.41:975][  0]LogMemory: Platform Memory Stats for Windows
[2016.11.03-00.59.41:975][  0]LogMemory: Process Physical Memory: 255.92 MB used, 255.92 MB peak
[2016.11.03-00.59.41:975][  0]LogMemory: Process Virtual Memory: 259.70 MB used, 259.70 MB peak
[2016.11.03-00.59.41:975][  0]LogMemory: Physical Memory: 4789.35 MB used, 6004.91 MB total
[2016.11.03-00.59.41:975][  0]LogMemory: Virtual Memory: 621.34 MB used, 134217728.00 MB total
[2016.11.03-00.59.48:644][  0]LogTextLocalizationManager: No specific translations for ('en-US') exist, so ('en') translations will be used.
[2016.11.03-01.00.17:164][  0]LogD3D11RHI: D3D11 adapters:
[2016.11.03-01.00.17:175][  0]LogD3D11RHI:    0. 'Intel(R) HD Graphics 4000' (Feature Level 11_0)
[2016.11.03-01.00.17:175][  0]LogD3D11RHI:       32/0/1760 MB DedicatedVideo/DedicatedSystem/SharedSystem, Outputs:1, VendorId:0x8086
[2016.11.03-01.00.17:179][  0]LogD3D11RHI:    1. 'Microsoft Basic Render Driver' (Feature Level 11_0)
[2016.11.03-01.00.17:179][  0]LogD3D11RHI:       0/0/3002 MB DedicatedVideo/DedicatedSystem/SharedSystem, Outputs:0, VendorId:0x1414
[2016.11.03-01.00.17:179][  0]LogD3D11RHI: Chosen D3D11 Adapter: 0
[2016.11.03-01.00.17:191][  0]LogD3D11RHI: Creating new Direct3DDevice
[2016.11.03-01.00.17:191][  0]LogD3D11RHI:     GPU DeviceId: 0x166 (for the marketing name, search the web for "GPU Device Id")
[2016.11.03-01.00.17:191][  0]LogWindows: EnumDisplayDevices:
[2016.11.03-01.00.17:192][  0]LogWindows:    0. 'Intel(R) HD Graphics 4000' (P:1 D:1)
[2016.11.03-01.00.17:193][  0]LogWindows:    1. 'Intel(R) HD Graphics 4000' (P:0 D:0)
[2016.11.03-01.00.17:193][  0]LogWindows:    2. 'Intel(R) HD Graphics 4000' (P:0 D:0)
[2016.11.03-01.00.17:194][  0]LogWindows: DebugString: FoundDriverCount:3 
[2016.11.03-01.00.17:194][  0]LogD3D11RHI:     Adapter Name: Intel(R) HD Graphics 4000
[2016.11.03-01.00.17:194][  0]LogD3D11RHI:   Driver Version: 10.18.10.4358 (internal:10.18.10.4358, unified:10.18.10.4358)
[2016.11.03-01.00.17:194][  0]LogD3D11RHI:      Driver Date: 12-21-2015
[2016.11.03-01.00.17:194][  0]LogRHI: Texture pool is 638 MB (70% of 912 MB)
[2016.11.03-01.00.17:203][  0]LogD3D11RHI: Async texture creation enabled
[2016.11.03-01.00.17:324][  0]LogD3D11RHI: GPU Timing Frequency: 12.500000 (Debug: 2 0)
[2016.11.03-01.00.17:326][  0]LogShaderCompilers: Guid format shader working directory is -24 characters bigger than the processId version (../../../../../../Users/icamp/Desktop/game3/GameDev-Project-3/classes/Intermediate/Shaders/WorkingDirectory/12076/).
[2016.11.03-01.00.17:346][  0]LogShaderCompilers: Cleaned the shader compiler working directory 'C:/Users/icamp/AppData/Local/Temp/UnrealShaderWorkingDir/333A94164C9F4CAEE0286B990366E980/'.
[2016.11.03-01.00.17:346][  0]LogShaderCompilers:Display: Using Local Shader Compiler.
[2016.11.03-01.00.40:151][  0]LogTemp:Display: Loaded TP AllDesktopTargetPlatform
[2016.11.03-01.00.40:350][  0]LogTemp:Display: Loaded TP WindowsClientTargetPlatform
[2016.11.03-01.00.40:524][  0]LogTemp:Display: Loaded TP WindowsNoEditorTargetPlatform
[2016.11.03-01.00.40:744][  0]LogTemp:Display: Loaded TP WindowsServerTargetPlatform
[2016.11.03-01.00.40:911][  0]LogTemp:Display: Loaded TP WindowsTargetPlatform
[2016.11.03-01.00.41:145][  0]LogTemp:Display: Loaded TP AndroidTargetPlatform
[2016.11.03-01.00.41:369][  0]LogTemp:Display: Loaded TP Android_ASTCTargetPlatform
[2016.11.03-01.00.41:648][  0]LogTemp:Display: Loaded TP Android_ATCTargetPlatform
[2016.11.03-01.00.41:918][  0]LogTemp:Display: Loaded TP Android_DXTTargetPlatform
[2016.11.03-01.00.42:203][  0]LogTemp:Display: Loaded TP Android_ETC1TargetPlatform
[2016.11.03-01.00.42:437][  0]LogTemp:Display: Loaded TP Android_ETC2TargetPlatform
[2016.11.03-01.00.43:029][  0]LogTemp:Display: Loaded TP Android_MultiTargetPlatform
[2016.11.03-01.00.43:029][  0]LogTemp:Display: Loaded TP Android_PVRTCTargetPlatform
[2016.11.03-01.00.43:373][  0]LogTemp:Display: Loaded TP HTML5TargetPlatform
[2016.11.03-01.00.44:368][  0]LogTemp:Display: Loaded TP IOSTargetPlatform
[2016.11.03-01.00.44:532][  0]LogTemp:Display: Loaded TP TVOSTargetPlatform
[2016.11.03-01.00.44:649][  0]LogTemp:Display: Loaded TP LinuxClientTargetPlatform
[2016.11.03-01.00.44:800][  0]LogTemp:Display: Loaded TP LinuxNoEditorTargetPlatform
[2016.11.03-01.00.44:888][  0]LogTemp:Display: Loaded TP LinuxServerTargetPlatform
[2016.11.03-01.00.45:248][  0]LogTemp:Display: Loaded TP LinuxTargetPlatform
[2016.11.03-01.00.45:248][  0]LogTargetPlatformManager:Display: Building Assets For Windows
[2016.11.03-01.00.54:292][  0]LogDerivedDataCache:Display: Max Cache Size: 512 MB
[2016.11.03-01.01.26:111][  0]LogDerivedDataCache: Loaded boot cache 31.81s 62MB C:/Users/icamp/AppData/Local/UnrealEngine/4.13/DerivedDataCache/Boot.ddc.
[2016.11.03-01.01.26:111][  0]LogDerivedDataCache:Display: Loaded Boot cache: C:/Users/icamp/AppData/Local/UnrealEngine/4.13/DerivedDataCache/Boot.ddc
[2016.11.03-01.01.26:112][  0]LogDerivedDataCache: FDerivedDataBackendGraph:  Pak pak cache file ../../../../../../Users/icamp/Desktop/game3/GameDev-Project-3/classes/DerivedDataCache/DDC.ddp not found, will not use a pak cache.
[2016.11.03-01.01.26:112][  0]LogDerivedDataCache: Unable to find inner node Pak for hierarchical cache Hierarchy.
[2016.11.03-01.01.26:112][  0]LogDerivedDataCache: FDerivedDataBackendGraph:  CompressedPak pak cache file ../../../../../../Users/icamp/Desktop/game3/GameDev-Project-3/classes/DerivedDataCache/Compressed.ddp not found, will not use a pak cache.
[2016.11.03-01.01.26:112][  0]LogDerivedDataCache: Unable to find inner node CompressedPak for hierarchical cache Hierarchy.
[2016.11.03-01.01.26:171][  0]LogDerivedDataCache:Display: Pak cache opened for reading ../../../Engine/DerivedDataCache/Compressed.ddp.
[2016.11.03-01.01.26:184][  0]LogDerivedDataCache: Using Local data cache path C:/Users/icamp/AppData/Local/UnrealEngine/Common/DerivedDataCache: Writable
[2016.11.03-01.02.01:469][  0]LogInit: Selected Device Profile: [Windows]
[2016.11.03-01.02.01:605][  0]LogContentStreaming: Texture pool size is 0.00 MB
[2016.11.03-01.02.02:089][  0]LogMeshUtilities: No automatic mesh reduction module available
[2016.11.03-01.02.02:089][  0]LogMeshUtilities: No automatic mesh merging module available
[2016.11.03-01.02.02:089][  0]LogMeshUtilities: No distributed automatic mesh merging module available
[2016.11.03-01.02.02:623][  0]LogMaterial: Uniform references updated for custom material expression Custom.
[2016.11.03-01.02.06:092][  0]LogNetVersion: GetLocalNetworkVersion: CL: 3106830, ProjectName: classsample, ProjectVersion: , EngineNetworkVersion: 1, GameNetworkVersion: 0, NetworkChecksum: 2038946588
[2016.11.03-01.02.06:397][  0]LogAssetRegistry: FAssetRegistry took 0.0225 seconds to start up
[2016.11.03-01.02.06:777][  0]LogPackageLocalizationCache: Processed 3 localized package path(s) for 2 prioritized culture(s) in 0.370330 seconds
[2016.11.03-01.02.06:787][  0]LogUObjectArray: 29778 objects as part of root set at end of initial load.
[2016.11.03-01.02.06:787][  0]LogUObjectAllocator: 6125448 out of 0 bytes used by permanent object pool.
[2016.11.03-01.02.06:787][  0]LogUObjectArray: CloseDisregardForGC: 0/0 objects in disregard for GC pool
[2016.11.03-01.02.06:941][  0]LogInit: WinSock: version 1.1 (2.2), MaxSocks=32767, MaxUdp=65467
[2016.11.03-01.02.32:429][  0]LogSlate: SlateFontCache - WITH_FREETYPE: 1, WITH_HARFBUZZ: 1
[2016.11.03-01.02.32:429][  0]LogSlate: SlateFontCache - WITH_FREETYPE: 1, WITH_HARFBUZZ: 1
[2016.11.03-01.03.29:039][  0]LogTcpMessaging: Initializing TcpMessaging bridge
[2016.11.03-01.03.29:185][  0]LogUdpMessaging: Initializing bridge on interface 0.0.0.0:0 to multicast group 230.0.0.1:6666.
[2016.11.03-01.03.31:525][  0]SourceControl: Info Source control is disabled
[2016.11.03-01.03.33:570][  0]SourceControl: Info Source control is disabled
[2016.11.03-01.03.33:874][  0]SourceControl: Info Source control is disabled
[2016.11.03-01.03.34:022][  0]SourceControl: Info Source control is disabled
[2016.11.03-01.03.39:024][  0]LogEngine: Initializing Engine...
[2016.11.03-01.03.39:025][  0]LogHMD: Failed to initialize OpenVR with code 110
[2016.11.03-01.03.39:686][  0]LogAIModule: Creating AISystem for world Untitled
[2016.11.03-01.03.39:744][  0]LogInit: XAudio2 using 'Speakers (High Definition Audio Device)' : 2 channels at 44.1 kHz using 16 bits per sample (channel mask 0x3)
[2016.11.03-01.03.39:796][  0]LogInit: FAudioDevice initialized.
[2016.11.03-01.03.39:859][  0]LogDerivedDataCache: Saved boot cache 0.06s 62MB C:/Users/icamp/AppData/Local/UnrealEngine/4.13/DerivedDataCache/Boot.ddc.
[2016.11.03-01.03.39:869][  0]LogInit: Texture streaming: Enabled
[2016.11.03-01.03.43:023][  0]LogInit: Transaction tracking system initialized
[2016.11.03-01.03.44:411][  0]BlueprintLog: New page: Editor Load
[2016.11.03-01.03.52:047][  0]LocalizationService: Info Localization service is disabled
[2016.11.03-01.03.55:991][  0]LogConsoleResponse:Display: 
[2016.11.03-01.04.01:231][  0]LogCook:Display: Max memory allowance for cook 16384mb min free memory 0mb
[2016.11.03-01.04.01:231][  0]LogCook:Display: Mobile HDR setting 1
[2016.11.03-01.04.01:613][  0]LogFileCache: Scanning file cache for directory 'C:/Users/icamp/Desktop/game3/GameDev-Project-3/classes/Content/' took 0.02s
[2016.11.03-01.04.09:411][  0]SourceControl: Info Source control is disabled
[2016.11.03-01.05.06:510][  0]LogWindowsTextInputMethodSystem:Display: IME system now deactivated.
[2016.11.03-01.05.06:522][  0]LogWindowsTextInputMethodSystem:Display: IME system now deactivated.
[2016.11.03-01.05.10:324][  0]LogWindowsTextInputMethodSystem:Display: IME system now deactivated.
[2016.11.03-01.05.10:432][  0]LogWindowsTextInputMethodSystem:Display: IME system now deactivated.
[2016.11.03-01.05.10:433][  0]Cmd: MAP LOAD FILE="../../../../../../Users/icamp/Desktop/game3/GameDev-Project-3/classes/Content/ThirdPersonBP/Maps/ThirdPersonExampleMap.umap" TEMPLATE=0 SHOWPROGRESS=1 FEATURELEVEL=3
[2016.11.03-01.05.10:445][  0]LightingResults: New page: Lighting Build
[2016.11.03-01.05.10:451][  0]MapCheck: New page: Map Check
[2016.11.03-01.05.10:452][  0]LightingResults: New page: Lighting Build
[2016.11.03-01.05.13:884][  0]LogAIModule: Creating AISystem for world ThirdPersonExampleMap
[2016.11.03-01.05.14:017][  0]LogEditorServer: Finished looking for orphan Actors (0.000 secs)
[2016.11.03-01.05.14:020][  0]Cmd: MAP CHECKDEP NOCLEARLOG
[2016.11.03-01.05.14:191][  0]MapCheck: Info Map check complete: 0 Error(s), 0 Warning(s), took 170.776ms to complete.
[2016.11.03-01.05.14:191][  0]LogFileHelpers: Loading map 'ThirdPersonExampleMap' took 3.758
[2016.11.03-01.05.14:461][  0]LogStats:Warning: MetaData mismatch. Did you assign a stat to two groups? New //STATGROUP_Threads//SplashScreenThread///Thread_2c80_0///####STATCAT_Advanced#### old //STATGROUP_Threads//SplashScreenThread///Thread_2cf4_0///####STATCAT_Advanced####
[2016.11.03-01.05.14:461][  0]LogCollectionManager: Loaded 0 collections in 0.007424 seconds
[2016.11.03-01.05.14:521][  0]LogFileCache: Scanning file cache for directory 'C:/Users/icamp/Desktop/game3/GameDev-Project-3/classes/Saved/Collections/' took 0.01s
[2016.11.03-01.05.14:521][  0]LogFileCache: Scanning file cache for directory 'C:/Users/icamp/Desktop/game3/GameDev-Project-3/classes/Content/Developers/icamp/Collections/' took 0.01s
[2016.11.03-01.05.14:521][  0]LogFileCache: Scanning file cache for directory 'C:/Users/icamp/Desktop/game3/GameDev-Project-3/classes/Content/Collections/' took 0.01s
[2016.11.03-01.05.14:521][  0]LogCollectionManager: Rebuilt the GUID cache for 0 collections in 0.000016 seconds
[2016.11.03-01.05.14:552][  0]LogContentBrowser: Native class hierarchy populated in 0.0305 seconds. Added 2141 classes and 415 folders.
[2016.11.03-01.05.14:559][  0]LogStats: UGameplayTagsManager::ConstructGameplayTagTree: Construct from data asset -  0.000 s
[2016.11.03-01.05.14:560][  0]LogStats: UGameplayTagsManager::ConstructGameplayTagTree: GameplayTagTreeChangedEvent.Broadcast -  0.000 s
[2016.11.03-01.05.14:561][  0]LogContentBrowser: Native class hierarchy updated for 'GameplayTags' in 0.0009 seconds. Added 12 classes and 0 folders.
[2016.11.03-01.05.14:570][  0]LogContentBrowser: Native class hierarchy updated for 'WidgetCarousel' in 0.0007 seconds. Added 0 classes and 0 folders.
[2016.11.03-01.05.16:329][  0]LogContentBrowser: Native class hierarchy updated for 'AddContentDialog' in 0.0014 seconds. Added 0 classes and 0 folders.
[2016.11.03-01.05.16:888][  0]LogContentBrowser: Native class hierarchy updated for 'SceneOutliner' in 0.0021 seconds. Added 1 classes and 2 folders.
[2016.11.03-01.05.16:997][  0]LogCrashTracker: Crashtracker disabled due to settings.
[2016.11.03-01.05.17:013][  0]LogUObjectGlobals:Warning: Failed to find object 'Class None.'
[2016.11.03-01.05.17:199][  0]LogContentBrowser: Native class hierarchy updated for 'HierarchicalLODOutliner' in 0.0016 seconds. Added 1 classes and 2 folders.
[2016.11.03-01.05.17:199][  0]LogLoad: (Engine Initialization) Total time: 348.13 seconds
[2016.11.03-01.05.17:199][  0]LogLoad: (Engine Initialization) Total Blueprint compile time: 1.09 seconds
[2016.11.03-01.05.17:199][  0]LogExternalProfiler: Found external profiler: VSPerf
[2016.11.03-01.05.17:199][  0]LogExternalProfiler: Using external profiler: VSPerf
[2016.11.03-01.05.17:219][  0]LogOcInput: OculusInput pre-init called
[2016.11.03-01.05.17:259][  0]LogContentStreaming: Texture pool size now 400 MB
[2016.11.03-01.05.17:871][  0]LogRenderer: Reallocating scene render targets to support 784x652 (Frame:2).
[2016.11.03-01.05.18:795][  1]LogEditorViewport: Clicking on Actor (LMB): BP_Sky_Sphere_C (SkySphereBlueprint)
[2016.11.03-01.05.19:571][  3]LogAssetRegistry: Asset discovery search completed in 193.1966 seconds
[2016.11.03-01.05.19:571][  3]LogCollectionManager: Rebuilt the object cache for 0 collections in 0.000002 seconds (found 0 objects)
[2016.11.03-01.05.19:571][  3]LogCollectionManager: Fixed up redirectors for 0 collections in 0.000138 seconds (updated 0 objects)
[2016.11.03-01.26.16:628][782]LogBlueprintUserMessages: Early PlayInEditor Detection: Level '/Game/ThirdPersonBP/Maps/ThirdPersonExampleMap.ThirdPersonExampleMap:PersistentLevel' has LevelScriptBlueprint '/Game/ThirdPersonBP/Maps/ThirdPersonExampleMap.ThirdPersonExampleMap:PersistentLevel.ThirdPersonExampleMap' with GeneratedClass '/Game/ThirdPersonBP/Maps/ThirdPersonExampleMap.ThirdPersonExampleMap_C' with ClassGeneratedBy '/Game/ThirdPersonBP/Maps/ThirdPersonExampleMap.ThirdPersonExampleMap:PersistentLevel.ThirdPersonExampleMap'
[2016.11.03-01.26.16:723][782]LogPlayLevel: PlayLevel: No blueprints needed recompiling
[2016.11.03-01.26.17:158][782]PIE: New page: PIE session: ThirdPersonExampleMap (Nov 2, 2016, 4:26:16 PM)
[2016.11.03-01.26.17:196][782]LogPlayLevel: Creating play world package: /Game/ThirdPersonBP/Maps/UEDPIE_0_ThirdPersonExampleMap
[2016.11.03-01.26.17:453][782]LogPlayLevel: PIE: StaticDuplicateObject took: (0.255122s)
[2016.11.03-01.26.17:461][782]LogAIModule: Creating AISystem for world ThirdPersonExampleMap
[2016.11.03-01.26.17:485][782]LogPlayLevel: PIE: World Init took: (0.032205s)
[2016.11.03-01.26.17:509][782]LogPlayLevel: PIE: Created PIE world by copying editor world from /Game/ThirdPersonBP/Maps/ThirdPersonExampleMap.ThirdPersonExampleMap to /Game/ThirdPersonBP/Maps/UEDPIE_0_ThirdPersonExampleMap.ThirdPersonExampleMap (0.312837s)
[2016.11.03-01.26.18:520][782]LogInit: XAudio2 using 'Speakers (High Definition Audio Device)' : 2 channels at 44.1 kHz using 16 bits per sample (channel mask 0x3)
[2016.11.03-01.26.18:546][782]LogInit: FAudioDevice initialized.
[2016.11.03-01.26.19:352][782]LogWorld: Game class is 'ThirdPersonGameMode_C'
[2016.11.03-01.26.19:607][782]LogWorld: Bringing World /Game/ThirdPersonBP/Maps/UEDPIE_0_ThirdPersonExampleMap.ThirdPersonExampleMap up for play (max tick rate 60) at 2016.11.02-21.26.19
[2016.11.03-01.26.19:838][782]LogWorld: Bringing up level for play took: 0.259282
[2016.11.03-01.26.20:402][782]LogContentBrowser: Native class hierarchy updated for 'MovieSceneCapture' in 0.0032 seconds. Added 11 classes and 0 folders.
[2016.11.03-01.26.20:436][782]LogGameMode:Display: Match State Changed from EnteringMap to WaitingToStart
[2016.11.03-01.26.20:520][782]LogGameState: Match State Changed from EnteringMap to WaitingToStart
[2016.11.03-01.26.20:520][782]LogGameMode:Display: Match State Changed from WaitingToStart to InProgress
[2016.11.03-01.26.20:623][782]LogGameState: Match State Changed from WaitingToStart to InProgress
[2016.11.03-01.26.20:633][782]PIE: Info Play in editor start time for /Game/ThirdPersonBP/Maps/UEDPIE_0_ThirdPersonExampleMap 4.6
[2016.11.03-01.26.20:633][782]LogBlueprintUserMessages: Late PlayInEditor Detection: Level '/Game/ThirdPersonBP/Maps/ThirdPersonExampleMap.ThirdPersonExampleMap:PersistentLevel' has LevelScriptBlueprint '/Game/ThirdPersonBP/Maps/ThirdPersonExampleMap.ThirdPersonExampleMap:PersistentLevel.ThirdPersonExampleMap' with GeneratedClass '/Game/ThirdPersonBP/Maps/ThirdPersonExampleMap.ThirdPersonExampleMap_C' with ClassGeneratedBy '/Game/ThirdPersonBP/Maps/ThirdPersonExampleMap.ThirdPersonExampleMap:PersistentLevel.ThirdPersonExampleMap'
[2016.11.03-01.26.20:964][782]LogBlueprintUserMessages: [ThirdPersonCharacter_167] 60.0
[2016.11.03-01.26.21:818][783]LogBlueprintUserMessages: [ThirdPersonCharacter_167] 60.0
[2016.11.03-01.26.21:857][784]LogBlueprintUserMessages: [ThirdPersonCharacter_167] 60.0
[2016.11.03-01.26.21:909][785]LogBlueprintUserMessages: [ThirdPersonCharacter_167] 60.0
[2016.11.03-01.26.21:967][786]LogBlueprintUserMessages: [ThirdPersonCharacter_167] 60.0
[2016.11.03-01.26.21:986][787]LogBlueprintUserMessages: [ThirdPersonCharacter_167] 60.0
[2016.11.03-01.26.22:004][788]LogBlueprintUserMessages: [ThirdPersonCharacter_167] 60.0
[2016.11.03-01.26.22:022][789]LogBlueprintUserMessages: [ThirdPersonCharacter_167] 60.0
[2016.11.03-01.26.22:039][790]LogBlueprintUserMessages: [ThirdPersonCharacter_167] 60.0
[2016.11.03-01.26.22:055][791]LogBlueprintUserMessages: [ThirdPersonCharacter_167] 60.0
[2016.11.03-01.26.22:072][792]LogBlueprintUserMessages: [ThirdPersonCharacter_167] 60.0
[2016.11.03-01.26.22:089][793]LogBlueprintUserMessages: [ThirdPersonCharacter_167] 60.0
[2016.11.03-01.26.22:105][794]LogBlueprintUserMessages: [ThirdPersonCharacter_167] 60.0
[2016.11.03-01.26.22:122][795]LogBlueprintUserMessages: [ThirdPersonCharacter_167] 60.0
[2016.11.03-01.26.22:138][796]LogBlueprintUserMessages: [ThirdPersonCharacter_167] 60.0
[2016.11.03-01.26.22:156][797]LogBlueprintUserMessages: [ThirdPersonCharacter_167] 60.0
[2016.11.03-01.26.22:172][798]LogBlueprintUserMessages: [ThirdPersonCharacter_167] 60.0
[2016.11.03-01.26.22:188][799]LogBlueprintUserMessages: [ThirdPersonCharacter_167] 60.0
[2016.11.03-01.26.22:206][800]LogBlueprintUserMessages: [ThirdPersonCharacter_167] 60.0
[2016.11.03-01.26.22:222][801]LogBlueprintUserMessages: [ThirdPersonCharacter_167] 60.0
[2016.11.03-01.26.22:239][802]LogBlueprintUserMessages: [ThirdPersonCharacter_167] 60.0
[2016.11.03-01.26.22:256][803]LogBlueprintUserMessages: [ThirdPersonCharacter_167] 60.0
[2016.11.03-01.26.22:272][804]LogBlueprintUserMessages: [ThirdPersonCharacter_167] 60.0
[2016.11.03-01.26.22:289][805]LogBlueprintUserMessages: [ThirdPersonCharacter_167] 60.0
[2016.11.03-01.26.22:306][806]LogBlueprintUserMessages: [ThirdPersonCharacter_167] 60.0
[2016.11.03-01.26.22:361][807]LogBlueprintUserMessages: [ThirdPersonCharacter_167] 60.0
[2016.11.03-01.26.22:377][808]LogBlueprintUserMessages: [ThirdPersonCharacter_167] 60.0
[2016.11.03-01.26.22:394][809]LogBlueprintUserMessages: [ThirdPersonCharacter_167] 60.0
[2016.11.03-01.26.22:436][810]LogBlueprintUserMessages: [ThirdPersonCharacter_167] 60.0
[2016.11.03-01.26.22:446][811]LogBlueprintUserMessages: [ThirdPersonCharacter_167] 60.0
[2016.11.03-01.26.22:462][812]LogBlueprintUserMessages: [ThirdPersonCharacter_167] 60.0
[2016.11.03-01.26.22:479][813]LogBlueprintUserMessages: [ThirdPersonCharacter_167] 60.0
[2016.11.03-01.26.22:496][814]LogBlueprintUserMessages: [ThirdPersonCharacter_167] 60.0
[2016.11.03-01.26.22:512][815]LogBlueprintUserMessages: [ThirdPersonCharacter_167] 60.0
[2016.11.03-01.26.22:529][816]LogBlueprintUserMessages: [ThirdPersonCharacter_167] 60.0
[2016.11.03-01.26.22:545][817]LogBlueprintUserMessages: [ThirdPersonCharacter_167] 60.0
[2016.11.03-01.26.22:563][818]LogBlueprintUserMessages: [ThirdPersonCharacter_167] 60.0
[2016.11.03-01.26.22:579][819]LogBlueprintUserMessages: [ThirdPersonCharacter_167] 60.0
[2016.11.03-01.26.22:596][820]LogBlueprintUserMessages: [ThirdPersonCharacter_167] 60.0
[2016.11.03-01.26.22:613][821]LogBlueprintUserMessages: [ThirdPersonCharacter_167] 60.0
[2016.11.03-01.26.22:629][822]LogBlueprintUserMessages: [ThirdPersonCharacter_167] 60.0
[2016.11.03-01.26.22:646][823]LogBlueprintUserMessages: [ThirdPersonCharacter_167] 60.0
[2016.11.03-01.26.22:662][824]LogBlueprintUserMessages: [ThirdPersonCharacter_167] 60.0
[2016.11.03-01.26.22:679][825]LogBlueprintUserMessages: [ThirdPersonCharacter_167] 60.0
[2016.11.03-01.26.22:696][826]LogBlueprintUserMessages: [ThirdPersonCharacter_167] 60.0
[2016.11.03-01.26.22:713][827]LogBlueprintUserMessages: [ThirdPersonCharacter_167] 60.0
[2016.11.03-01.26.22:730][828]LogBlueprintUserMessages: [ThirdPersonCharacter_167] 60.0
[2016.11.03-01.26.22:746][829]LogBlueprintUserMessages: [ThirdPersonCharacter_167] 60.0
[2016.11.03-01.26.22:763][830]LogBlueprintUserMessages: [ThirdPersonCharacter_167] 60.0
[2016.11.03-01.26.22:779][831]LogBlueprintUserMessages: [ThirdPersonCharacter_167] 60.0
[2016.11.03-01.26.22:797][832]LogBlueprintUserMessages: [ThirdPersonCharacter_167] 60.0
[2016.11.03-01.26.22:815][833]LogBlueprintUserMessages: [ThirdPersonCharacter_167] 60.0
[2016.11.03-01.26.22:835][834]LogBlueprintUserMessages: [ThirdPersonCharacter_167] 60.0
[2016.11.03-01.26.22:851][835]LogBlueprintUserMessages: [ThirdPersonCharacter_167] 60.0
[2016.11.03-01.26.22:868][836]LogBlueprintUserMessages: [ThirdPersonCharacter_167] 60.0
[2016.11.03-01.26.22:884][837]LogBlueprintUserMessages: [ThirdPersonCharacter_167] 60.0
[2016.11.03-01.26.22:901][838]LogBlueprintUserMessages: [ThirdPersonCharacter_167] 60.0
[2016.11.03-01.26.22:918][839]LogBlueprintUserMessages: [ThirdPersonCharacter_167] 60.0
[2016.11.03-01.26.22:934][840]LogBlueprintUserMessages: [ThirdPersonCharacter_167] 60.0
[2016.11.03-01.26.23:002][841]LogBlueprintUserMessages: [ThirdPersonCharacter_167] 60.0
[2016.11.03-01.26.23:011][842]LogBlueprintUserMessages: [ThirdPersonCharacter_167] 60.0
[2016.11.03-01.26.23:029][843]LogBlueprintUserMessages: [ThirdPersonCharacter_167] 60.0
[2016.11.03-01.26.23:046][844]LogBlueprintUserMessages: [ThirdPersonCharacter_167] 60.0
[2016.11.03-01.26.23:062][845]LogBlueprintUserMessages: [ThirdPersonCharacter_167] 60.0
[2016.11.03-01.26.23:078][846]LogBlueprintUserMessages: [ThirdPersonCharacter_167] 60.0
[2016.11.03-01.26.23:095][847]LogBlueprintUserMessages: [ThirdPersonCharacter_167] 60.0
[2016.11.03-01.26.23:111][848]LogBlueprintUserMessages: [ThirdPersonCharacter_167] 60.0
[2016.11.03-01.26.23:128][849]LogBlueprintUserMessages: [ThirdPersonCharacter_167] 60.0
[2016.11.03-01.26.23:145][850]LogBlueprintUserMessages: [ThirdPersonCharacter_167] 60.0
[2016.11.03-01.26.23:162][851]LogBlueprintUserMessages: [ThirdPersonCharacter_167] 60.0
[2016.11.03-01.26.23:178][852]LogBlueprintUserMessages: [ThirdPersonCharacter_167] 60.0
[2016.11.03-01.26.23:195][853]LogBlueprintUserMessages: [ThirdPersonCharacter_167] 60.0
[2016.11.03-01.26.23:212][854]LogBlueprintUserMessages: [ThirdPersonCharacter_167] 60.0
[2016.11.03-01.26.23:229][855]LogBlueprintUserMessages: [ThirdPersonCharacter_167] 60.0
[2016.11.03-01.26.23:246][856]LogBlueprintUserMessages: [ThirdPersonCharacter_167] 60.0
[2016.11.03-01.26.23:263][857]LogBlueprintUserMessages: [ThirdPersonCharacter_167] 60.0
[2016.11.03-01.26.23:279][858]LogBlueprintUserMessages: [ThirdPersonCharacter_167] 60.0
[2016.11.03-01.26.23:295][859]LogBlueprintUserMessages: [ThirdPersonCharacter_167] 60.0
[2016.11.03-01.26.23:312][860]LogBlueprintUserMessages: [ThirdPersonCharacter_167] 60.0
[2016.11.03-01.26.23:328][861]LogBlueprintUserMessages: [ThirdPersonCharacter_167] 60.0
[2016.11.03-01.26.23:347][862]LogBlueprintUserMessages: [ThirdPersonCharacter_167] 60.0
[2016.11.03-01.26.23:366][863]LogBlueprintUserMessages: [ThirdPersonCharacter_167] 60.0
[2016.11.03-01.26.23:382][864]LogBlueprintUserMessages: [ThirdPersonCharacter_167] 60.0
[2016.11.03-01.26.23:398][865]LogBlueprintUserMessages: [ThirdPersonCharacter_167] 60.0
[2016.11.03-01.26.23:414][866]LogBlueprintUserMessages: [ThirdPersonCharacter_167] 60.0
[2016.11.03-01.26.23:432][867]LogBlueprintUserMessages: [ThirdPersonCharacter_167] 60.0
[2016.11.03-01.26.23:448][868]LogBlueprintUserMessages: [ThirdPersonCharacter_167] 60.0
[2016.11.03-01.26.23:465][869]LogBlueprintUserMessages: [ThirdPersonCharacter_167] 60.0
[2016.11.03-01.26.23:482][870]LogBlueprintUserMessages: [ThirdPersonCharacter_167] 60.0
[2016.11.03-01.26.23:498][871]LogBlueprintUserMessages: [ThirdPersonCharacter_167] 60.0
[2016.11.03-01.26.23:515][872]LogBlueprintUserMessages: [ThirdPersonCharacter_167] 60.0
[2016.11.03-01.26.23:532][873]LogBlueprintUserMessages: [ThirdPersonCharacter_167] 60.0
[2016.11.03-01.26.23:548][874]LogBlueprintUserMessages: [ThirdPersonCharacter_167] 60.0
[2016.11.03-01.26.23:566][875]LogBlueprintUserMessages: [ThirdPersonCharacter_167] 60.0
[2016.11.03-01.26.23:582][876]LogBlueprintUserMessages: [ThirdPersonCharacter_167] 60.0
[2016.11.03-01.26.23:599][877]LogBlueprintUserMessages: [ThirdPersonCharacter_167] 60.0
[2016.11.03-01.26.23:615][878]LogBlueprintUserMessages: [ThirdPersonCharacter_167] 60.0
[2016.11.03-01.26.23:632][879]LogBlueprintUserMessages: [ThirdPersonCharacter_167] 60.0
[2016.11.03-01.26.23:649][880]LogBlueprintUserMessages: [ThirdPersonCharacter_167] 60.0
[2016.11.03-01.26.23:666][881]LogBlueprintUserMessages: [ThirdPersonCharacter_167] 60.0
[2016.11.03-01.26.23:683][882]LogBlueprintUserMessages: [ThirdPersonCharacter_167] 60.0
[2016.11.03-01.26.23:700][883]LogBlueprintUserMessages: [ThirdPersonCharacter_167] 60.0
[2016.11.03-01.26.23:717][884]LogBlueprintUserMessages: [ThirdPersonCharacter_167] 60.0
[2016.11.03-01.26.23:733][885]LogBlueprintUserMessages: [ThirdPersonCharacter_167] 60.0
[2016.11.03-01.26.23:750][886]LogBlueprintUserMessages: [ThirdPersonCharacter_167] 60.0
[2016.11.03-01.26.23:767][887]LogBlueprintUserMessages: [ThirdPersonCharacter_167] 60.0
[2016.11.03-01.26.23:784][888]LogBlueprintUserMessages: [ThirdPersonCharacter_167] 60.0
[2016.11.03-01.26.23:800][889]LogBlueprintUserMessages: [ThirdPersonCharacter_167] 60.0
[2016.11.03-01.26.23:817][890]LogBlueprintUserMessages: [ThirdPersonCharacter_167] 60.0
[2016.11.03-01.26.23:833][891]LogBlueprintUserMessages: [ThirdPersonCharacter_167] 60.0
[2016.11.03-01.26.23:849][892]LogBlueprintUserMessages: [ThirdPersonCharacter_167] 60.0
[2016.11.03-01.26.23:866][893]LogBlueprintUserMessages: [ThirdPersonCharacter_167] 60.0
[2016.11.03-01.26.23:883][894]LogBlueprintUserMessages: [ThirdPersonCharacter_167] 60.0
[2016.11.03-01.26.23:900][895]LogBlueprintUserMessages: [ThirdPersonCharacter_167] 60.0
[2016.11.03-01.26.23:916][896]LogBlueprintUserMessages: [ThirdPersonCharacter_167] 60.0
[2016.11.03-01.26.23:933][897]LogBlueprintUserMessages: [ThirdPersonCharacter_167] 60.0
[2016.11.03-01.26.23:950][898]LogBlueprintUserMessages: [ThirdPersonCharacter_167] 60.0
[2016.11.03-01.26.23:967][899]LogBlueprintUserMessages: [ThirdPersonCharacter_167] 60.0
[2016.11.03-01.26.23:983][900]LogBlueprintUserMessages: [ThirdPersonCharacter_167] 60.0
[2016.11.03-01.26.24:000][901]LogBlueprintUserMessages: [ThirdPersonCharacter_167] 60.0
[2016.11.03-01.26.24:017][902]LogBlueprintUserMessages: [ThirdPersonCharacter_167] 60.0
[2016.11.03-01.26.24:033][903]LogBlueprintUserMessages: [ThirdPersonCharacter_167] 60.0
[2016.11.03-01.26.24:051][904]LogBlueprintUserMessages: [ThirdPersonCharacter_167] 60.0
[2016.11.03-01.26.24:067][905]LogBlueprintUserMessages: [ThirdPersonCharacter_167] 60.0
[2016.11.03-01.26.24:084][906]LogBlueprintUserMessages: [ThirdPersonCharacter_167] 60.0
[2016.11.03-01.26.24:101][907]LogBlueprintUserMessages: [ThirdPersonCharacter_167] 60.0
[2016.11.03-01.26.24:118][908]LogBlueprintUserMessages: [ThirdPersonCharacter_167] 60.0
[2016.11.03-01.26.24:134][909]LogBlueprintUserMessages: [ThirdPersonCharacter_167] 60.0
[2016.11.03-01.26.24:151][910]LogBlueprintUserMessages: [ThirdPersonCharacter_167] 60.0
[2016.11.03-01.26.24:167][911]LogBlueprintUserMessages: [ThirdPersonCharacter_167] 60.0
[2016.11.03-01.26.24:184][912]LogBlueprintUserMessages: [ThirdPersonCharacter_167] 60.0
[2016.11.03-01.26.24:200][913]LogBlueprintUserMessages: [ThirdPersonCharacter_167] 60.0
[2016.11.03-01.26.24:217][914]LogBlueprintUserMessages: [ThirdPersonCharacter_167] 60.0
[2016.11.03-01.26.24:234][915]LogBlueprintUserMessages: [ThirdPersonCharacter_167] 60.0
[2016.11.03-01.26.24:250][916]LogBlueprintUserMessages: [ThirdPersonCharacter_167] 60.0
[2016.11.03-01.26.24:267][917]LogBlueprintUserMessages: [ThirdPersonCharacter_167] 60.0
[2016.11.03-01.26.24:284][918]LogBlueprintUserMessages: [ThirdPersonCharacter_167] 60.0
[2016.11.03-01.26.24:301][919]LogBlueprintUserMessages: [ThirdPersonCharacter_167] 60.0
[2016.11.03-01.26.24:317][920]LogBlueprintUserMessages: [ThirdPersonCharacter_167] 60.0
[2016.11.03-01.26.24:334][921]LogBlueprintUserMessages: [ThirdPersonCharacter_167] 60.0
[2016.11.03-01.26.24:350][922]LogBlueprintUserMessages: [ThirdPersonCharacter_167] 60.0
[2016.11.03-01.26.24:367][923]LogBlueprintUserMessages: [ThirdPersonCharacter_167] 60.0
[2016.11.03-01.26.24:384][924]LogBlueprintUserMessages: [ThirdPersonCharacter_167] 60.0
[2016.11.03-01.26.24:401][925]LogBlueprintUserMessages: [ThirdPersonCharacter_167] 60.0
[2016.11.03-01.26.24:417][926]LogBlueprintUserMessages: [ThirdPersonCharacter_167] 60.0
[2016.11.03-01.26.24:433][927]LogBlueprintUserMessages: [ThirdPersonCharacter_167] 60.0
[2016.11.03-01.26.24:450][928]LogBlueprintUserMessages: [ThirdPersonCharacter_167] 60.0
[2016.11.03-01.26.24:467][929]LogBlueprintUserMessages: [ThirdPersonCharacter_167] 60.0
[2016.11.03-01.26.24:483][930]LogBlueprintUserMessages: [ThirdPersonCharacter_167] 60.0
[2016.11.03-01.26.24:500][931]LogBlueprintUserMessages: [ThirdPersonCharacter_167] 60.0
[2016.11.03-01.26.24:517][932]LogBlueprintUserMessages: [ThirdPersonCharacter_167] 60.0
[2016.11.03-01.26.24:533][933]LogBlueprintUserMessages: [ThirdPersonCharacter_167] 60.0
[2016.11.03-01.26.24:550][934]LogBlueprintUserMessages: [ThirdPersonCharacter_167] 60.0
[2016.11.03-01.26.24:566][935]LogBlueprintUserMessages: [ThirdPersonCharacter_167] 60.0
[2016.11.03-01.26.24:583][936]LogBlueprintUserMessages: [ThirdPersonCharacter_167] 60.0
[2016.11.03-01.26.24:600][937]LogBlueprintUserMessages: [ThirdPersonCharacter_167] 60.0
[2016.11.03-01.26.24:617][938]LogBlueprintUserMessages: [ThirdPersonCharacter_167] 60.0
[2016.11.03-01.26.24:633][939]LogBlueprintUserMessages: [ThirdPersonCharacter_167] 60.0
[2016.11.03-01.26.24:650][940]LogBlueprintUserMessages: [ThirdPersonCharacter_167] 60.0
[2016.11.03-01.26.24:667][941]LogBlueprintUserMessages: [ThirdPersonCharacter_167] 60.0
[2016.11.03-01.26.24:683][942]LogBlueprintUserMessages: [ThirdPersonCharacter_167] 60.0
[2016.11.03-01.26.24:700][943]LogBlueprintUserMessages: [ThirdPersonCharacter_167] 60.0
[2016.11.03-01.26.24:717][944]LogBlueprintUserMessages: [ThirdPersonCharacter_167] 60.0
[2016.11.03-01.26.24:734][945]LogBlueprintUserMessages: [ThirdPersonCharacter_167] 60.0
[2016.11.03-01.26.24:750][946]LogBlueprintUserMessages: [ThirdPersonCharacter_167] 60.0
[2016.11.03-01.26.24:766][947]LogBlueprintUserMessages: [ThirdPersonCharacter_167] 60.0
[2016.11.03-01.26.24:784][948]LogBlueprintUserMessages: [ThirdPersonCharacter_167] 60.0
[2016.11.03-01.26.24:800][949]LogBlueprintUserMessages: [ThirdPersonCharacter_167] 60.0
[2016.11.03-01.26.24:817][950]LogBlueprintUserMessages: [ThirdPersonCharacter_167] 60.0
[2016.11.03-01.26.24:833][951]LogBlueprintUserMessages: [ThirdPersonCharacter_167] 60.0
[2016.11.03-01.26.24:850][952]LogBlueprintUserMessages: [ThirdPersonCharacter_167] 60.0
[2016.11.03-01.26.24:867][953]LogBlueprintUserMessages: [ThirdPersonCharacter_167] 60.0
[2016.11.03-01.26.24:884][954]LogBlueprintUserMessages: [ThirdPersonCharacter_167] 60.0
[2016.11.03-01.26.24:900][955]LogBlueprintUserMessages: [ThirdPersonCharacter_167] 60.0
[2016.11.03-01.26.24:917][956]LogBlueprintUserMessages: [ThirdPersonCharacter_167] 60.0
[2016.11.03-01.26.24:934][957]LogBlueprintUserMessages: [ThirdPersonCharacter_167] 60.0
[2016.11.03-01.26.24:950][958]LogBlueprintUserMessages: [ThirdPersonCharacter_167] 60.0
[2016.11.03-01.26.24:967][959]LogBlueprintUserMessages: [ThirdPersonCharacter_167] 60.0
[2016.11.03-01.26.24:983][960]LogBlueprintUserMessages: [ThirdPersonCharacter_167] 60.0
[2016.11.03-01.26.25:000][961]LogBlueprintUserMessages: [ThirdPersonCharacter_167] 60.0
[2016.11.03-01.26.25:016][962]LogBlueprintUserMessages: [ThirdPersonCharacter_167] 60.0
[2016.11.03-01.26.25:034][963]LogBlueprintUserMessages: [ThirdPersonCharacter_167] 60.0
[2016.11.03-01.26.25:050][964]LogBlueprintUserMessages: [ThirdPersonCharacter_167] 60.0
[2016.11.03-01.26.25:067][965]LogBlueprintUserMessages: [ThirdPersonCharacter_167] 60.0
[2016.11.03-01.26.25:084][966]LogBlueprintUserMessages: [ThirdPersonCharacter_167] 60.0
[2016.11.03-01.26.25:100][967]LogBlueprintUserMessages: [ThirdPersonCharacter_167] 60.0
[2016.11.03-01.26.25:117][968]LogBlueprintUserMessages: [ThirdPersonCharacter_167] 60.0
[2016.11.03-01.26.25:133][969]LogBlueprintUserMessages: [ThirdPersonCharacter_167] 60.0
[2016.11.03-01.26.25:150][970]LogBlueprintUserMessages: [ThirdPersonCharacter_167] 60.0
[2016.11.03-01.26.25:167][971]LogBlueprintUserMessages: [ThirdPersonCharacter_167] 60.0
[2016.11.03-01.26.25:183][972]LogBlueprintUserMessages: [ThirdPersonCharacter_167] 60.0
[2016.11.03-01.26.25:200][973]LogBlueprintUserMessages: [ThirdPersonCharacter_167] 60.0
[2016.11.03-01.26.25:217][974]LogBlueprintUserMessages: [ThirdPersonCharacter_167] 60.0
[2016.11.03-01.26.25:233][975]LogBlueprintUserMessages: [ThirdPersonCharacter_167] 60.0
[2016.11.03-01.26.25:250][976]LogBlueprintUserMessages: [ThirdPersonCharacter_167] 60.0
[2016.11.03-01.26.25:267][977]LogBlueprintUserMessages: [ThirdPersonCharacter_167] 60.0
[2016.11.03-01.26.25:283][978]LogBlueprintUserMessages: [ThirdPersonCharacter_167] 60.0
[2016.11.03-01.26.25:300][979]LogBlueprintUserMessages: [ThirdPersonCharacter_167] 60.0
[2016.11.03-01.26.25:316][980]LogBlueprintUserMessages: [ThirdPersonCharacter_167] 60.0
[2016.11.03-01.26.25:333][981]LogBlueprintUserMessages: [ThirdPersonCharacter_167] 60.0
[2016.11.03-01.26.25:350][982]LogBlueprintUserMessages: [ThirdPersonCharacter_167] 60.0
[2016.11.03-01.26.25:367][983]LogBlueprintUserMessages: [ThirdPersonCharacter_167] 60.0
[2016.11.03-01.26.25:384][984]LogBlueprintUserMessages: [ThirdPersonCharacter_167] 60.0
[2016.11.03-01.26.25:400][985]LogBlueprintUserMessages: [ThirdPersonCharacter_167] 60.0
[2016.11.03-01.26.25:417][986]LogBlueprintUserMessages: [ThirdPersonCharacter_167] 60.0
[2016.11.03-01.26.25:433][987]LogBlueprintUserMessages: [ThirdPersonCharacter_167] 60.0
[2016.11.03-01.26.25:450][988]LogBlueprintUserMessages: [ThirdPersonCharacter_167] 60.0
[2016.11.03-01.26.25:467][989]LogBlueprintUserMessages: [ThirdPersonCharacter_167] 60.0
[2016.11.03-01.26.25:484][990]LogBlueprintUserMessages: [ThirdPersonCharacter_167] 60.0
[2016.11.03-01.26.25:500][991]LogBlueprintUserMessages: [ThirdPersonCharacter_167] 60.0
[2016.11.03-01.26.25:518][992]LogBlueprintUserMessages: [ThirdPersonCharacter_167] 60.0
[2016.11.03-01.26.25:534][993]LogBlueprintUserMessages: [ThirdPersonCharacter_167] 60.0
[2016.11.03-01.26.25:550][994]LogBlueprintUserMessages: [ThirdPersonCharacter_167] 60.0
[2016.11.03-01.26.25:567][995]LogBlueprintUserMessages: [ThirdPersonCharacter_167] 60.0
[2016.11.03-01.26.25:584][996]LogBlueprintUserMessages: [ThirdPersonCharacter_167] 60.0
[2016.11.03-01.26.25:601][997]LogBlueprintUserMessages: [ThirdPersonCharacter_167] 60.0
[2016.11.03-01.26.25:617][998]LogBlueprintUserMessages: [ThirdPersonCharacter_167] 60.0
[2016.11.03-01.26.25:634][999]LogBlueprintUserMessages: [ThirdPersonCharacter_167] 60.0
[2016.11.03-01.26.25:650][  0]LogBlueprintUserMessages: [ThirdPersonCharacter_167] 60.0
[2016.11.03-01.26.25:667][  1]LogBlueprintUserMessages: [ThirdPersonCharacter_167] 60.0
[2016.11.03-01.26.25:684][  2]LogBlueprintUserMessages: [ThirdPersonCharacter_167] 60.0
[2016.11.03-01.26.25:700][  3]LogBlueprintUserMessages: [ThirdPersonCharacter_167] 60.0
[2016.11.03-01.26.25:717][  4]LogBlueprintUserMessages: [ThirdPersonCharacter_167] 60.0
[2016.11.03-01.26.25:734][  5]LogBlueprintUserMessages: [ThirdPersonCharacter_167] 60.0
[2016.11.03-01.26.25:750][  6]LogBlueprintUserMessages: [ThirdPersonCharacter_167] 60.0
[2016.11.03-01.26.25:767][  7]LogBlueprintUserMessages: [ThirdPersonCharacter_167] 60.0
[2016.11.03-01.26.25:784][  8]LogBlueprintUserMessages: [ThirdPersonCharacter_167] 60.0
[2016.11.03-01.26.25:800][  9]LogBlueprintUserMessages: [ThirdPersonCharacter_167] 60.0
[2016.11.03-01.26.25:817][ 10]LogBlueprintUserMessages: [ThirdPersonCharacter_167] 60.0
[2016.11.03-01.26.25:833][ 11]LogBlueprintUserMessages: [ThirdPersonCharacter_167] 60.0
[2016.11.03-01.26.25:850][ 12]LogBlueprintUserMessages: [ThirdPersonCharacter_167] 60.0
[2016.11.03-01.26.25:867][ 13]LogBlueprintUserMessages: [ThirdPersonCharacter_167] 60.0
[2016.11.03-01.26.25:883][ 14]LogBlueprintUserMessages: [ThirdPersonCharacter_167] 60.0
[2016.11.03-01.26.25:900][ 15]LogBlueprintUserMessages: [ThirdPersonCharacter_167] 60.0
[2016.11.03-01.26.25:917][ 16]LogBlueprintUserMessages: [ThirdPersonCharacter_167] 60.0
[2016.11.03-01.26.25:934][ 17]LogBlueprintUserMessages: [ThirdPersonCharacter_167] 60.0
[2016.11.03-01.26.25:951][ 18]LogBlueprintUserMessages: [ThirdPersonCharacter_167] 60.0
[2016.11.03-01.26.25:967][ 19]LogBlueprintUserMessages: [ThirdPersonCharacter_167] 60.0
[2016.11.03-01.26.25:984][ 20]LogBlueprintUserMessages: [ThirdPersonCharacter_167] 60.0
[2016.11.03-01.26.26:001][ 21]LogBlueprintUserMessages: [ThirdPersonCharacter_167] 60.0
[2016.11.03-01.26.26:017][ 22]LogBlueprintUserMessages: [ThirdPersonCharacter_167] 60.0
[2016.11.03-01.26.26:033][ 23]LogBlueprintUserMessages: [ThirdPersonCharacter_167] 60.0
[2016.11.03-01.26.26:051][ 24]LogBlueprintUserMessages: [ThirdPersonCharacter_167] 60.0
[2016.11.03-01.26.26:067][ 25]LogBlueprintUserMessages: [ThirdPersonCharacter_167] 60.0
[2016.11.03-01.26.26:083][ 26]LogBlueprintUserMessages: [ThirdPersonCharacter_167] 60.0
[2016.11.03-01.26.26:100][ 27]LogBlueprintUserMessages: [ThirdPersonCharacter_167] 60.0
[2016.11.03-01.26.26:117][ 28]LogBlueprintUserMessages: [ThirdPersonCharacter_167] 60.0
[2016.11.03-01.26.26:134][ 29]LogBlueprintUserMessages: [ThirdPersonCharacter_167] 60.0
[2016.11.03-01.26.26:150][ 30]LogBlueprintUserMessages: [ThirdPersonCharacter_167] 60.0
[2016.11.03-01.26.26:167][ 31]LogBlueprintUserMessages: [ThirdPersonCharacter_167] 60.0
[2016.11.03-01.26.26:184][ 32]LogBlueprintUserMessages: [ThirdPersonCharacter_167] 60.0
[2016.11.03-01.26.26:201][ 33]LogBlueprintUserMessages: [ThirdPersonCharacter_167] 60.0
[2016.11.03-01.26.26:217][ 34]LogBlueprintUserMessages: [ThirdPersonCharacter_167] 60.0
[2016.11.03-01.26.26:234][ 35]LogBlueprintUserMessages: [ThirdPersonCharacter_167] 60.0
[2016.11.03-01.26.26:250][ 36]LogBlueprintUserMessages: [ThirdPersonCharacter_167] 60.0
[2016.11.03-01.26.26:267][ 37]LogBlueprintUserMessages: [ThirdPersonCharacter_167] 60.0
[2016.11.03-01.26.26:283][ 38]LogBlueprintUserMessages: [ThirdPersonCharacter_167] 60.0
[2016.11.03-01.26.26:300][ 39]LogBlueprintUserMessages: [ThirdPersonCharacter_167] 60.0
[2016.11.03-01.26.26:317][ 40]LogBlueprintUserMessages: [ThirdPersonCharacter_167] 60.0
[2016.11.03-01.26.26:333][ 41]LogBlueprintUserMessages: [ThirdPersonCharacter_167] 60.0
[2016.11.03-01.26.26:350][ 42]LogBlueprintUserMessages: [ThirdPersonCharacter_167] 60.0
[2016.11.03-01.26.26:367][ 43]LogBlueprintUserMessages: [ThirdPersonCharacter_167] 60.0
[2016.11.03-01.26.26:384][ 44]LogBlueprintUserMessages: [ThirdPersonCharacter_167] 60.0
[2016.11.03-01.26.26:400][ 45]LogBlueprintUserMessages: [ThirdPersonCharacter_167] 60.0
[2016.11.03-01.26.26:417][ 46]LogBlueprintUserMessages: [ThirdPersonCharacter_167] 60.0
[2016.11.03-01.26.26:434][ 47]LogBlueprintUserMessages: [ThirdPersonCharacter_167] 60.0
[2016.11.03-01.26.26:451][ 48]LogBlueprintUserMessages: [ThirdPersonCharacter_167] 60.0
[2016.11.03-01.26.26:468][ 49]LogBlueprintUserMessages: [ThirdPersonCharacter_167] 60.0
[2016.11.03-01.26.26:484][ 50]LogBlueprintUserMessages: [ThirdPersonCharacter_167] 60.0
[2016.11.03-01.26.26:501][ 51]LogBlueprintUserMessages: [ThirdPersonCharacter_167] 60.0
[2016.11.03-01.26.26:518][ 52]LogBlueprintUserMessages: [ThirdPersonCharacter_167] 60.0
[2016.11.03-01.26.26:534][ 53]LogBlueprintUserMessages: [ThirdPersonCharacter_167] 60.0
[2016.11.03-01.26.26:551][ 54]LogBlueprintUserMessages: [ThirdPersonCharacter_167] 60.0
[2016.11.03-01.26.26:568][ 55]LogBlueprintUserMessages: [ThirdPersonCharacter_167] 60.0
[2016.11.03-01.26.26:584][ 56]LogBlueprintUserMessages: [ThirdPersonCharacter_167] 60.0
[2016.11.03-01.26.26:601][ 57]LogBlueprintUserMessages: [ThirdPersonCharacter_167] 60.0
[2016.11.03-01.26.26:617][ 58]LogBlueprintUserMessages: [ThirdPersonCharacter_167] 60.0
[2016.11.03-01.26.26:634][ 59]LogBlueprintUserMessages: [ThirdPersonCharacter_167] 60.0
[2016.11.03-01.26.26:650][ 60]LogBlueprintUserMessages: [ThirdPersonCharacter_167] 60.0
[2016.11.03-01.26.26:667][ 61]LogBlueprintUserMessages: [ThirdPersonCharacter_167] 60.0
[2016.11.03-01.26.26:683][ 62]LogBlueprintUserMessages: [ThirdPersonCharacter_167] 60.0
[2016.11.03-01.26.26:700][ 63]LogBlueprintUserMessages: [ThirdPersonCharacter_167] 60.0
[2016.11.03-01.26.26:717][ 64]LogBlueprintUserMessages: [ThirdPersonCharacter_167] 60.0
[2016.11.03-01.26.26:733][ 65]LogBlueprintUserMessages: [ThirdPersonCharacter_167] 60.0
[2016.11.03-01.26.26:750][ 66]LogBlueprintUserMessages: [ThirdPersonCharacter_167] 60.0
[2016.11.03-01.26.26:768][ 67]LogBlueprintUserMessages: [ThirdPersonCharacter_167] 60.0
[2016.11.03-01.26.26:783][ 68]LogBlueprintUserMessages: [ThirdPersonCharacter_167] 60.0
[2016.11.03-01.26.26:800][ 69]LogBlueprintUserMessages: [ThirdPersonCharacter_167] 60.0
[2016.11.03-01.26.26:817][ 70]LogBlueprintUserMessages: [ThirdPersonCharacter_167] 60.0
[2016.11.03-01.26.26:834][ 71]LogBlueprintUserMessages: [ThirdPersonCharacter_167] 60.0
[2016.11.03-01.26.26:850][ 72]LogBlueprintUserMessages: [ThirdPersonCharacter_167] 60.0
[2016.11.03-01.26.26:867][ 73]LogBlueprintUserMessages: [ThirdPersonCharacter_167] 60.0
[2016.11.03-01.26.26:884][ 74]LogBlueprintUserMessages: [ThirdPersonCharacter_167] 60.0
[2016.11.03-01.26.26:901][ 75]LogBlueprintUserMessages: [ThirdPersonCharacter_167] 60.0
[2016.11.03-01.26.26:918][ 76]LogBlueprintUserMessages: [ThirdPersonCharacter_167] 60.0
[2016.11.03-01.26.26:934][ 77]LogBlueprintUserMessages: [ThirdPersonCharacter_167] 60.0
[2016.11.03-01.26.26:950][ 78]LogBlueprintUserMessages: [ThirdPersonCharacter_167] 60.0
[2016.11.03-01.26.26:967][ 79]LogBlueprintUserMessages: [ThirdPersonCharacter_167] 60.0
[2016.11.03-01.26.26:984][ 80]LogBlueprintUserMessages: [ThirdPersonCharacter_167] 60.0
[2016.11.03-01.26.27:000][ 81]LogBlueprintUserMessages: [ThirdPersonCharacter_167] 60.0
[2016.11.03-01.26.27:017][ 82]LogBlueprintUserMessages: [ThirdPersonCharacter_167] 60.0
[2016.11.03-01.26.27:034][ 83]LogBlueprintUserMessages: [ThirdPersonCharacter_167] 60.0
[2016.11.03-01.26.27:050][ 84]LogBlueprintUserMessages: [ThirdPersonCharacter_167] 60.0
[2016.11.03-01.26.27:067][ 85]LogBlueprintUserMessages: [ThirdPersonCharacter_167] 60.0
[2016.11.03-01.26.27:084][ 86]LogBlueprintUserMessages: [ThirdPersonCharacter_167] 60.0
[2016.11.03-01.26.27:100][ 87]LogBlueprintUserMessages: [ThirdPersonCharacter_167] 60.0
[2016.11.03-01.26.27:117][ 88]LogBlueprintUserMessages: [ThirdPersonCharacter_167] 60.0
[2016.11.03-01.26.27:134][ 89]LogBlueprintUserMessages: [ThirdPersonCharacter_167] 60.0
[2016.11.03-01.26.27:150][ 90]LogBlueprintUserMessages: [ThirdPersonCharacter_167] 60.0
[2016.11.03-01.26.27:167][ 91]LogBlueprintUserMessages: [ThirdPersonCharacter_167] 60.0
[2016.11.03-01.26.27:184][ 92]LogBlueprintUserMessages: [ThirdPersonCharacter_167] 60.0
[2016.11.03-01.26.27:200][ 93]LogBlueprintUserMessages: [ThirdPersonCharacter_167] 60.0
[2016.11.03-01.26.27:217][ 94]LogBlueprintUserMessages: [ThirdPersonCharacter_167] 60.0
[2016.11.03-01.26.27:234][ 95]LogBlueprintUserMessages: [ThirdPersonCharacter_167] 60.0
[2016.11.03-01.26.27:250][ 96]LogBlueprintUserMessages: [ThirdPersonCharacter_167] 60.0
[2016.11.03-01.26.27:267][ 97]LogBlueprintUserMessages: [ThirdPersonCharacter_167] 60.0
[2016.11.03-01.26.27:283][ 98]LogBlueprintUserMessages: [ThirdPersonCharacter_167] 60.0
[2016.11.03-01.26.27:300][ 99]LogBlueprintUserMessages: [ThirdPersonCharacter_167] 60.0
[2016.11.03-01.26.27:317][100]LogBlueprintUserMessages: [ThirdPersonCharacter_167] 60.0
[2016.11.03-01.26.27:334][101]LogBlueprintUserMessages: [ThirdPersonCharacter_167] 60.0
[2016.11.03-01.26.27:351][102]LogBlueprintUserMessages: [ThirdPersonCharacter_167] 60.0
[2016.11.03-01.26.27:367][103]LogBlueprintUserMessages: [ThirdPersonCharacter_167] 60.0
[2016.11.03-01.26.27:384][104]LogBlueprintUserMessages: [ThirdPersonCharacter_167] 60.0
[2016.11.03-01.26.27:400][105]LogBlueprintUserMessages: [ThirdPersonCharacter_167] 60.0
[2016.11.03-01.26.27:417][106]LogBlueprintUserMessages: [ThirdPersonCharacter_167] 60.0
[2016.11.03-01.26.27:434][107]LogBlueprintUserMessages: [ThirdPersonCharacter_167] 60.0
[2016.11.03-01.26.27:450][108]LogBlueprintUserMessages: [ThirdPersonCharacter_167] 60.0
[2016.11.03-01.26.27:467][109]LogBlueprintUserMessages: [ThirdPersonCharacter_167] 60.0
[2016.11.03-01.26.27:484][110]LogBlueprintUserMessages: [ThirdPersonCharacter_167] 60.0
[2016.11.03-01.26.27:583][111]LogBlueprintUserMessages: [ThirdPersonCharacter_167] 60.0
[2016.11.03-01.26.27:584][111]LogBlueprintUserMessages: Early EndPlayMap Detection: Level '/Game/ThirdPersonBP/Maps/ThirdPersonExampleMap.ThirdPersonExampleMap:PersistentLevel' has LevelScriptBlueprint '/Game/ThirdPersonBP/Maps/ThirdPersonExampleMap.ThirdPersonExampleMap:PersistentLevel.ThirdPersonExampleMap' with GeneratedClass '/Game/ThirdPersonBP/Maps/ThirdPersonExampleMap.ThirdPersonExampleMap_C' with ClassGeneratedBy '/Game/ThirdPersonBP/Maps/ThirdPersonExampleMap.ThirdPersonExampleMap:PersistentLevel.ThirdPersonExampleMap'
[2016.11.03-01.26.28:587][111]LogBlueprintUserMessages: Late EndPlayMap Detection: Level '/Game/ThirdPersonBP/Maps/ThirdPersonExampleMap.ThirdPersonExampleMap:PersistentLevel' has LevelScriptBlueprint '/Game/ThirdPersonBP/Maps/ThirdPersonExampleMap.ThirdPersonExampleMap:PersistentLevel.ThirdPersonExampleMap' with GeneratedClass '/Game/ThirdPersonBP/Maps/ThirdPersonExampleMap.ThirdPersonExampleMap_C' with ClassGeneratedBy '/Game/ThirdPersonBP/Maps/ThirdPersonExampleMap.ThirdPersonExampleMap:PersistentLevel.ThirdPersonExampleMap'
[2016.11.03-01.26.31:789][135]Cmd: QUIT_EDITOR
[2016.11.03-01.26.32:570][135]LogWindowsTextInputMethodSystem:Display: IME system now deactivated.
[2016.11.03-01.26.32:717][135]LogExit: Preparing to exit.
[2016.11.03-01.26.33:937][135]LogDirectoryWatcher: A directory notification for 'C:/Users/icamp/Desktop/game3/GameDev-Project-3/classes/Content/' was aborted.
[2016.11.03-01.26.34:278][135]LogExit: Editor shut down
[2016.11.03-01.26.34:281][135]LogExit: Transaction tracking system shut down
[2016.11.03-01.26.36:739][135]LogObj: Freed 0b from 0 cluster array pools.
[2016.11.03-01.26.36:740][135]LogExit: Object subsystem successfully closed.
[2016.11.03-01.26.37:021][135]LogD3D11RHI: Shutdown
[2016.11.03-01.26.37:021][135]LogD3D11RHI: CleanupD3DDevice
[2016.11.03-01.26.37:268][135]LogD3D11RHI: ~FD3D11DynamicRHI
[2016.11.03-01.26.38:788][135]LogModuleManager: Shutting down and abandoning module MovieSceneCapture (234)
[2016.11.03-01.26.38:788][135]LogModuleManager: Shutting down and abandoning module HierarchicalLODOutliner (233)
[2016.11.03-01.26.38:788][135]LogModuleManager: Shutting down and abandoning module CrashTracker (232)
[2016.11.03-01.26.38:789][135]LogModuleManager: Shutting down and abandoning module SceneOutliner (231)
[2016.11.03-01.26.38:789][135]LogModuleManager: Shutting down and abandoning module WidgetCarousel (230)
[2016.11.03-01.26.38:789][135]LogModuleManager: Shutting down and abandoning module AddContentDialog (229)
[2016.11.03-01.26.38:833][135]LogDirectoryWatcher: A directory notification for 'C:/Program Files (x86)/Epic Games/4.13/FeaturePacks/' was aborted.
[2016.11.03-01.26.38:846][135]LogModuleManager: Shutting down and abandoning module GameplayTags (228)
[2016.11.03-01.26.38:846][135]LogModuleManager: Shutting down and abandoning module EditorWidgets (227)
[2016.11.03-01.26.38:846][135]LogModuleManager: Shutting down and abandoning module CollectionManager (226)
[2016.11.03-01.26.38:847][135]LogDirectoryWatcher: A directory notification for 'C:/Users/icamp/Desktop/game3/GameDev-Project-3/classes/Content/Collections/' was aborted.
[2016.11.03-01.26.38:847][135]LogDirectoryWatcher: A directory notification for 'C:/Users/icamp/Desktop/game3/GameDev-Project-3/classes/Content/Developers/icamp/Collections/' was aborted.
[2016.11.03-01.26.38:847][135]LogDirectoryWatcher: A directory notification for 'C:/Users/icamp/Desktop/game3/GameDev-Project-3/classes/Saved/Collections/' was aborted.
[2016.11.03-01.26.38:847][135]LogModuleManager: Shutting down and abandoning module StatsViewer (225)
[2016.11.03-01.26.38:868][135]LogModuleManager: Shutting down and abandoning module FoliageEdit (224)
[2016.11.03-01.26.38:868][135]LogModuleManager: Shutting down and abandoning module LandscapeEditor (223)
[2016.11.03-01.26.38:887][135]LogModuleManager: Shutting down and abandoning module SceneDepthPickerMode (222)
[2016.11.03-01.26.38:887][135]LogModuleManager: Shutting down and abandoning module ActorPickerMode (221)
[2016.11.03-01.26.38:887][135]LogModuleManager: Shutting down and abandoning module GeometryMode (220)
[2016.11.03-01.26.38:887][135]LogModuleManager: Shutting down and abandoning module TextureAlignMode (219)
[2016.11.03-01.26.38:887][135]LogModuleManager: Shutting down and abandoning module BspMode (218)
[2016.11.03-01.26.38:887][135]LogModuleManager: Shutting down and abandoning module HardwareSurvey (217)
[2016.11.03-01.26.38:888][135]LogModuleManager: Shutting down and abandoning module SequenceRecorderSections (216)
[2016.11.03-01.26.38:888][135]LogModuleManager: Shutting down and abandoning module SequenceRecorder (215)
[2016.11.03-01.26.38:897][135]LogModuleManager: Shutting down and abandoning module AutomationWorker (214)
[2016.11.03-01.26.38:897][135]LogModuleManager: Shutting down and abandoning module MatineeToLevelSequence (213)
[2016.11.03-01.26.38:897][135]LogModuleManager: Shutting down and abandoning module PlacementMode (212)
[2016.11.03-01.26.38:897][135]LogModuleManager: Shutting down and abandoning module LevelSequenceEditor (211)
[2016.11.03-01.26.38:933][135]LogModuleManager: Shutting down and abandoning module WmfMediaFactory (210)
[2016.11.03-01.26.38:933][135]LogModuleManager: Shutting down and abandoning module WmfMediaEditor (209)
[2016.11.03-01.26.38:933][135]LogModuleManager: Shutting down and abandoning module AvfMediaFactory (208)
[2016.11.03-01.26.38:933][135]LogModuleManager: Shutting down and abandoning module AvfMediaEditor (207)
[2016.11.03-01.26.38:933][135]LogModuleManager: Shutting down and abandoning module Media (206)
[2016.11.03-01.26.38:933][135]LogModuleManager: Shutting down and abandoning module AndroidMediaFactory (205)
[2016.11.03-01.26.38:933][135]LogModuleManager: Shutting down and abandoning module AndroidMediaEditor (204)
[2016.11.03-01.26.38:933][135]LogModuleManager: Shutting down and abandoning module CharacterAI (203)
[2016.11.03-01.26.38:933][135]LogModuleManager: Shutting down and abandoning module SmartSnapping (202)
[2016.11.03-01.26.38:933][135]LogModuleManager: Shutting down and abandoning module SessionServices (201)
[2016.11.03-01.26.38:933][135]LogModuleManager: Shutting down and abandoning module ViewportSnapping (200)
[2016.11.03-01.26.38:933][135]LogModuleManager: Shutting down and abandoning module ViewportInteraction (199)
[2016.11.03-01.26.38:933][135]LogModuleManager: Shutting down and abandoning module LogVisualizer (198)
[2016.11.03-01.26.38:934][135]LogModuleManager: Shutting down and abandoning module GameProjectGeneration (197)
[2016.11.03-01.26.38:969][135]LogModuleManager: Shutting down and abandoning module IntroTutorials (196)
[2016.11.03-01.26.38:983][135]LogModuleManager: Shutting down and abandoning module EditorLiveStreaming (195)
[2016.11.03-01.26.38:983][135]LogModuleManager: Shutting down and abandoning module IOSPlatformEditor (194)
[2016.11.03-01.26.38:984][135]LogModuleManager: Shutting down and abandoning module HTML5PlatformEditor (193)
[2016.11.03-01.26.38:984][135]LogModuleManager: Shutting down and abandoning module AndroidDeviceDetection (192)
[2016.11.03-01.26.39:038][135]LogModuleManager: Shutting down and abandoning module AndroidPlatformEditor (191)
[2016.11.03-01.26.39:038][135]LogModuleManager: Shutting down and abandoning module IOSRuntimeSettings (190)
[2016.11.03-01.26.39:038][135]LogModuleManager: Shutting down and abandoning module AndroidRuntimeSettings (189)
[2016.11.03-01.26.39:038][135]LogModuleManager: Shutting down and abandoning module NiagaraEditor (188)
[2016.11.03-01.26.39:068][135]LogModuleManager: Shutting down and abandoning module MergeActors (187)
[2016.11.03-01.26.39:068][135]LogModuleManager: Shutting down and abandoning module SizeMap (186)
[2016.11.03-01.26.39:068][135]LogModuleManager: Shutting down and abandoning module TreeMap (185)
[2016.11.03-01.26.39:082][135]LogModuleManager: Shutting down and abandoning module ReferenceViewer (184)
[2016.11.03-01.26.39:082][135]LogModuleManager: Shutting down and abandoning module LocalizationService (183)
[2016.11.03-01.26.39:095][135]LogModuleManager: Shutting down and abandoning module LocalizationDashboard (182)
[2016.11.03-01.26.39:115][135]LogModuleManager: Shutting down and abandoning module HardwareTargeting (181)
[2016.11.03-01.26.39:122][135]LogModuleManager: Shutting down and abandoning module DeviceProfileEditor (180)
[2016.11.03-01.26.39:139][135]LogModuleManager: Shutting down and abandoning module UndoHistory (179)
[2016.11.03-01.26.39:155][135]LogModuleManager: Shutting down and abandoning module UserFeedback (178)
[2016.11.03-01.26.39:155][135]LogModuleManager: Shutting down and abandoning module XmlParser (177)
[2016.11.03-01.26.39:172][135]LogModuleManager: Shutting down and abandoning module Blutility (176)
[2016.11.03-01.26.39:188][135]LogModuleManager: Shutting down and abandoning module ProjectTargetPlatformEditor (175)
[2016.11.03-01.26.39:206][135]LogModuleManager: Shutting down and abandoning module ProjectSettingsViewer (174)
[2016.11.03-01.26.39:206][135]LogModuleManager: Shutting down and abandoning module InputBindingEditor (173)
[2016.11.03-01.26.39:252][135]LogModuleManager: Shutting down and abandoning module EditorSettingsViewer (172)
[2016.11.03-01.26.39:252][135]LogModuleManager: Shutting down and abandoning module SettingsEditor (171)
[2016.11.03-01.26.39:283][135]LogModuleManager: Shutting down and abandoning module ProjectLauncher (170)
[2016.11.03-01.26.39:319][135]LogModuleManager: Shutting down and abandoning module SessionFrontend (169)
[2016.11.03-01.26.39:342][135]LogModuleManager: Shutting down and abandoning module ProfilerClient (168)
[2016.11.03-01.26.39:373][135]LogModuleManager: Shutting down and abandoning module TargetDeviceServices (167)
[2016.11.03-01.26.39:387][135]LogModuleManager: Shutting down and abandoning module DeviceManager (166)
[2016.11.03-01.26.39:457][135]LogModuleManager: Shutting down and abandoning module AutomationController (165)
[2016.11.03-01.26.39:468][135]LogModuleManager: Shutting down and abandoning module AutomationWindow (164)
[2016.11.03-01.26.39:506][135]LogModuleManager: Shutting down and abandoning module Layers (163)
[2016.11.03-01.26.39:540][135]LogModuleManager: Shutting down and abandoning module ComponentVisualizers (162)
[2016.11.03-01.26.39:540][135]LogModuleManager: Shutting down and abandoning module DetailCustomizations (161)
[2016.11.03-01.26.39:579][135]LogModuleManager: Shutting down and abandoning module PackagesDialog (160)
[2016.11.03-01.26.39:604][135]LogModuleManager: Shutting down and abandoning module AnimGraph (159)
[2016.11.03-01.26.39:623][135]LogModuleManager: Shutting down and abandoning module Persona (158)
[2016.11.03-01.26.39:685][135]LogModuleManager: Shutting down and abandoning module Kismet (157)
[2016.11.03-01.26.39:703][135]LogModuleManager: Shutting down and abandoning module GraphEditor (156)
[2016.11.03-01.26.39:761][135]LogModuleManager: Shutting down and abandoning module ClassViewer (155)
[2016.11.03-01.26.39:777][135]LogModuleManager: Shutting down and abandoning module Toolbox (154)
[2016.11.03-01.26.39:791][135]LogModuleManager: Shutting down and abandoning module ModuleUI (153)
[2016.11.03-01.26.39:810][135]LogModuleManager: Shutting down and abandoning module MovieSceneTools (152)
[2016.11.03-01.26.39:849][135]LogModuleManager: Shutting down and abandoning module OutputLog (151)
[2016.11.03-01.26.39:856][135]LogModuleManager: Shutting down and abandoning module GammaUI (150)
[2016.11.03-01.26.39:870][135]LogModuleManager: Shutting down and abandoning module Documentation (149)
[2016.11.03-01.26.39:870][135]LogModuleManager: Shutting down and abandoning module Niagara (148)
[2016.11.03-01.26.39:878][135]LogModuleManager: Shutting down and abandoning module StreamingPauseRendering (147)
[2016.11.03-01.26.39:878][135]LogModuleManager: Shutting down and abandoning module AnalyticsET (146)
[2016.11.03-01.26.39:878][135]LogModuleManager: Shutting down and abandoning module PortalServices (145)
[2016.11.03-01.26.39:878][135]LogModuleManager: Shutting down and abandoning module PortalRpc (144)
[2016.11.03-01.26.39:878][135]LogModuleManager: Shutting down and abandoning module MessagingRpc (143)
[2016.11.03-01.26.39:878][135]LogModuleManager: Shutting down and abandoning module GameplayDebugger (142)
[2016.11.03-01.26.39:902][135]LogModuleManager: Shutting down and abandoning module AITestSuite (141)
[2016.11.03-01.26.39:909][135]LogModuleManager: Shutting down and abandoning module AIModule (140)
[2016.11.03-01.26.39:909][135]LogModuleManager: Shutting down and abandoning module ProfilerService (139)
[2016.11.03-01.26.40:140][135]LogModuleManager: Shutting down and abandoning module TaskGraph (138)
[2016.11.03-01.26.40:165][135]LogModuleManager: Shutting down and abandoning module SlateRemote (137)
[2016.11.03-01.26.40:165][135]LogModuleManager: Shutting down and abandoning module SteamVRController (136)
[2016.11.03-01.26.40:165][135]LogModuleManager: Shutting down and abandoning module SteamVR (135)
[2016.11.03-01.26.40:165][135]LogModuleManager: Shutting down and abandoning module ProceduralMeshComponentEditor (134)
[2016.11.03-01.26.40:181][135]LogModuleManager: Shutting down and abandoning module ProceduralMeshComponent (133)
[2016.11.03-01.26.40:182][135]LogModuleManager: Shutting down and abandoning module OculusLibrary (132)
[2016.11.03-01.26.40:182][135]LogModuleManager: Shutting down and abandoning module OculusInput (131)
[2016.11.03-01.26.40:182][135]LogModuleManager: Shutting down and abandoning module CustomMeshComponent (130)
[2016.11.03-01.26.40:182][135]LogModuleManager: Shutting down and abandoning module CableComponent (129)
[2016.11.03-01.26.40:182][135]LogModuleManager: Shutting down and abandoning module ArchVisCharacter (128)
[2016.11.03-01.26.40:182][135]LogModuleManager: Shutting down and abandoning module MediaPlayerEditor (126)
[2016.11.03-01.26.40:220][135]LogModuleManager: Shutting down and abandoning module HTML5Networking (125)
[2016.11.03-01.26.40:220][135]LogModuleManager: Shutting down and abandoning module GeometryCacheEd (124)
[2016.11.03-01.26.40:220][135]LogModuleManager: Shutting down and abandoning module GeometryCache (123)
[2016.11.03-01.26.40:220][135]LogModuleManager: Shutting down and abandoning module AlembicLibrary (122)
[2016.11.03-01.26.40:220][135]LogModuleManager: Shutting down and abandoning module AlembicImporter (121)
[2016.11.03-01.26.40:237][135]LogModuleManager: Shutting down and abandoning module SuperSearch (120)
[2016.11.03-01.26.40:237][135]LogModuleManager: Shutting down and abandoning module SuperSearchEditor (119)
[2016.11.03-01.26.40:237][135]LogModuleManager: Shutting down and abandoning module SpeedTreeImporter (118)
[2016.11.03-01.26.40:237][135]LogModuleManager: Shutting down and abandoning module PluginBrowser (117)
[2016.11.03-01.26.40:250][135]LogModuleManager: Shutting down and abandoning module MobileLauncherProfileWizard (116)
[2016.11.03-01.26.40:265][135]LogModuleManager: Shutting down and abandoning module EpicSurvey (115)
[2016.11.03-01.26.40:278][135]LogModuleManager: Shutting down and abandoning module DesktopPlatform (114)
[2016.11.03-01.26.40:286][135]LogModuleManager: Shutting down and abandoning module VisualStudioSourceCodeAccess (113)
[2016.11.03-01.26.40:296][135]LogModuleManager: Shutting down and abandoning module UObjectPlugin (112)
[2016.11.03-01.26.40:296][135]LogModuleManager: Shutting down and abandoning module SubversionSourceControl (111)
[2016.11.03-01.26.40:308][135]LogModuleManager: Shutting down and abandoning module PerforceSourceControl (110)
[2016.11.03-01.26.40:321][135]LogModuleManager: Shutting down and abandoning module SourceControl (109)
[2016.11.03-01.26.40:333][135]LogModuleManager: Shutting down and abandoning module GitSourceControl (108)
[2016.11.03-01.26.40:355][135]LogModuleManager: Shutting down and abandoning module LightPropagationVolumeEditor (107)
[2016.11.03-01.26.40:355][135]LogModuleManager: Shutting down and abandoning module PaperTiledImporter (106)
[2016.11.03-01.26.40:372][135]LogModuleManager: Shutting down and abandoning module PaperSpriteSheetImporter (105)
[2016.11.03-01.26.40:372][135]LogModuleManager: Shutting down and abandoning module MeshPaint (104)
[2016.11.03-01.26.40:372][135]LogModuleManager: Shutting down and abandoning module FbxAutomationBuilderModule (103)
[2016.11.03-01.26.40:387][135]LogModuleManager: Shutting down and abandoning module PixelInspectorModule (102)
[2016.11.03-01.26.40:401][135]LogModuleManager: Shutting down and abandoning module HotReload (101)
[2016.11.03-01.26.40:420][135]LogModuleManager: Shutting down and abandoning module MainFrame (100)
[2016.11.03-01.26.40:420][135]LogModuleManager: Shutting down and abandoning module LevelEditor (99)
[2016.11.03-01.26.40:422][135]LogModuleManager: Shutting down and abandoning module ContentBrowser (98)
[2016.11.03-01.26.40:426][135]LogModuleManager: Shutting down and abandoning module Paper2DEditor (97)
[2016.11.03-01.26.40:470][135]LogModuleManager: Shutting down and abandoning module UdpMessaging (96)
[2016.11.03-01.26.40:570][135]LogModuleManager: Shutting down and abandoning module TcpMessaging (95)
[2016.11.03-01.26.40:689][135]LogModuleManager: Shutting down and abandoning module LightPropagationVolumeRuntime (94)
[2016.11.03-01.26.40:689][135]LogModuleManager: Shutting down and abandoning module Paper2D (93)
[2016.11.03-01.26.40:710][135]LogModuleManager: Shutting down and abandoning module WindowsMoviePlayer (92)
[2016.11.03-01.26.40:736][135]LogModuleManager: Shutting down and abandoning module WmfMedia (91)
[2016.11.03-01.26.40:752][135]LogModuleManager: Shutting down and abandoning module MediaAssets (90)
[2016.11.03-01.26.40:752][135]LogModuleManager: Shutting down and abandoning module GameLiveStreaming (89)
[2016.11.03-01.26.40:771][135]LogModuleManager: Shutting down and abandoning module GameplayTagsEditor (88)
[2016.11.03-01.26.40:787][135]LogModuleManager: Shutting down and abandoning module VREditor (87)
[2016.11.03-01.26.40:788][135]LogModuleManager: Shutting down and abandoning module GameplayTasksEditor (86)
[2016.11.03-01.26.40:788][135]LogModuleManager: Shutting down and abandoning module PropertyEditor (85)
[2016.11.03-01.26.40:788][135]LogModuleManager: Shutting down and abandoning module BehaviorTreeEditor (84)
[2016.11.03-01.26.40:818][135]LogModuleManager: Shutting down and abandoning module FunctionalTesting (83)
[2016.11.03-01.26.40:819][135]LogModuleManager: Shutting down and abandoning module CollisionAnalyzer (82)
[2016.11.03-01.26.40:885][135]LogModuleManager: Shutting down and abandoning module Sequencer (81)
[2016.11.03-01.26.41:034][135]LogModuleManager: Shutting down and abandoning module WorkspaceMenuStructure (80)
[2016.11.03-01.26.41:034][135]LogModuleManager: Shutting down and abandoning module MessageLog (79)
[2016.11.03-01.26.41:034][135]LogModuleManager: Shutting down and abandoning module AssetTools (78)
[2016.11.03-01.26.41:132][135]LogModuleManager: Shutting down and abandoning module UMGEditor (77)
[2016.11.03-01.26.41:179][135]LogModuleManager: Shutting down and abandoning module UMG (76)
[2016.11.03-01.26.41:202][135]LogModuleManager: Shutting down and abandoning module SlateReflector (75)
[2016.11.03-01.26.41:246][135]LogModuleManager: Shutting down and abandoning module Slate (74)
[2016.11.03-01.26.41:246][135]LogModuleManager: Shutting down and abandoning module EditorStyle (73)
[2016.11.03-01.26.41:257][135]LogModuleManager: Shutting down and abandoning module SourceCodeAccess (72)
[2016.11.03-01.26.41:257][135]LogModuleManager: Shutting down and abandoning module HeadMountedDisplay (71)
[2016.11.03-01.26.41:257][135]LogModuleManager: Shutting down and abandoning module XAudio2 (70)
[2016.11.03-01.26.41:257][135]LogModuleManager: Shutting down and abandoning module Networking (68)
[2016.11.03-01.26.41:257][135]LogModuleManager: Shutting down and abandoning module Core (67)
[2016.11.03-01.26.41:257][135]LogModuleManager: Shutting down and abandoning module DirectoryWatcher (66)
[2016.11.03-01.26.41:257][135]LogDirectoryWatcher: A directory notification for '../../../Engine/Content/' was aborted.
[2016.11.03-01.26.41:259][135]LogDirectoryWatcher: A directory notification for '../../../../../../Users/icamp/Desktop/game3/GameDev-Project-3/classes/Content/' was aborted.
[2016.11.03-01.26.41:261][135]LogDirectoryWatcher: A directory notification for '../../../Engine/Plugins/2D/Paper2D/Content/' was aborted.
[2016.11.03-01.26.41:271][135]LogModuleManager: Shutting down and abandoning module AssetRegistry (65)
[2016.11.03-01.26.41:471][135]LogModuleManager: Shutting down and abandoning module KismetCompiler (64)
[2016.11.03-01.26.41:471][135]LogModuleManager: Shutting down and abandoning module PhysXFormats (63)
[2016.11.03-01.26.41:505][135]LogModuleManager: Shutting down and abandoning module MeshUtilities (62)
[2016.11.03-01.26.41:532][135]LogModuleManager: Shutting down and abandoning module DerivedDataCache (61)
[2016.11.03-01.26.41:574][135]LogDerivedDataCache: Shutdown
[2016.11.03-01.26.41:574][135]LogModuleManager: Shutting down and abandoning module VulkanShaderFormat (60)
[2016.11.03-01.26.41:589][135]LogModuleManager: Shutting down and abandoning module ShaderFormatOpenGL (59)
[2016.11.03-01.26.41:611][135]LogModuleManager: Shutting down and abandoning module ShaderFormatD3D (58)
[2016.11.03-01.26.41:619][135]LogModuleManager: Shutting down and abandoning module MetalShaderFormat (57)
[2016.11.03-01.26.41:634][135]LogModuleManager: Shutting down and abandoning module TextureFormatUncompressed (56)
[2016.11.03-01.26.41:634][135]LogModuleManager: Shutting down and abandoning module TextureFormatPVR (55)
[2016.11.03-01.26.41:646][135]LogModuleManager: Shutting down and abandoning module TextureFormatDXT (54)
[2016.11.03-01.26.41:664][135]LogModuleManager: Shutting down and abandoning module TextureFormatIntelISPCTexComp (53)
[2016.11.03-01.26.41:694][135]LogModuleManager: Shutting down and abandoning module ImageWrapper (52)
[2016.11.03-01.26.41:694][135]LogModuleManager: Shutting down and abandoning module TextureFormatASTC (51)
[2016.11.03-01.26.41:694][135]LogModuleManager: Shutting down and abandoning module TextureFormatAndroid (50)
[2016.11.03-01.26.41:694][135]LogModuleManager: Shutting down and abandoning module AudioFormatOpus (49)
[2016.11.03-01.26.41:704][135]LogModuleManager: Shutting down and abandoning module AudioFormatOgg (48)
[2016.11.03-01.26.41:717][135]LogModuleManager: Shutting down and abandoning module AudioFormatADPCM (47)
[2016.11.03-01.26.41:729][135]LogModuleManager: Shutting down and abandoning module LinuxTargetPlatform (46)
[2016.11.03-01.26.41:729][135]LogModuleManager: Shutting down and abandoning module LinuxServerTargetPlatform (45)
[2016.11.03-01.26.41:736][135]LogModuleManager: Shutting down and abandoning module LinuxNoEditorTargetPlatform (44)
[2016.11.03-01.26.41:762][135]LogModuleManager: Shutting down and abandoning module LinuxClientTargetPlatform (43)
[2016.11.03-01.26.41:771][135]LogModuleManager: Shutting down and abandoning module TVOSTargetPlatform (42)
[2016.11.03-01.26.41:771][135]LogModuleManager: Shutting down and abandoning module Messaging (41)
[2016.11.03-01.26.41:772][135]LogModuleManager: Shutting down and abandoning module IOSTargetPlatform (40)
[2016.11.03-01.26.41:772][135]LogModuleManager: Shutting down and abandoning module HTML5TargetPlatform (39)
[2016.11.03-01.26.41:772][135]LogModuleManager: Shutting down and abandoning module Android_PVRTCTargetPlatform (38)
[2016.11.03-01.26.41:772][135]LogModuleManager: Shutting down and abandoning module Android_MultiTargetPlatform (37)
[2016.11.03-01.26.41:772][135]LogModuleManager: Shutting down and abandoning module Android_ETC2TargetPlatform (36)
[2016.11.03-01.26.41:772][135]LogModuleManager: Shutting down and abandoning module Android_ETC1TargetPlatform (35)
[2016.11.03-01.26.41:772][135]LogModuleManager: Shutting down and abandoning module Android_DXTTargetPlatform (34)
[2016.11.03-01.26.41:772][135]LogModuleManager: Shutting down and abandoning module Android_ATCTargetPlatform (33)
[2016.11.03-01.26.41:772][135]LogModuleManager: Shutting down and abandoning module Android_ASTCTargetPlatform (32)
[2016.11.03-01.26.41:772][135]LogModuleManager: Shutting down and abandoning module AndroidTargetPlatform (31)
[2016.11.03-01.26.41:772][135]LogModuleManager: Shutting down and abandoning module WindowsTargetPlatform (30)
[2016.11.03-01.26.41:772][135]LogModuleManager: Shutting down and abandoning module WindowsServerTargetPlatform (29)
[2016.11.03-01.26.41:790][135]LogModuleManager: Shutting down and abandoning module WindowsNoEditorTargetPlatform (28)
[2016.11.03-01.26.41:802][135]LogModuleManager: Shutting down and abandoning module WindowsClientTargetPlatform (27)
[2016.11.03-01.26.41:813][135]LogModuleManager: Shutting down and abandoning module AllDesktopTargetPlatform (26)
[2016.11.03-01.26.41:813][135]LogModuleManager: Shutting down and abandoning module TargetPlatform (25)
[2016.11.03-01.26.41:813][135]LogModuleManager: Shutting down and abandoning module InputCore (24)
[2016.11.03-01.26.41:813][135]LogModuleManager: Shutting down and abandoning module Settings (23)
[2016.11.03-01.26.41:813][135]LogModuleManager: Shutting down and abandoning module OculusRift (22)
[2016.11.03-01.26.41:821][135]LogModuleManager: Shutting down and abandoning module GearVR (21)
[2016.11.03-01.26.41:821][135]LogModuleManager: Shutting down and abandoning module ExampleDeviceProfileSelector (20)
[2016.11.03-01.26.41:822][135]LogModuleManager: Shutting down and abandoning module OnlineBlueprintSupport (19)
[2016.11.03-01.26.41:822][135]LogModuleManager: Shutting down and abandoning module OnlineSubsystem (17)
[2016.11.03-01.26.41:835][135]LogOnline:Display: Unloading online subsystem: NULL
[2016.11.03-01.26.41:879][135]LogModuleManager: Shutting down and abandoning module HTTP (16)
[2016.11.03-01.26.41:879][135]LogHttp:Display: Http module shutting down, but needs to wait on 1 outstanding Http requests:
[2016.11.03-01.26.41:879][135]LogHttp:Display: 	verb=[POST] url=[https://datarouter.ol.epicgames.com/datarouter/api/v1/public/data?SessionID=%7B7D79EC6E-42F0-E699-6ED4-979426400C38%7D&AppID=UEEditor.Rocket.Release&AppVersion=4.13.2-3172292%2B%2B%2BUE4%2BRelease-4.13&UserID=0dd15d794da5e090e969ad90cdac4c5a%7Cd85314cd6c6a4bf6ad69011299579840%7C58374924-f639-4f5f-a138-ef3abb5ccaf8&AppEnvironment=datacollector-binary&UploadType=eteventstream] status=Processing
[2016.11.03-01.26.41:885][135]LogModuleManager: Shutting down and abandoning module XMPP (15)
[2016.11.03-01.26.41:906][135]LogModuleManager: Shutting down and abandoning module TextureCompressor (14)
[2016.11.03-01.26.41:935][135]LogModuleManager: Shutting down and abandoning module ShaderCore (13)
[2016.11.03-01.26.41:935][135]LogModuleManager: Shutting down and abandoning module Landscape (12)
[2016.11.03-01.26.41:935][135]LogModuleManager: Shutting down and abandoning module SlateRHIRenderer (11)
[2016.11.03-01.26.41:967][135]LogModuleManager: Shutting down and abandoning module OpenGLDrv (10)
[2016.11.03-01.26.41:990][135]LogModuleManager: Shutting down and abandoning module D3D11RHI (9)
[2016.11.03-01.26.41:990][135]LogModuleManager: Shutting down and abandoning module AnimGraphRuntime (8)
[2016.11.03-01.26.41:990][135]LogModuleManager: Shutting down and abandoning module Renderer (7)
[2016.11.03-01.26.41:990][135]LogModuleManager: Shutting down and abandoning module Engine (6)
[2016.11.03-01.26.41:990][135]LogModuleManager: Shutting down and abandoning module CoreUObject (5)
[2016.11.03-01.26.41:990][135]LogModuleManager: Shutting down and abandoning module NetworkFile (4)
[2016.11.03-01.26.42:001][135]LogModuleManager: Shutting down and abandoning module StreamingFile (3)
[2016.11.03-01.26.42:022][135]LogModuleManager: Shutting down and abandoning module SandboxFile (2)
[2016.11.03-01.26.42:038][135]LogModuleManager: Shutting down and abandoning module PakFile (1)
[2016.11.03-01.26.42:229][135]LogExit: Exiting.
[2016.11.03-01.26.42:257][135]Log file closed, 11/02/16 21:26:42
