Log file open, 10/28/16 17:23:51
LogInit:Display: Running engine for game: classes
LogPlatformFile: Not using cached read wrapper
LogInit:Display: RandInit(-1869634303) SRandInit(-1869634303).
LogTaskGraph: Started task graph with 5 named threads and 6 total threads with 1 sets of task threads.
LogStats: Stats thread started at 0.054508
LogPluginManager: Loaded Plugin Paper2D, From C:/Program Files (x86)/Epic Games/4.13/Engine/Plugins/2D/Paper2D/Paper2D.uplugin
LogPluginManager: Loaded Plugin LightPropagationVolume, From C:/Program Files (x86)/Epic Games/4.13/Engine/Plugins/Blendables/LightPropagationVolume/LightPropagationVolume.uplugin
LogPluginManager: Loaded Plugin BlankPlugin, From C:/Program Files (x86)/Epic Games/4.13/Engine/Plugins/Developer/BlankPlugin/BlankPlugin.uplugin
LogPluginManager: Loaded Plugin CodeLiteSourceCodeAccess, From C:/Program Files (x86)/Epic Games/4.13/Engine/Plugins/Developer/CodeLiteSourceCodeAccess/CodeLiteSourceCodeAccess.uplugin
LogPluginManager: Loaded Plugin GitSourceControl, From C:/Program Files (x86)/Epic Games/4.13/Engine/Plugins/Developer/GitSourceControl/GitSourceControl.uplugin
LogPluginManager: Loaded Plugin KDevelopSourceCodeAccess, From C:/Program Files (x86)/Epic Games/4.13/Engine/Plugins/Developer/KDevelopSourceCodeAccess/KDevelopSourceCodeAccess.uplugin
LogPluginManager: Loaded Plugin NullSourceCodeAccess, From C:/Program Files (x86)/Epic Games/4.13/Engine/Plugins/Developer/NullSourceCodeAccess/NullSourceCodeAccess.uplugin
LogPluginManager: Loaded Plugin OneSkyLocalizationService, From C:/Program Files (x86)/Epic Games/4.13/Engine/Plugins/Developer/OneSkyLocalizationService/OneSkyLocalizationService.uplugin
LogPluginManager: Loaded Plugin PerforceSourceControl, From C:/Program Files (x86)/Epic Games/4.13/Engine/Plugins/Developer/PerforceSourceControl/PerforceSourceControl.uplugin
LogPluginManager: Loaded Plugin SubversionSourceControl, From C:/Program Files (x86)/Epic Games/4.13/Engine/Plugins/Developer/SubversionSourceControl/SubversionSourceControl.uplugin
LogPluginManager: Loaded Plugin UObjectPlugin, From C:/Program Files (x86)/Epic Games/4.13/Engine/Plugins/Developer/UObjectPlugin/UObjectPlugin.uplugin
LogPluginManager: Loaded Plugin VisualStudioSourceCodeAccess, From C:/Program Files (x86)/Epic Games/4.13/Engine/Plugins/Developer/VisualStudioSourceCodeAccess/VisualStudioSourceCodeAccess.uplugin
LogPluginManager: Loaded Plugin XCodeSourceCodeAccess, From C:/Program Files (x86)/Epic Games/4.13/Engine/Plugins/Developer/XCodeSourceCodeAccess/XCodeSourceCodeAccess.uplugin
LogPluginManager: Loaded Plugin EpicSurvey, From C:/Program Files (x86)/Epic Games/4.13/Engine/Plugins/Editor/EpicSurvey/EpicSurvey.uplugin
LogPluginManager: Loaded Plugin MacGraphicsSwitching, From C:/Program Files (x86)/Epic Games/4.13/Engine/Plugins/Editor/MacGraphicsSwitching/MacGraphicsSwitching.uplugin
LogPluginManager: Loaded Plugin MobileLauncherProfileWizard, From C:/Program Files (x86)/Epic Games/4.13/Engine/Plugins/Editor/MobileLauncherProfileWizard/MobileLauncherProfileWizard.uplugin
LogPluginManager: Loaded Plugin PluginBrowser, From C:/Program Files (x86)/Epic Games/4.13/Engine/Plugins/Editor/PluginBrowser/PluginBrowser.uplugin
LogPluginManager: Loaded Plugin SpeedTreeImporter, From C:/Program Files (x86)/Epic Games/4.13/Engine/Plugins/Editor/SpeedTreeImporter/SpeedTreeImporter.uplugin
LogPluginManager: Loaded Plugin SuperSearchEditor, From C:/Program Files (x86)/Epic Games/4.13/Engine/Plugins/Editor/SuperSearchEditor/SuperSearchEditor.uplugin
LogPluginManager: Loaded Plugin AlembicImporter, From C:/Program Files (x86)/Epic Games/4.13/Engine/Plugins/Experimental/AlembicImporter/AlembicImporter.uplugin
LogPluginManager: Loaded Plugin BlueprintStats, From C:/Program Files (x86)/Epic Games/4.13/Engine/Plugins/Experimental/BlueprintStats/BlueprintStats.uplugin
LogPluginManager: Loaded Plugin CharacterAI, From C:/Program Files (x86)/Epic Games/4.13/Engine/Plugins/Experimental/CharacterAI/CharacterAI.uplugin
LogPluginManager: Loaded Plugin CodeEditor, From C:/Program Files (x86)/Epic Games/4.13/Engine/Plugins/Experimental/CodeEditor/CodeEditor.uplugin
LogPluginManager: Loaded Plugin CodeView, From C:/Program Files (x86)/Epic Games/4.13/Engine/Plugins/Experimental/CodeView/CodeView.uplugin
LogPluginManager: Loaded Plugin HTML5Networking, From C:/Program Files (x86)/Epic Games/4.13/Engine/Plugins/Experimental/HTML5Networking/HTML5Networking.uplugin
LogPluginManager: Loaded Plugin LiveEditor, From C:/Program Files (x86)/Epic Games/4.13/Engine/Plugins/Experimental/LiveEditor/LiveEditor.uplugin
LogPluginManager: Loaded Plugin OSVR, From C:/Program Files (x86)/Epic Games/4.13/Engine/Plugins/Experimental/OSVR/OSVR.uplugin
LogPluginManager: Loaded Plugin Phya, From C:/Program Files (x86)/Epic Games/4.13/Engine/Plugins/Experimental/Phya/Phya.uplugin
LogPluginManager: Loaded Plugin SignificanceManager, From C:/Program Files (x86)/Epic Games/4.13/Engine/Plugins/Experimental/SignificanceManager/SignificanceManager.uplugin
LogPluginManager: Loaded Plugin SimpleHMD, From C:/Program Files (x86)/Epic Games/4.13/Engine/Plugins/Experimental/SimpleHMD/SimpleHMD.uplugin
LogPluginManager: Loaded Plugin StereoPanorama, From C:/Program Files (x86)/Epic Games/4.13/Engine/Plugins/Experimental/StereoPanorama/StereoPanorama.uplugin
LogPluginManager: Loaded Plugin StructBox, From C:/Program Files (x86)/Epic Games/4.13/Engine/Plugins/Experimental/StructBox/StructBox.uplugin
LogPluginManager: Loaded Plugin AndroidMedia, From C:/Program Files (x86)/Epic Games/4.13/Engine/Plugins/Media/AndroidMedia/AndroidMedia.uplugin
LogPluginManager: Loaded Plugin AvfMedia, From C:/Program Files (x86)/Epic Games/4.13/Engine/Plugins/Media/AvfMedia/AvfMedia.uplugin
LogPluginManager: Loaded Plugin MediaPlayerEditor, From C:/Program Files (x86)/Epic Games/4.13/Engine/Plugins/Media/MediaPlayerEditor/MediaPlayerEditor.uplugin
LogPluginManager: Loaded Plugin WmfMedia, From C:/Program Files (x86)/Epic Games/4.13/Engine/Plugins/Media/WmfMedia/WmfMedia.uplugin
LogPluginManager: Loaded Plugin MessagingDebugger, From C:/Program Files (x86)/Epic Games/4.13/Engine/Plugins/Messaging/MessagingDebugger/MessagingDebugger.uplugin
LogPluginManager: Loaded Plugin TcpMessaging, From C:/Program Files (x86)/Epic Games/4.13/Engine/Plugins/Messaging/TcpMessaging/TcpMessaging.uplugin
LogPluginManager: Loaded Plugin UdpMessaging, From C:/Program Files (x86)/Epic Games/4.13/Engine/Plugins/Messaging/UdpMessaging/UdpMessaging.uplugin
LogPluginManager: Loaded Plugin LevelSequenceEditor, From C:/Program Files (x86)/Epic Games/4.13/Engine/Plugins/MovieScene/LevelSequenceEditor/LevelSequenceEditor.uplugin
LogPluginManager: Loaded Plugin MatineeToLevelSequence, From C:/Program Files (x86)/Epic Games/4.13/Engine/Plugins/MovieScene/MatineeToLevelSequence/MatineeToLevelSequence.uplugin
LogPluginManager: Loaded Plugin NetcodeUnitTest, From C:/Program Files (x86)/Epic Games/4.13/Engine/Plugins/NetcodeUnitTest/NetcodeUnitTest/NetcodeUnitTest.uplugin
LogPluginManager: Loaded Plugin NUTUnrealEngine4, From C:/Program Files (x86)/Epic Games/4.13/Engine/Plugins/NetcodeUnitTest/NUTUnrealEngine4/NUTUnrealEngine4.uplugin
LogPluginManager: Loaded Plugin OnlineSubsystemGooglePlay, From C:/Program Files (x86)/Epic Games/4.13/Engine/Plugins/Online/Android/OnlineSubsystemGooglePlay/OnlineSubsystemGooglePlay.uplugin
LogPluginManager: Loaded Plugin OnlineSubsystemIOS, From C:/Program Files (x86)/Epic Games/4.13/Engine/Plugins/Online/IOS/OnlineSubsystemIOS/OnlineSubsystemIOS.uplugin
LogPluginManager: Loaded Plugin OnlineFramework, From C:/Program Files (x86)/Epic Games/4.13/Engine/Plugins/Online/OnlineFramework/OnlineFramework.uplugin
LogPluginManager: Loaded Plugin OnlineSubsystem, From C:/Program Files (x86)/Epic Games/4.13/Engine/Plugins/Online/OnlineSubsystem/OnlineSubsystem.uplugin
LogPluginManager: Loaded Plugin OnlineSubsystemAmazon, From C:/Program Files (x86)/Epic Games/4.13/Engine/Plugins/Online/OnlineSubsystemAmazon/OnlineSubsystemAmazon.uplugin
LogPluginManager: Loaded Plugin OnlineSubsystemFacebook, From C:/Program Files (x86)/Epic Games/4.13/Engine/Plugins/Online/OnlineSubsystemFacebook/OnlineSubsystemFacebook.uplugin
LogPluginManager: Loaded Plugin OnlineSubsystemNull, From C:/Program Files (x86)/Epic Games/4.13/Engine/Plugins/Online/OnlineSubsystemNull/OnlineSubsystemNull.uplugin
LogPluginManager: Loaded Plugin OnlineSubsystemOculus, From C:/Program Files (x86)/Epic Games/4.13/Engine/Plugins/Online/OnlineSubsystemOculus/OnlineSubsystemOculus.uplugin
LogPluginManager: Loaded Plugin OnlineSubsystemSteam, From C:/Program Files (x86)/Epic Games/4.13/Engine/Plugins/Online/OnlineSubsystemSteam/OnlineSubsystemSteam.uplugin
LogPluginManager: Loaded Plugin OnlineSubsystemUtils, From C:/Program Files (x86)/Epic Games/4.13/Engine/Plugins/Online/OnlineSubsystemUtils/OnlineSubsystemUtils.uplugin
LogPluginManager: Loaded Plugin IOSTapJoy, From C:/Program Files (x86)/Epic Games/4.13/Engine/Plugins/Runtime/Advertising/IOSTapJoy/IOSTapJoy.uplugin
LogPluginManager: Loaded Plugin AnalyticsBlueprintLibrary, From C:/Program Files (x86)/Epic Games/4.13/Engine/Plugins/Runtime/Analytics/AnalyticsBlueprintLibrary/AnalyticsBlueprintLibrary.uplugin
LogPluginManager: Loaded Plugin AnalyticsMulticast, From C:/Program Files (x86)/Epic Games/4.13/Engine/Plugins/Runtime/Analytics/AnalyticsMulticast/AnalyticsMulticast.uplugin
LogPluginManager: Loaded Plugin Apsalar, From C:/Program Files (x86)/Epic Games/4.13/Engine/Plugins/Runtime/Analytics/Apsalar/Apsalar.uplugin
LogPluginManager: Loaded Plugin FileLogging, From C:/Program Files (x86)/Epic Games/4.13/Engine/Plugins/Runtime/Analytics/FileLogging/FileLogging.uplugin
LogPluginManager: Loaded Plugin Flurry, From C:/Program Files (x86)/Epic Games/4.13/Engine/Plugins/Runtime/Analytics/Flurry/Flurry.uplugin
LogPluginManager: Loaded Plugin AndroidDeviceProfileSelector, From C:/Program Files (x86)/Epic Games/4.13/Engine/Plugins/Runtime/AndroidDeviceProfileSelector/AndroidDeviceProfileSelector.uplugin
LogPluginManager: Loaded Plugin AndroidMoviePlayer, From C:/Program Files (x86)/Epic Games/4.13/Engine/Plugins/Runtime/AndroidMoviePlayer/AndroidMoviePlayer.uplugin
LogPluginManager: Loaded Plugin AppleMoviePlayer, From C:/Program Files (x86)/Epic Games/4.13/Engine/Plugins/Runtime/AppleMoviePlayer/AppleMoviePlayer.uplugin
LogPluginManager: Loaded Plugin ArchVisCharacter, From C:/Program Files (x86)/Epic Games/4.13/Engine/Plugins/Runtime/ArchVisCharacter/ArchVisCharacter.uplugin
LogPluginManager: Loaded Plugin CableComponent, From C:/Program Files (x86)/Epic Games/4.13/Engine/Plugins/Runtime/CableComponent/CableComponent.uplugin
LogPluginManager: Loaded Plugin CustomMeshComponent, From C:/Program Files (x86)/Epic Games/4.13/Engine/Plugins/Runtime/CustomMeshComponent/CustomMeshComponent.uplugin
LogPluginManager: Loaded Plugin ExampleDeviceProfileSelector, From C:/Program Files (x86)/Epic Games/4.13/Engine/Plugins/Runtime/ExampleDeviceProfileSelector/ExampleDeviceProfileSelector.uplugin
LogPluginManager: Loaded Plugin GearVR, From C:/Program Files (x86)/Epic Games/4.13/Engine/Plugins/Runtime/GearVR/GearVR.uplugin
LogPluginManager: Loaded Plugin GoogleVRController, From C:/Program Files (x86)/Epic Games/4.13/Engine/Plugins/Runtime/GoogleVR/GoogleVRController/GoogleVRController.uplugin
LogPluginManager: Loaded Plugin GoogleVRHMD, From C:/Program Files (x86)/Epic Games/4.13/Engine/Plugins/Runtime/GoogleVR/GoogleVRHMD/GoogleVRHMD.uplugin
LogPluginManager: Loaded Plugin IOSDeviceProfileSelector, From C:/Program Files (x86)/Epic Games/4.13/Engine/Plugins/Runtime/IOSDeviceProfileSelector/IOSDeviceProfileSelector.uplugin
LogPluginManager: Loaded Plugin LeapMotion, From C:/Program Files (x86)/Epic Games/4.13/Engine/Plugins/Runtime/LeapMotion/LeapMotion.uplugin
LogPluginManager: Loaded Plugin LinuxDeviceProfileSelector, From C:/Program Files (x86)/Epic Games/4.13/Engine/Plugins/Runtime/LinuxDeviceProfileSelector/LinuxDeviceProfileSelector.uplugin
LogPluginManager: Loaded Plugin LiveEditorListenServer, From C:/Program Files (x86)/Epic Games/4.13/Engine/Plugins/Runtime/LiveEditorListenServer/LiveEditorListenServer.uplugin
LogPluginManager: Loaded Plugin OculusAudio, From C:/Program Files (x86)/Epic Games/4.13/Engine/Plugins/Runtime/OculusAudio/OculusAudio.uplugin
LogPluginManager: Loaded Plugin OculusInput, From C:/Program Files (x86)/Epic Games/4.13/Engine/Plugins/Runtime/OculusInput/OculusInput.uplugin
LogPluginManager: Loaded Plugin OculusLibrary, From C:/Program Files (x86)/Epic Games/4.13/Engine/Plugins/Runtime/OculusLibrary/OculusLibrary.uplugin
LogPluginManager: Loaded Plugin OculusRift, From C:/Program Files (x86)/Epic Games/4.13/Engine/Plugins/Runtime/OculusRift/OculusRift.uplugin
LogPluginManager: Loaded Plugin Oodle, From C:/Program Files (x86)/Epic Games/4.13/Engine/Plugins/Runtime/PacketHandlers/CompressionComponents/Oodle/Oodle.uplugin
LogPluginManager: Loaded Plugin ProceduralMeshComponent, From C:/Program Files (x86)/Epic Games/4.13/Engine/Plugins/Runtime/ProceduralMeshComponent/ProceduralMeshComponent.uplugin
LogPluginManager: Loaded Plugin SoundMod, From C:/Program Files (x86)/Epic Games/4.13/Engine/Plugins/Runtime/SoundMod/SoundMod.uplugin
LogPluginManager: Loaded Plugin SoundVisualizations, From C:/Program Files (x86)/Epic Games/4.13/Engine/Plugins/Runtime/SoundVisualizations/SoundVisualizations.uplugin
LogPluginManager: Loaded Plugin SteamController, From C:/Program Files (x86)/Epic Games/4.13/Engine/Plugins/Runtime/Steam/SteamController/SteamController.uplugin
LogPluginManager: Loaded Plugin SteamVR, From C:/Program Files (x86)/Epic Games/4.13/Engine/Plugins/Runtime/Steam/SteamVR/SteamVR.uplugin
LogPluginManager: Loaded Plugin WebBrowserWidget, From C:/Program Files (x86)/Epic Games/4.13/Engine/Plugins/Runtime/WebBrowserWidget/WebBrowserWidget.uplugin
LogPluginManager: Loaded Plugin WindowsDeviceProfileSelector, From C:/Program Files (x86)/Epic Games/4.13/Engine/Plugins/Runtime/WindowsDeviceProfileSelector/WindowsDeviceProfileSelector.uplugin
LogPluginManager: Loaded Plugin WindowsMoviePlayer, From C:/Program Files (x86)/Epic Games/4.13/Engine/Plugins/Runtime/WindowsMoviePlayer/WindowsMoviePlayer.uplugin
LogPluginManager: Loaded Plugin ScriptPlugin, From C:/Program Files (x86)/Epic Games/4.13/Engine/Plugins/ScriptPlugin/ScriptPlugin.uplugin
LogPluginManager: Loaded Plugin SlateRemote, From C:/Program Files (x86)/Epic Games/4.13/Engine/Plugins/Slate/SlateRemote/SlateRemote.uplugin
LogInit: Using libcurl 7.47.1
LogInit:  - built for x86_64-pc-win32
LogInit:  - supports SSL with WinSSL
LogInit:  - other features:
LogInit:      CURL_VERSION_SSL
LogInit:      CURL_VERSION_IPV6
LogInit:      CURL_VERSION_ASYNCHDNS
LogInit:      CURL_VERSION_LARGEFILE
LogInit:      CURL_VERSION_IDN
LogInit:  CurlRequestOptions (configurable via config and command line):
LogInit:  - bVerifyPeer = false  - Libcurl will NOT verify peer certificate
LogInit:  - bUseHttpProxy = false  - Libcurl will NOT use HTTP proxy
LogInit:  - bDontReuseConnections = false  - Libcurl will reuse connections
LogInit:  - CertBundlePath = nullptr  - Libcurl will use whatever was configured at build time.
LogInit: Build: ++UE4+Release-4.13-CL-3142249
LogInit: Engine Version: 4.13.1-3142249+++UE4+Release-4.13
LogInit: Compatible Engine Version: 4.13.0-3106830+++UE4+Release-4.13
LogInit: Net CL: 3142249
LogDevObjectVersion: Number of dev versions registered: 13
LogDevObjectVersion:   Dev-Blueprints (B0D832E4-1F89-4F0D-ACCF-7EB736FD4AA2): 5
LogDevObjectVersion:   Dev-Build (E1C64328-A22C-4D53-A36C-8E866417BD8C): 0
LogDevObjectVersion:   Dev-Core (375EC13C-06E4-48FB-B500-84F0262A717E): 1
LogDevObjectVersion:   Dev-Editor (E4B068ED-F494-42E9-A231-DA0B2E46BB41): 6
LogDevObjectVersion:   Dev-Framework (CFFC743F-43B0-4480-9391-14DF171D2073): 12
LogDevObjectVersion:   Dev-Mobile (B02B49B5-BB20-44E9-A304-32B752E40360): 0
LogDevObjectVersion:   Dev-Networking (A4E4105C-59A1-49B5-A7C5-40C4547EDFEE): 0
LogDevObjectVersion:   Dev-Online (39C831C9-5AE6-47DC-9A44-9C173E1C8E7C): 0
LogDevObjectVersion:   Dev-Physics (78F01B33-EBEA-4F98-B9B4-84EACCB95AA2): 0
LogDevObjectVersion:   Dev-Platform (6631380F-2D4D-43E0-8009-CF276956A95A): 0
LogDevObjectVersion:   Dev-Rendering (12F88B9F-8875-4AFC-A67C-D90C383ABD29): 4
LogDevObjectVersion:   Dev-Sequencer (7B5AE74C-D270-4C10-A958-57980B212A5A): 0
LogDevObjectVersion:   Dev-VR (D7296918-1DD6-4BDD-9DE2-64A83CC13884): 0
LogInit: Compiled (64-bit): Sep 28 2016 02:12:12
LogInit: Compiled with Visual C++: 19.00.23026.00
LogInit: Build Configuration: Development
LogInit: Branch Name: ++UE4+Release-4.13
LogInit: Command line: -EpicPortal 
LogInit: Base directory: C:/Program Files (x86)/Epic Games/4.13/Engine/Binaries/Win64/
LogInit: Installed Engine Build: 1
LogInit: Presizing for max 8388607 objects, including 0 objects not considered by GC, pre-allocating 0 bytes for permanent pool.
LogInit: Object subsystem initialized
[2016.10.28-21.23.51:618][  0]LogInit: Selected Device Profile: [Windows]
[2016.10.28-21.23.51:618][  0]LogInit: Applying CVar settings loaded from the selected device profile: [Windows]
[2016.10.28-21.23.51:645][  0]LogInit: Computer: BORMAJT440S
[2016.10.28-21.23.51:645][  0]LogInit: User: Bormaj
[2016.10.28-21.23.51:645][  0]LogInit: CPU Page size=65536, Cores=2
[2016.10.28-21.23.51:645][  0]LogInit: High frequency timer resolution =2.630630 MHz
[2016.10.28-21.23.51:645][  0]LogMemory: Memory total: Physical=7.7GB (8GB approx)
[2016.10.28-21.23.51:645][  0]LogMemory: Platform Memory Stats for Windows
[2016.10.28-21.23.51:645][  0]LogMemory: Process Physical Memory: 253.98 MB used, 253.98 MB peak
[2016.10.28-21.23.51:645][  0]LogMemory: Process Virtual Memory: 259.42 MB used, 259.42 MB peak
[2016.10.28-21.23.51:645][  0]LogMemory: Physical Memory: 3677.59 MB used, 7879.72 MB total
[2016.10.28-21.23.51:645][  0]LogMemory: Virtual Memory: 603.13 MB used, 134217728.00 MB total
[2016.10.28-21.23.51:681][  0]LogTextLocalizationManager: No specific translations for ('en-US') exist, so ('en') translations will be used.
[2016.10.28-21.23.52:395][  0]LogD3D11RHI: D3D11 adapters:
[2016.10.28-21.23.52:401][  0]LogD3D11RHI:    0. 'Intel(R) HD Graphics Family' (Feature Level 11_0)
[2016.10.28-21.23.52:401][  0]LogD3D11RHI:       0/0/1792 MB DedicatedVideo/DedicatedSystem/SharedSystem, Outputs:2, VendorId:0x8086
[2016.10.28-21.23.52:402][  0]LogD3D11RHI:    1. 'Microsoft Basic Render Driver' (Feature Level 11_0)
[2016.10.28-21.23.52:402][  0]LogD3D11RHI:       0/0/256 MB DedicatedVideo/DedicatedSystem/SharedSystem, Outputs:0, VendorId:0x1414
[2016.10.28-21.23.52:402][  0]LogD3D11RHI: Chosen D3D11 Adapter: 0
[2016.10.28-21.23.52:405][  0]LogD3D11RHI: Creating new Direct3DDevice
[2016.10.28-21.23.52:405][  0]LogD3D11RHI:     GPU DeviceId: 0xa16 (for the marketing name, search the web for "GPU Device Id")
[2016.10.28-21.23.52:405][  0]LogWindows: EnumDisplayDevices:
[2016.10.28-21.23.52:405][  0]LogWindows:    0. 'Intel(R) HD Graphics Family' (P:1 D:1)
[2016.10.28-21.23.52:405][  0]LogWindows:    1. 'Intel(R) HD Graphics Family' (P:0 D:1)
[2016.10.28-21.23.52:406][  0]LogWindows:    2. 'Intel(R) HD Graphics Family' (P:0 D:0)
[2016.10.28-21.23.52:406][  0]LogWindows: DebugString: FoundDriverCount:3 
[2016.10.28-21.23.52:406][  0]LogD3D11RHI:     Adapter Name: Intel(R) HD Graphics Family
[2016.10.28-21.23.52:406][  0]LogD3D11RHI:   Driver Version: 10.18.10.3621 (internal:10.18.10.3621, unified:10.18.10.3621)
[2016.10.28-21.23.52:406][  0]LogD3D11RHI:      Driver Date: 5-16-2014
[2016.10.28-21.23.52:406][  0]LogRHI: Texture pool is 627 MB (70% of 896 MB)
[2016.10.28-21.23.52:412][  0]LogD3D11RHI: Async texture creation enabled
[2016.10.28-21.23.52:415][  0]LogD3D11RHI: GPU Timing Frequency: 12.500000 (Debug: 2 0)
[2016.10.28-21.23.52:416][  0]LogShaderCompilers: Guid format shader working directory is -26 characters bigger than the processId version (../../../../../../Users/Bormaj/Documents/GitHub/GameDev-Project-3/classes/Intermediate/Shaders/WorkingDirectory/4716/).
[2016.10.28-21.23.52:416][  0]LogShaderCompilers: Cleaned the shader compiler working directory 'C:/Users/Bormaj/AppData/Local/Temp/UnrealShaderWorkingDir/76A19AF94683BB93B38446B6663E9D48/'.
[2016.10.28-21.23.52:416][  0]LogShaderCompilers:Display: Using Local Shader Compiler.
[2016.10.28-21.23.53:499][  0]LogTemp:Display: Loaded TP AllDesktopTargetPlatform
[2016.10.28-21.23.53:508][  0]LogTemp:Display: Loaded TP WindowsClientTargetPlatform
[2016.10.28-21.23.53:517][  0]LogTemp:Display: Loaded TP WindowsNoEditorTargetPlatform
[2016.10.28-21.23.53:525][  0]LogTemp:Display: Loaded TP WindowsServerTargetPlatform
[2016.10.28-21.23.53:533][  0]LogTemp:Display: Loaded TP WindowsTargetPlatform
[2016.10.28-21.23.53:541][  0]LogTemp:Display: Loaded TP AndroidTargetPlatform
[2016.10.28-21.23.53:549][  0]LogTemp:Display: Loaded TP Android_ASTCTargetPlatform
[2016.10.28-21.23.53:556][  0]LogTemp:Display: Loaded TP Android_ATCTargetPlatform
[2016.10.28-21.23.53:563][  0]LogTemp:Display: Loaded TP Android_DXTTargetPlatform
[2016.10.28-21.23.53:570][  0]LogTemp:Display: Loaded TP Android_ETC1TargetPlatform
[2016.10.28-21.23.53:578][  0]LogTemp:Display: Loaded TP Android_ETC2TargetPlatform
[2016.10.28-21.23.53:592][  0]LogTemp:Display: Loaded TP Android_MultiTargetPlatform
[2016.10.28-21.23.53:592][  0]LogTemp:Display: Loaded TP Android_PVRTCTargetPlatform
[2016.10.28-21.23.53:593][  0]LogTemp:Display: Loaded TP HTML5TargetPlatform
[2016.10.28-21.23.53:612][  0]LogTemp:Display: Loaded TP IOSTargetPlatform
[2016.10.28-21.23.53:619][  0]LogTemp:Display: Loaded TP TVOSTargetPlatform
[2016.10.28-21.23.53:626][  0]LogTemp:Display: Loaded TP LinuxClientTargetPlatform
[2016.10.28-21.23.53:632][  0]LogTemp:Display: Loaded TP LinuxNoEditorTargetPlatform
[2016.10.28-21.23.53:639][  0]LogTemp:Display: Loaded TP LinuxServerTargetPlatform
[2016.10.28-21.23.53:647][  0]LogTemp:Display: Loaded TP LinuxTargetPlatform
[2016.10.28-21.23.53:647][  0]LogTargetPlatformManager:Display: Building Assets For Windows
[2016.10.28-21.23.53:708][  0]LogDerivedDataCache:Display: Max Cache Size: 512 MB
[2016.10.28-21.23.53:785][  0]LogDerivedDataCache: Loaded boot cache 0.08s 62MB C:/Users/Bormaj/AppData/Local/UnrealEngine/4.13/DerivedDataCache/Boot.ddc.
[2016.10.28-21.23.53:785][  0]LogDerivedDataCache:Display: Loaded Boot cache: C:/Users/Bormaj/AppData/Local/UnrealEngine/4.13/DerivedDataCache/Boot.ddc
[2016.10.28-21.23.53:786][  0]LogDerivedDataCache: FDerivedDataBackendGraph:  Pak pak cache file ../../../../../../Users/Bormaj/Documents/GitHub/GameDev-Project-3/classes/DerivedDataCache/DDC.ddp not found, will not use a pak cache.
[2016.10.28-21.23.53:786][  0]LogDerivedDataCache: Unable to find inner node Pak for hierarchical cache Hierarchy.
[2016.10.28-21.23.53:786][  0]LogDerivedDataCache: FDerivedDataBackendGraph:  CompressedPak pak cache file ../../../../../../Users/Bormaj/Documents/GitHub/GameDev-Project-3/classes/DerivedDataCache/Compressed.ddp not found, will not use a pak cache.
[2016.10.28-21.23.53:786][  0]LogDerivedDataCache: Unable to find inner node CompressedPak for hierarchical cache Hierarchy.
[2016.10.28-21.23.53:804][  0]LogDerivedDataCache:Display: Pak cache opened for reading ../../../Engine/DerivedDataCache/Compressed.ddp.
[2016.10.28-21.23.53:817][  0]LogDerivedDataCache: Using Local data cache path C:/Users/Bormaj/AppData/Local/UnrealEngine/Common/DerivedDataCache: Writable
[2016.10.28-21.23.53:998][  0]LogInit: Selected Device Profile: [Windows]
[2016.10.28-21.23.54:001][  0]LogContentStreaming: Texture pool size is 0.00 MB
[2016.10.28-21.23.54:091][  0]LogMeshUtilities: No automatic mesh reduction module available
[2016.10.28-21.23.54:091][  0]LogMeshUtilities: No automatic mesh merging module available
[2016.10.28-21.23.54:091][  0]LogMeshUtilities: No distributed automatic mesh merging module available
[2016.10.28-21.23.54:168][  0]LogMaterial: Uniform references updated for custom material expression Custom.
[2016.10.28-21.23.54:573][  0]LogNetVersion: GetLocalNetworkVersion: CL: 3106830, ProjectName: classes, ProjectVersion: , EngineNetworkVersion: 1, GameNetworkVersion: 0, NetworkChecksum: 114486153
[2016.10.28-21.23.54:609][  0]LogAssetRegistry: FAssetRegistry took 0.0224 seconds to start up
[2016.10.28-21.23.54:647][  0]LogPackageLocalizationCache: Processed 3 localized package path(s) for 2 prioritized culture(s) in 0.035482 seconds
[2016.10.28-21.23.54:653][  0]LogUObjectArray: 29778 objects as part of root set at end of initial load.
[2016.10.28-21.23.54:653][  0]LogUObjectAllocator: 6125448 out of 0 bytes used by permanent object pool.
[2016.10.28-21.23.54:653][  0]LogUObjectArray: CloseDisregardForGC: 0/0 objects in disregard for GC pool
[2016.10.28-21.23.54:658][  0]LogInit: WinSock: version 1.1 (2.2), MaxSocks=32767, MaxUdp=65467
[2016.10.28-21.23.54:859][  0]LogSlate: SlateFontCache - WITH_FREETYPE: 1, WITH_HARFBUZZ: 1
[2016.10.28-21.23.54:859][  0]LogSlate: SlateFontCache - WITH_FREETYPE: 1, WITH_HARFBUZZ: 1
[2016.10.28-21.23.55:461][  0]LogTcpMessaging: Initializing TcpMessaging bridge
[2016.10.28-21.23.55:479][  0]LogUdpMessaging: Initializing bridge on interface 0.0.0.0:0 to multicast group 230.0.0.1:6666.
[2016.10.28-21.23.55:692][  0]SourceControl: Info Source control is disabled
[2016.10.28-21.23.55:701][  0]SourceControl: Info Source control is disabled
[2016.10.28-21.23.55:707][  0]SourceControl: Info Source control is disabled
[2016.10.28-21.23.55:712][  0]SourceControl: Info Source control is disabled
[2016.10.28-21.23.55:996][  0]LogEngine: Initializing Engine...
[2016.10.28-21.23.55:997][  0]LogHMD: Failed to initialize OpenVR with code 110
[2016.10.28-21.23.56:134][  0]LogAIModule: Creating AISystem for world Untitled
[2016.10.28-21.23.56:139][  0]LogInit: XAudio2 using 'Realtek HD Audio 2nd output (Realtek High Definition Audio)' : 2 channels at 48 kHz using 32 bits per sample (channel mask 0x3)
[2016.10.28-21.23.56:147][  0]LogInit: FAudioDevice initialized.
[2016.10.28-21.23.56:183][  0]LogDerivedDataCache: Saved boot cache 0.04s 62MB C:/Users/Bormaj/AppData/Local/UnrealEngine/4.13/DerivedDataCache/Boot.ddc.
[2016.10.28-21.23.56:192][  0]LogInit: Texture streaming: Enabled
[2016.10.28-21.23.56:212][  0]LogInit: Transaction tracking system initialized
[2016.10.28-21.23.56:229][  0]BlueprintLog: New page: Editor Load
[2016.10.28-21.23.56:321][  0]LocalizationService: Info Localization service is disabled
[2016.10.28-21.23.56:620][  0]LogConsoleResponse:Display: 
[2016.10.28-21.23.56:750][  0]LogCook:Display: Max memory allowance for cook 16384mb min free memory 0mb
[2016.10.28-21.23.56:750][  0]LogCook:Display: Mobile HDR setting 1
[2016.10.28-21.23.56:871][  0]LogFileCache: Scanning file cache for directory 'C:/Users/Bormaj/Documents/GitHub/GameDev-Project-3/classes/Content/' took 0.02s
[2016.10.28-21.23.56:871][  0]SourceControl: Info Source control is disabled
[2016.10.28-21.23.56:871][  0]Cmd: MAP LOAD FILE="../../../../../../Users/Bormaj/Documents/GitHub/GameDev-Project-3/classes/Content/StarterContent/Maps/Minimal_Default.umap" TEMPLATE=0 SHOWPROGRESS=1 FEATURELEVEL=3
[2016.10.28-21.23.56:878][  0]LightingResults: New page: Lighting Build
[2016.10.28-21.23.56:880][  0]MapCheck: New page: Map Check
[2016.10.28-21.23.56:880][  0]LightingResults: New page: Lighting Build
[2016.10.28-21.23.57:331][  0]LogAIModule: Creating AISystem for world Minimal_Default
[2016.10.28-21.23.57:353][  0]LogEditorServer: Finished looking for orphan Actors (0.000 secs)
[2016.10.28-21.23.57:354][  0]Cmd: MAP CHECKDEP NOCLEARLOG
[2016.10.28-21.23.57:400][  0]MapCheck: Info Map check complete: 0 Error(s), 0 Warning(s), took 46.407ms to complete.
[2016.10.28-21.23.57:401][  0]LogFileHelpers: Loading map 'Minimal_Default' took 0.529
[2016.10.28-21.23.57:539][  0]LogCollectionManager: Loaded 0 collections in 0.001225 seconds
[2016.10.28-21.23.57:579][  0]LogFileCache: Scanning file cache for directory 'C:/Users/Bormaj/Documents/GitHub/GameDev-Project-3/classes/Saved/Collections/' took 0.01s
[2016.10.28-21.23.57:579][  0]LogFileCache: Scanning file cache for directory 'C:/Users/Bormaj/Documents/GitHub/GameDev-Project-3/classes/Content/Developers/Bormaj/Collections/' took 0.01s
[2016.10.28-21.23.57:579][  0]LogFileCache: Scanning file cache for directory 'C:/Users/Bormaj/Documents/GitHub/GameDev-Project-3/classes/Content/Collections/' took 0.01s
[2016.10.28-21.23.57:579][  0]LogCollectionManager: Rebuilt the GUID cache for 0 collections in 0.000002 seconds
[2016.10.28-21.23.57:587][  0]LogContentBrowser: Native class hierarchy populated in 0.0080 seconds. Added 2141 classes and 415 folders.
[2016.10.28-21.23.57:591][  0]LogStats: UGameplayTagsManager::ConstructGameplayTagTree: Construct from data asset -  0.000 s
[2016.10.28-21.23.57:591][  0]LogStats: UGameplayTagsManager::ConstructGameplayTagTree: GameplayTagTreeChangedEvent.Broadcast -  0.000 s
[2016.10.28-21.23.57:591][  0]LogContentBrowser: Native class hierarchy updated for 'GameplayTags' in 0.0007 seconds. Added 12 classes and 0 folders.
[2016.10.28-21.23.57:595][  0]LogContentBrowser: Native class hierarchy updated for 'WidgetCarousel' in 0.0004 seconds. Added 0 classes and 0 folders.
[2016.10.28-21.23.58:256][  0]LogContentBrowser: Native class hierarchy updated for 'AddContentDialog' in 0.0005 seconds. Added 0 classes and 0 folders.
[2016.10.28-21.23.58:260][  0]LogContentBrowser: Native class hierarchy updated for 'SceneOutliner' in 0.0005 seconds. Added 1 classes and 2 folders.
[2016.10.28-21.23.58:273][  0]LogCrashTracker: Crashtracker disabled due to settings.
[2016.10.28-21.23.58:278][  0]LogUObjectGlobals:Warning: Failed to find object 'Class None.'
[2016.10.28-21.23.58:306][  0]LogContentBrowser: Native class hierarchy updated for 'HierarchicalLODOutliner' in 0.0005 seconds. Added 1 classes and 2 folders.
[2016.10.28-21.23.58:307][  0]LogLoad: (Engine Initialization) Total time: 7.50 seconds
[2016.10.28-21.23.58:307][  0]LogLoad: (Engine Initialization) Total Blueprint compile time: 0.05 seconds
[2016.10.28-21.23.58:307][  0]LogExternalProfiler: Found external profiler: VSPerf
[2016.10.28-21.23.58:307][  0]LogExternalProfiler: Using external profiler: VSPerf
[2016.10.28-21.23.58:324][  0]LogOcInput: OculusInput pre-init called
[2016.10.28-21.23.58:343][  0]LogContentStreaming: Texture pool size now 400 MB
[2016.10.28-21.23.58:589][  0]LogRenderer: Reallocating scene render targets to support 844x476 (Frame:2).
[2016.10.28-21.23.59:359][  2]LogAssetRegistry: Asset discovery search completed in 4.7726 seconds
[2016.10.28-21.23.59:359][  2]LogCollectionManager: Rebuilt the object cache for 0 collections in 0.000001 seconds (found 0 objects)
[2016.10.28-21.23.59:359][  2]LogCollectionManager: Fixed up redirectors for 0 collections in 0.000031 seconds (updated 0 objects)
[2016.10.28-21.24.45:841][398]LogContentBrowser: Native class hierarchy updated for 'BlueprintGraph' in 0.0008 seconds. Added 112 classes and 0 folders.
[2016.10.28-21.34.34:831][153]LogFileHelpers: Editor autosave (incl. sublevels) for '/Game/StarterContent/Maps/Minimal_Default' took 0.075
[2016.10.28-21.34.34:835][153]OBJ SavePackage: Generating thumbnails for [0] asset(s) in package [/Game/Blueprints/Inventory] ([1] browsable assets)...
[2016.10.28-21.34.34:835][153]OBJ SavePackage: Finished generating thumbnails for package [/Game/Blueprints/Inventory]
[2016.10.28-21.34.34:906][153]LogSavePackage: Save=33.52ms
[2016.10.28-21.34.34:906][153]LogSavePackage: Moving '../../../../../../Users/Bormaj/Documents/GitHub/GameDev-Project-3/classes/Saved/Inventory_Auto1D8EC2702414ED9B963143F99FC666CEA.tmp' to '../../../../../../Users/Bormaj/Documents/GitHub/GameDev-Project-3/classes/Saved/Autosaves/Game/Blueprints/Inventory_Auto1.uasset'
[2016.10.28-21.34.34:908][153]LogSavePackage:Display: Finished SavePackage ../../../../../../Users/Bormaj/Documents/GitHub/GameDev-Project-3/classes/Saved/Autosaves/Game/Blueprints/Inventory_Auto1.uasset
[2016.10.28-21.34.34:908][153]OBJ SavePackage: Generating thumbnails for [0] asset(s) in package [/Game/Blueprints/Package] ([1] browsable assets)...
[2016.10.28-21.34.34:908][153]OBJ SavePackage: Finished generating thumbnails for package [/Game/Blueprints/Package]
[2016.10.28-21.34.34:944][153]LogSavePackage: Save=19.27ms
[2016.10.28-21.34.34:944][153]LogSavePackage: Moving '../../../../../../Users/Bormaj/Documents/GitHub/GameDev-Project-3/classes/Saved/Package_Auto1A40E9A2C4926499AD7766FAFC46B71A3.tmp' to '../../../../../../Users/Bormaj/Documents/GitHub/GameDev-Project-3/classes/Saved/Autosaves/Game/Blueprints/Package_Auto1.uasset'
[2016.10.28-21.34.34:945][153]LogSavePackage:Display: Finished SavePackage ../../../../../../Users/Bormaj/Documents/GitHub/GameDev-Project-3/classes/Saved/Autosaves/Game/Blueprints/Package_Auto1.uasset
[2016.10.28-21.34.34:945][153]LogFileHelpers: Auto-saving content packages took 0.111
[2016.10.28-21.35.13:992][861]LogRenderer: Reallocating scene render targets to support 1168x720 (Frame:6197).
[2016.10.28-21.37.55:827][373]BlueprintLog: New page: Compile Package
[2016.10.28-21.40.24:135][566]BlueprintLog: New page: Compile Package
[2016.10.28-21.41.26:617][817]LogActorFactory: Actor Factory created MaterialSphere
[2016.10.28-21.41.49:679][460]LogTexture:Display: Building textures: SunsetAmbientCubemap (RGBA16F)
[2016.10.28-21.42.10:360][460]LogTexture:Display: Building textures: SimplygonLogo (AutoDXT)
[2016.10.28-21.42.47:174][271]BlueprintLog: New page: Compile Package
[2016.10.28-21.45.51:747][820]LogSavePackage: Save=186.45ms
[2016.10.28-21.45.51:747][820]LogSavePackage: Moving '../../../../../../Users/Bormaj/Documents/GitHub/GameDev-Project-3/classes/Saved/Minimal_Default_Auto28776DA3B4F5253C8600DE1A62AD226B1.tmp' to '../../../../../../Users/Bormaj/Documents/GitHub/GameDev-Project-3/classes/Saved/Autosaves/Game/StarterContent/Maps/Minimal_Default_Auto2.umap'
[2016.10.28-21.45.51:748][820]LogSavePackage:Display: Finished SavePackage ../../../../../../Users/Bormaj/Documents/GitHub/GameDev-Project-3/classes/Saved/Autosaves/Game/StarterContent/Maps/Minimal_Default_Auto2.umap
[2016.10.28-21.45.51:753][820]LogFileHelpers: Editor autosave (incl. sublevels) for '/Game/StarterContent/Maps/Minimal_Default' took 0.288
[2016.10.28-21.45.51:753][820]LogFileHelpers: Editor autosave (incl. sublevels) for all levels took 0.288
[2016.10.28-21.45.51:755][820]OBJ SavePackage: Generating thumbnails for [0] asset(s) in package [/Game/Blueprints/Inventory] ([1] browsable assets)...
[2016.10.28-21.45.51:755][820]OBJ SavePackage: Finished generating thumbnails for package [/Game/Blueprints/Inventory]
[2016.10.28-21.45.51:774][820]LogSavePackage: Save=12.54ms
[2016.10.28-21.45.51:774][820]LogSavePackage: Moving '../../../../../../Users/Bormaj/Documents/GitHub/GameDev-Project-3/classes/Saved/Inventory_Auto286592D0A48D8B1D9E509F9BF0AA1F572.tmp' to '../../../../../../Users/Bormaj/Documents/GitHub/GameDev-Project-3/classes/Saved/Autosaves/Game/Blueprints/Inventory_Auto2.uasset'
[2016.10.28-21.45.51:776][820]LogSavePackage:Display: Finished SavePackage ../../../../../../Users/Bormaj/Documents/GitHub/GameDev-Project-3/classes/Saved/Autosaves/Game/Blueprints/Inventory_Auto2.uasset
[2016.10.28-21.45.51:777][820]OBJ SavePackage: Generating thumbnails for [0] asset(s) in package [/Game/Blueprints/Package] ([1] browsable assets)...
[2016.10.28-21.45.51:777][820]OBJ SavePackage: Finished generating thumbnails for package [/Game/Blueprints/Package]
[2016.10.28-21.45.51:798][820]LogSavePackage: Save=13.36ms
[2016.10.28-21.45.51:798][820]LogSavePackage: Moving '../../../../../../Users/Bormaj/Documents/GitHub/GameDev-Project-3/classes/Saved/Package_Auto2D227FC6D437844EEDAC299ABAD3CC16C.tmp' to '../../../../../../Users/Bormaj/Documents/GitHub/GameDev-Project-3/classes/Saved/Autosaves/Game/Blueprints/Package_Auto2.uasset'
[2016.10.28-21.45.51:799][820]LogSavePackage:Display: Finished SavePackage ../../../../../../Users/Bormaj/Documents/GitHub/GameDev-Project-3/classes/Saved/Autosaves/Game/Blueprints/Package_Auto2.uasset
[2016.10.28-21.45.51:799][820]LogFileHelpers: Auto-saving content packages took 0.046
[2016.10.28-21.46.41:366][ 30]Cmd: OBJ SAVEPACKAGE PACKAGE="/Game/Blueprints/Package" FILE="../../../../../../Users/Bormaj/Documents/GitHub/GameDev-Project-3/classes/Content/Blueprints/Package.uasset" SILENT=true
[2016.10.28-21.46.41:391][ 30]LogSavePackage: Save=20.89ms
[2016.10.28-21.46.41:391][ 30]LogSavePackage: Moving '../../../../../../Users/Bormaj/Documents/GitHub/GameDev-Project-3/classes/Saved/Package79F0CFD94C8BAD1930187FB44F494BCF.tmp' to '../../../../../../Users/Bormaj/Documents/GitHub/GameDev-Project-3/classes/Content/Blueprints/Package.uasset'
[2016.10.28-21.46.41:399][ 30]LogSavePackage:Display: Finished SavePackage ../../../../../../Users/Bormaj/Documents/GitHub/GameDev-Project-3/classes/Content/Blueprints/Package.uasset
[2016.10.28-21.46.43:260][ 86]LogActorComponent: UnregisterComponent: (/Engine/Transient.EditorFloorComp) Not registered. Aborting.
[2016.10.28-21.54.26:311][478]BlueprintLog: New page: Compile InventorySlot
[2016.10.28-21.54.31:035][603]Cmd: OBJ SAVEPACKAGE PACKAGE="/Game/Blueprints/InventorySlot" FILE="../../../../../../Users/Bormaj/Documents/GitHub/GameDev-Project-3/classes/Content/Blueprints/InventorySlot.uasset" SILENT=true
[2016.10.28-21.54.31:068][603]LogSavePackage: Save=30.32ms
[2016.10.28-21.54.31:068][603]LogSavePackage: Moving '../../../../../../Users/Bormaj/Documents/GitHub/GameDev-Project-3/classes/Saved/InventorySlotA82DF5314A1C27523AF48DA58CB319E0.tmp' to '../../../../../../Users/Bormaj/Documents/GitHub/GameDev-Project-3/classes/Content/Blueprints/InventorySlot.uasset'
[2016.10.28-21.54.31:073][603]LogSavePackage:Display: Finished SavePackage ../../../../../../Users/Bormaj/Documents/GitHub/GameDev-Project-3/classes/Content/Blueprints/InventorySlot.uasset
[2016.10.28-21.54.34:164][690]Cmd: OBJ SAVEPACKAGE PACKAGE="/Game/Blueprints/InventorySlot" FILE="../../../../../../Users/Bormaj/Documents/GitHub/GameDev-Project-3/classes/Content/Blueprints/InventorySlot.uasset" SILENT=true
[2016.10.28-21.54.34:196][690]LogSavePackage: Save=14.78ms
[2016.10.28-21.54.34:196][690]LogSavePackage: Moving '../../../../../../Users/Bormaj/Documents/GitHub/GameDev-Project-3/classes/Saved/InventorySlot87B9DA994E0A634387F8E5B97FC834E1.tmp' to '../../../../../../Users/Bormaj/Documents/GitHub/GameDev-Project-3/classes/Content/Blueprints/InventorySlot.uasset'
[2016.10.28-21.54.34:199][690]LogSavePackage:Display: Finished SavePackage ../../../../../../Users/Bormaj/Documents/GitHub/GameDev-Project-3/classes/Content/Blueprints/InventorySlot.uasset
[2016.10.28-21.55.40:872][355]BlueprintLog: New page: Compile Inventory
[2016.10.28-21.56.34:562][871]BlueprintLog: New page: Compile Inventory
[2016.10.28-21.56.35:779][898]Cmd: OBJ SAVEPACKAGE PACKAGE="/Game/Blueprints/Inventory" FILE="../../../../../../Users/Bormaj/Documents/GitHub/GameDev-Project-3/classes/Content/Blueprints/Inventory.uasset" SILENT=true
[2016.10.28-21.56.35:820][898]LogSavePackage: Save=23.00ms
[2016.10.28-21.56.35:820][898]LogSavePackage: Moving '../../../../../../Users/Bormaj/Documents/GitHub/GameDev-Project-3/classes/Saved/Inventory4BBF6B304DA0CE5931BC8786CD1F68CA.tmp' to '../../../../../../Users/Bormaj/Documents/GitHub/GameDev-Project-3/classes/Content/Blueprints/Inventory.uasset'
[2016.10.28-21.56.35:832][898]LogSavePackage:Display: Finished SavePackage ../../../../../../Users/Bormaj/Documents/GitHub/GameDev-Project-3/classes/Content/Blueprints/Inventory.uasset
[2016.10.28-21.57.01:570][ 42]LogSavePackage: Save=152.93ms
[2016.10.28-21.57.01:570][ 42]LogSavePackage: Moving '../../../../../../Users/Bormaj/Documents/GitHub/GameDev-Project-3/classes/Saved/Minimal_Default_Auto3C901EC6544A3695378461D8EC78E9153.tmp' to '../../../../../../Users/Bormaj/Documents/GitHub/GameDev-Project-3/classes/Saved/Autosaves/Game/StarterContent/Maps/Minimal_Default_Auto3.umap'
[2016.10.28-21.57.01:572][ 42]LogSavePackage:Display: Finished SavePackage ../../../../../../Users/Bormaj/Documents/GitHub/GameDev-Project-3/classes/Saved/Autosaves/Game/StarterContent/Maps/Minimal_Default_Auto3.umap
[2016.10.28-21.57.01:574][ 42]LogFileHelpers: Editor autosave (incl. sublevels) for '/Game/StarterContent/Maps/Minimal_Default' took 0.195
[2016.10.28-21.57.01:574][ 42]LogFileHelpers: Editor autosave (incl. sublevels) for all levels took 0.195
[2016.10.28-21.58.28:667][411]LogSavePackage: Save=150.81ms
[2016.10.28-21.58.28:668][411]LogSavePackage: Moving '../../../../../../Users/Bormaj/Documents/GitHub/GameDev-Project-3/classes/Saved/Minimal_DefaultE0E4B8FD460738A87E5CD8A911C78814.tmp' to '../../../../../../Users/Bormaj/Documents/GitHub/GameDev-Project-3/classes/Content/StarterContent/Maps/Minimal_Default.umap'
[2016.10.28-21.58.28:672][411]LogSavePackage:Display: Finished SavePackage ../../../../../../Users/Bormaj/Documents/GitHub/GameDev-Project-3/classes/Content/StarterContent/Maps/Minimal_Default.umap
[2016.10.28-21.58.28:703][411]LogFileHelpers: Saving map 'Minimal_Default' took 0.308
[2016.10.28-21.58.28:764][411]LogWindowsTextInputMethodSystem:Display: IME system now deactivated.
[2016.10.28-21.58.28:939][412]Cmd: QUIT_EDITOR
[2016.10.28-21.58.28:993][412]LogExit: Preparing to exit.
[2016.10.28-21.58.29:838][412]LogDirectoryWatcher: A directory notification for 'C:/Users/Bormaj/Documents/GitHub/GameDev-Project-3/classes/Content/' was aborted.
[2016.10.28-21.58.29:867][412]LogExit: Editor shut down
[2016.10.28-21.58.29:867][412]LogExit: Transaction tracking system shut down
[2016.10.28-21.58.30:024][412]LogObj: Freed 0b from 0 cluster array pools.
[2016.10.28-21.58.30:025][412]LogExit: Object subsystem successfully closed.
[2016.10.28-21.58.30:032][412]LogD3D11RHI: Shutdown
[2016.10.28-21.58.30:032][412]LogD3D11RHI: CleanupD3DDevice
[2016.10.28-21.58.30:211][412]LogD3D11RHI: ~FD3D11DynamicRHI
[2016.10.28-21.58.30:238][412]LogModuleManager: Shutting down and abandoning module StaticMeshEditor (236)
[2016.10.28-21.58.30:238][412]LogModuleManager: Shutting down and abandoning module BlueprintGraph (235)
[2016.10.28-21.58.30:238][412]LogModuleManager: Shutting down and abandoning module BlueprintProfiler (234)
[2016.10.28-21.58.30:238][412]LogModuleManager: Shutting down and abandoning module HierarchicalLODOutliner (233)
[2016.10.28-21.58.30:238][412]LogModuleManager: Shutting down and abandoning module CrashTracker (232)
[2016.10.28-21.58.30:238][412]LogModuleManager: Shutting down and abandoning module SceneOutliner (231)
[2016.10.28-21.58.30:238][412]LogModuleManager: Shutting down and abandoning module WidgetCarousel (230)
[2016.10.28-21.58.30:238][412]LogModuleManager: Shutting down and abandoning module AddContentDialog (229)
[2016.10.28-21.58.30:238][412]LogDirectoryWatcher: A directory notification for 'C:/Program Files (x86)/Epic Games/4.13/FeaturePacks/' was aborted.
[2016.10.28-21.58.30:239][412]LogModuleManager: Shutting down and abandoning module GameplayTags (228)
[2016.10.28-21.58.30:239][412]LogModuleManager: Shutting down and abandoning module EditorWidgets (227)
[2016.10.28-21.58.30:239][412]LogModuleManager: Shutting down and abandoning module CollectionManager (226)
[2016.10.28-21.58.30:239][412]LogDirectoryWatcher: A directory notification for 'C:/Users/Bormaj/Documents/GitHub/GameDev-Project-3/classes/Content/Collections/' was aborted.
[2016.10.28-21.58.30:239][412]LogDirectoryWatcher: A directory notification for 'C:/Users/Bormaj/Documents/GitHub/GameDev-Project-3/classes/Content/Developers/Bormaj/Collections/' was aborted.
[2016.10.28-21.58.30:239][412]LogDirectoryWatcher: A directory notification for 'C:/Users/Bormaj/Documents/GitHub/GameDev-Project-3/classes/Saved/Collections/' was aborted.
[2016.10.28-21.58.30:239][412]LogModuleManager: Shutting down and abandoning module StatsViewer (225)
[2016.10.28-21.58.30:239][412]LogModuleManager: Shutting down and abandoning module FoliageEdit (224)
[2016.10.28-21.58.30:239][412]LogModuleManager: Shutting down and abandoning module LandscapeEditor (223)
[2016.10.28-21.58.30:240][412]LogModuleManager: Shutting down and abandoning module SceneDepthPickerMode (222)
[2016.10.28-21.58.30:240][412]LogModuleManager: Shutting down and abandoning module ActorPickerMode (221)
[2016.10.28-21.58.30:240][412]LogModuleManager: Shutting down and abandoning module GeometryMode (220)
[2016.10.28-21.58.30:240][412]LogModuleManager: Shutting down and abandoning module TextureAlignMode (219)
[2016.10.28-21.58.30:240][412]LogModuleManager: Shutting down and abandoning module BspMode (218)
[2016.10.28-21.58.30:240][412]LogModuleManager: Shutting down and abandoning module HardwareSurvey (217)
[2016.10.28-21.58.30:240][412]LogModuleManager: Shutting down and abandoning module SequenceRecorderSections (216)
[2016.10.28-21.58.30:240][412]LogModuleManager: Shutting down and abandoning module SequenceRecorder (215)
[2016.10.28-21.58.30:240][412]LogModuleManager: Shutting down and abandoning module AutomationWorker (214)
[2016.10.28-21.58.30:240][412]LogModuleManager: Shutting down and abandoning module MatineeToLevelSequence (213)
[2016.10.28-21.58.30:240][412]LogModuleManager: Shutting down and abandoning module PlacementMode (212)
[2016.10.28-21.58.30:240][412]LogModuleManager: Shutting down and abandoning module LevelSequenceEditor (211)
[2016.10.28-21.58.30:240][412]LogModuleManager: Shutting down and abandoning module WmfMediaFactory (210)
[2016.10.28-21.58.30:240][412]LogModuleManager: Shutting down and abandoning module WmfMediaEditor (209)
[2016.10.28-21.58.30:240][412]LogModuleManager: Shutting down and abandoning module AvfMediaFactory (208)
[2016.10.28-21.58.30:240][412]LogModuleManager: Shutting down and abandoning module AvfMediaEditor (207)
[2016.10.28-21.58.30:240][412]LogModuleManager: Shutting down and abandoning module Media (206)
[2016.10.28-21.58.30:240][412]LogModuleManager: Shutting down and abandoning module AndroidMediaFactory (205)
[2016.10.28-21.58.30:240][412]LogModuleManager: Shutting down and abandoning module AndroidMediaEditor (204)
[2016.10.28-21.58.30:240][412]LogModuleManager: Shutting down and abandoning module CharacterAI (203)
[2016.10.28-21.58.30:240][412]LogModuleManager: Shutting down and abandoning module SmartSnapping (202)
[2016.10.28-21.58.30:240][412]LogModuleManager: Shutting down and abandoning module SessionServices (201)
[2016.10.28-21.58.30:240][412]LogModuleManager: Shutting down and abandoning module ViewportSnapping (200)
[2016.10.28-21.58.30:240][412]LogModuleManager: Shutting down and abandoning module ViewportInteraction (199)
[2016.10.28-21.58.30:240][412]LogModuleManager: Shutting down and abandoning module LogVisualizer (198)
[2016.10.28-21.58.30:240][412]LogModuleManager: Shutting down and abandoning module GameProjectGeneration (197)
[2016.10.28-21.58.30:240][412]LogModuleManager: Shutting down and abandoning module IntroTutorials (196)
[2016.10.28-21.58.30:240][412]LogModuleManager: Shutting down and abandoning module EditorLiveStreaming (195)
[2016.10.28-21.58.30:240][412]LogModuleManager: Shutting down and abandoning module IOSPlatformEditor (194)
[2016.10.28-21.58.30:241][412]LogModuleManager: Shutting down and abandoning module HTML5PlatformEditor (193)
[2016.10.28-21.58.30:241][412]LogModuleManager: Shutting down and abandoning module AndroidDeviceDetection (192)
[2016.10.28-21.58.30:649][412]LogModuleManager: Shutting down and abandoning module AndroidPlatformEditor (191)
[2016.10.28-21.58.30:649][412]LogModuleManager: Shutting down and abandoning module IOSRuntimeSettings (190)
[2016.10.28-21.58.30:649][412]LogModuleManager: Shutting down and abandoning module AndroidRuntimeSettings (189)
[2016.10.28-21.58.30:649][412]LogModuleManager: Shutting down and abandoning module NiagaraEditor (188)
[2016.10.28-21.58.30:649][412]LogModuleManager: Shutting down and abandoning module MergeActors (187)
[2016.10.28-21.58.30:649][412]LogModuleManager: Shutting down and abandoning module SizeMap (186)
[2016.10.28-21.58.30:649][412]LogModuleManager: Shutting down and abandoning module TreeMap (185)
[2016.10.28-21.58.30:649][412]LogModuleManager: Shutting down and abandoning module ReferenceViewer (184)
[2016.10.28-21.58.30:649][412]LogModuleManager: Shutting down and abandoning module LocalizationService (183)
[2016.10.28-21.58.30:649][412]LogModuleManager: Shutting down and abandoning module LocalizationDashboard (182)
[2016.10.28-21.58.30:649][412]LogModuleManager: Shutting down and abandoning module HardwareTargeting (181)
[2016.10.28-21.58.30:649][412]LogModuleManager: Shutting down and abandoning module DeviceProfileEditor (180)
[2016.10.28-21.58.30:649][412]LogModuleManager: Shutting down and abandoning module UndoHistory (179)
[2016.10.28-21.58.30:649][412]LogModuleManager: Shutting down and abandoning module UserFeedback (178)
[2016.10.28-21.58.30:649][412]LogModuleManager: Shutting down and abandoning module XmlParser (177)
[2016.10.28-21.58.30:649][412]LogModuleManager: Shutting down and abandoning module Blutility (176)
[2016.10.28-21.58.30:649][412]LogModuleManager: Shutting down and abandoning module ProjectTargetPlatformEditor (175)
[2016.10.28-21.58.30:649][412]LogModuleManager: Shutting down and abandoning module ProjectSettingsViewer (174)
[2016.10.28-21.58.30:649][412]LogModuleManager: Shutting down and abandoning module InputBindingEditor (173)
[2016.10.28-21.58.30:650][412]LogModuleManager: Shutting down and abandoning module EditorSettingsViewer (172)
[2016.10.28-21.58.30:650][412]LogModuleManager: Shutting down and abandoning module SettingsEditor (171)
[2016.10.28-21.58.30:650][412]LogModuleManager: Shutting down and abandoning module ProjectLauncher (170)
[2016.10.28-21.58.30:650][412]LogModuleManager: Shutting down and abandoning module SessionFrontend (169)
[2016.10.28-21.58.30:650][412]LogModuleManager: Shutting down and abandoning module ProfilerClient (168)
[2016.10.28-21.58.30:650][412]LogModuleManager: Shutting down and abandoning module TargetDeviceServices (167)
[2016.10.28-21.58.30:650][412]LogModuleManager: Shutting down and abandoning module DeviceManager (166)
[2016.10.28-21.58.30:704][412]LogModuleManager: Shutting down and abandoning module AutomationController (165)
[2016.10.28-21.58.30:704][412]LogModuleManager: Shutting down and abandoning module AutomationWindow (164)
[2016.10.28-21.58.30:704][412]LogModuleManager: Shutting down and abandoning module Layers (163)
[2016.10.28-21.58.30:704][412]LogModuleManager: Shutting down and abandoning module ComponentVisualizers (162)
[2016.10.28-21.58.30:704][412]LogModuleManager: Shutting down and abandoning module DetailCustomizations (161)
[2016.10.28-21.58.30:704][412]LogModuleManager: Shutting down and abandoning module PackagesDialog (160)
[2016.10.28-21.58.30:704][412]LogModuleManager: Shutting down and abandoning module AnimGraph (159)
[2016.10.28-21.58.30:704][412]LogModuleManager: Shutting down and abandoning module Persona (158)
[2016.10.28-21.58.30:704][412]LogModuleManager: Shutting down and abandoning module Kismet (157)
[2016.10.28-21.58.30:709][412]LogModuleManager: Shutting down and abandoning module GraphEditor (156)
[2016.10.28-21.58.30:709][412]LogModuleManager: Shutting down and abandoning module ClassViewer (155)
[2016.10.28-21.58.30:711][412]LogModuleManager: Shutting down and abandoning module Toolbox (154)
[2016.10.28-21.58.30:711][412]LogModuleManager: Shutting down and abandoning module ModuleUI (153)
[2016.10.28-21.58.30:711][412]LogModuleManager: Shutting down and abandoning module MovieSceneTools (152)
[2016.10.28-21.58.30:711][412]LogModuleManager: Shutting down and abandoning module OutputLog (151)
[2016.10.28-21.58.30:711][412]LogModuleManager: Shutting down and abandoning module GammaUI (150)
[2016.10.28-21.58.30:711][412]LogModuleManager: Shutting down and abandoning module Documentation (149)
[2016.10.28-21.58.30:711][412]LogModuleManager: Shutting down and abandoning module Niagara (148)
[2016.10.28-21.58.30:711][412]LogModuleManager: Shutting down and abandoning module StreamingPauseRendering (147)
[2016.10.28-21.58.30:711][412]LogModuleManager: Shutting down and abandoning module AnalyticsET (146)
[2016.10.28-21.58.30:711][412]LogModuleManager: Shutting down and abandoning module PortalServices (145)
[2016.10.28-21.58.30:711][412]LogModuleManager: Shutting down and abandoning module PortalRpc (144)
[2016.10.28-21.58.30:711][412]LogModuleManager: Shutting down and abandoning module MessagingRpc (143)
[2016.10.28-21.58.30:711][412]LogModuleManager: Shutting down and abandoning module GameplayDebugger (142)
[2016.10.28-21.58.30:711][412]LogModuleManager: Shutting down and abandoning module AITestSuite (141)
[2016.10.28-21.58.30:711][412]LogModuleManager: Shutting down and abandoning module AIModule (140)
[2016.10.28-21.58.30:711][412]LogModuleManager: Shutting down and abandoning module ProfilerService (139)
[2016.10.28-21.58.30:770][412]LogModuleManager: Shutting down and abandoning module TaskGraph (138)
[2016.10.28-21.58.30:770][412]LogModuleManager: Shutting down and abandoning module SlateRemote (137)
[2016.10.28-21.58.30:770][412]LogModuleManager: Shutting down and abandoning module SteamVRController (136)
[2016.10.28-21.58.30:770][412]LogModuleManager: Shutting down and abandoning module SteamVR (135)
[2016.10.28-21.58.30:770][412]LogModuleManager: Shutting down and abandoning module ProceduralMeshComponentEditor (134)
[2016.10.28-21.58.30:770][412]LogModuleManager: Shutting down and abandoning module ProceduralMeshComponent (133)
[2016.10.28-21.58.30:770][412]LogModuleManager: Shutting down and abandoning module OculusLibrary (132)
[2016.10.28-21.58.30:770][412]LogModuleManager: Shutting down and abandoning module OculusInput (131)
[2016.10.28-21.58.30:770][412]LogModuleManager: Shutting down and abandoning module CustomMeshComponent (130)
[2016.10.28-21.58.30:770][412]LogModuleManager: Shutting down and abandoning module CableComponent (129)
[2016.10.28-21.58.30:770][412]LogModuleManager: Shutting down and abandoning module ArchVisCharacter (128)
[2016.10.28-21.58.30:770][412]LogModuleManager: Shutting down and abandoning module MediaPlayerEditor (126)
[2016.10.28-21.58.30:770][412]LogModuleManager: Shutting down and abandoning module HTML5Networking (125)
[2016.10.28-21.58.30:770][412]LogModuleManager: Shutting down and abandoning module GeometryCacheEd (124)
[2016.10.28-21.58.30:770][412]LogModuleManager: Shutting down and abandoning module GeometryCache (123)
[2016.10.28-21.58.30:770][412]LogModuleManager: Shutting down and abandoning module AlembicLibrary (122)
[2016.10.28-21.58.30:770][412]LogModuleManager: Shutting down and abandoning module AlembicImporter (121)
[2016.10.28-21.58.30:770][412]LogModuleManager: Shutting down and abandoning module SuperSearch (120)
[2016.10.28-21.58.30:770][412]LogModuleManager: Shutting down and abandoning module SuperSearchEditor (119)
[2016.10.28-21.58.30:770][412]LogModuleManager: Shutting down and abandoning module SpeedTreeImporter (118)
[2016.10.28-21.58.30:770][412]LogModuleManager: Shutting down and abandoning module PluginBrowser (117)
[2016.10.28-21.58.30:770][412]LogModuleManager: Shutting down and abandoning module MobileLauncherProfileWizard (116)
[2016.10.28-21.58.30:770][412]LogModuleManager: Shutting down and abandoning module EpicSurvey (115)
[2016.10.28-21.58.30:770][412]LogModuleManager: Shutting down and abandoning module DesktopPlatform (114)
[2016.10.28-21.58.30:770][412]LogModuleManager: Shutting down and abandoning module VisualStudioSourceCodeAccess (113)
[2016.10.28-21.58.30:770][412]LogModuleManager: Shutting down and abandoning module UObjectPlugin (112)
[2016.10.28-21.58.30:770][412]LogModuleManager: Shutting down and abandoning module SubversionSourceControl (111)
[2016.10.28-21.58.30:770][412]LogModuleManager: Shutting down and abandoning module PerforceSourceControl (110)
[2016.10.28-21.58.30:770][412]LogModuleManager: Shutting down and abandoning module SourceControl (109)
[2016.10.28-21.58.30:770][412]LogModuleManager: Shutting down and abandoning module GitSourceControl (108)
[2016.10.28-21.58.30:771][412]LogModuleManager: Shutting down and abandoning module LightPropagationVolumeEditor (107)
[2016.10.28-21.58.30:771][412]LogModuleManager: Shutting down and abandoning module PaperTiledImporter (106)
[2016.10.28-21.58.30:771][412]LogModuleManager: Shutting down and abandoning module PaperSpriteSheetImporter (105)
[2016.10.28-21.58.30:771][412]LogModuleManager: Shutting down and abandoning module MeshPaint (104)
[2016.10.28-21.58.30:771][412]LogModuleManager: Shutting down and abandoning module FbxAutomationBuilderModule (103)
[2016.10.28-21.58.30:771][412]LogModuleManager: Shutting down and abandoning module PixelInspectorModule (102)
[2016.10.28-21.58.30:771][412]LogModuleManager: Shutting down and abandoning module HotReload (101)
[2016.10.28-21.58.30:772][412]LogModuleManager: Shutting down and abandoning module MainFrame (100)
[2016.10.28-21.58.30:772][412]LogModuleManager: Shutting down and abandoning module LevelEditor (99)
[2016.10.28-21.58.30:772][412]LogModuleManager: Shutting down and abandoning module ContentBrowser (98)
[2016.10.28-21.58.30:773][412]LogModuleManager: Shutting down and abandoning module Paper2DEditor (97)
[2016.10.28-21.58.30:773][412]LogModuleManager: Shutting down and abandoning module UdpMessaging (96)
[2016.10.28-21.58.30:875][412]LogModuleManager: Shutting down and abandoning module TcpMessaging (95)
[2016.10.28-21.58.30:975][412]LogModuleManager: Shutting down and abandoning module LightPropagationVolumeRuntime (94)
[2016.10.28-21.58.30:975][412]LogModuleManager: Shutting down and abandoning module Paper2D (93)
[2016.10.28-21.58.30:975][412]LogModuleManager: Shutting down and abandoning module WindowsMoviePlayer (92)
[2016.10.28-21.58.30:975][412]LogModuleManager: Shutting down and abandoning module WmfMedia (91)
[2016.10.28-21.58.30:975][412]LogModuleManager: Shutting down and abandoning module MediaAssets (90)
[2016.10.28-21.58.30:975][412]LogModuleManager: Shutting down and abandoning module GameLiveStreaming (89)
[2016.10.28-21.58.30:975][412]LogModuleManager: Shutting down and abandoning module GameplayTagsEditor (88)
[2016.10.28-21.58.30:975][412]LogModuleManager: Shutting down and abandoning module VREditor (87)
[2016.10.28-21.58.30:975][412]LogModuleManager: Shutting down and abandoning module GameplayTasksEditor (86)
[2016.10.28-21.58.30:975][412]LogModuleManager: Shutting down and abandoning module PropertyEditor (85)
[2016.10.28-21.58.30:975][412]LogModuleManager: Shutting down and abandoning module BehaviorTreeEditor (84)
[2016.10.28-21.58.30:975][412]LogModuleManager: Shutting down and abandoning module FunctionalTesting (83)
[2016.10.28-21.58.30:975][412]LogModuleManager: Shutting down and abandoning module CollisionAnalyzer (82)
[2016.10.28-21.58.30:975][412]LogModuleManager: Shutting down and abandoning module Sequencer (81)
[2016.10.28-21.58.30:975][412]LogModuleManager: Shutting down and abandoning module WorkspaceMenuStructure (80)
[2016.10.28-21.58.30:975][412]LogModuleManager: Shutting down and abandoning module MessageLog (79)
[2016.10.28-21.58.30:975][412]LogModuleManager: Shutting down and abandoning module AssetTools (78)
[2016.10.28-21.58.30:975][412]LogModuleManager: Shutting down and abandoning module UMGEditor (77)
[2016.10.28-21.58.30:975][412]LogModuleManager: Shutting down and abandoning module UMG (76)
[2016.10.28-21.58.30:975][412]LogModuleManager: Shutting down and abandoning module SlateReflector (75)
[2016.10.28-21.58.30:975][412]LogModuleManager: Shutting down and abandoning module Slate (74)
[2016.10.28-21.58.30:976][412]LogModuleManager: Shutting down and abandoning module EditorStyle (73)
[2016.10.28-21.58.30:978][412]LogModuleManager: Shutting down and abandoning module SourceCodeAccess (72)
[2016.10.28-21.58.30:978][412]LogModuleManager: Shutting down and abandoning module HeadMountedDisplay (71)
[2016.10.28-21.58.30:978][412]LogModuleManager: Shutting down and abandoning module XAudio2 (70)
[2016.10.28-21.58.30:978][412]LogModuleManager: Shutting down and abandoning module Networking (68)
[2016.10.28-21.58.30:978][412]LogModuleManager: Shutting down and abandoning module Core (67)
[2016.10.28-21.58.30:978][412]LogModuleManager: Shutting down and abandoning module DirectoryWatcher (66)
[2016.10.28-21.58.30:978][412]LogDirectoryWatcher: A directory notification for '../../../Engine/Content/' was aborted.
[2016.10.28-21.58.30:978][412]LogDirectoryWatcher: A directory notification for '../../../../../../Users/Bormaj/Documents/GitHub/GameDev-Project-3/classes/Content/' was aborted.
[2016.10.28-21.58.30:979][412]LogDirectoryWatcher: A directory notification for '../../../Engine/Plugins/2D/Paper2D/Content/' was aborted.
[2016.10.28-21.58.30:979][412]LogModuleManager: Shutting down and abandoning module AssetRegistry (65)
[2016.10.28-21.58.31:218][412]LogModuleManager: Shutting down and abandoning module KismetCompiler (64)
[2016.10.28-21.58.31:218][412]LogModuleManager: Shutting down and abandoning module PhysXFormats (63)
[2016.10.28-21.58.31:218][412]LogModuleManager: Shutting down and abandoning module MeshUtilities (62)
[2016.10.28-21.58.31:218][412]LogModuleManager: Shutting down and abandoning module DerivedDataCache (61)
[2016.10.28-21.58.31:246][412]LogDerivedDataCache: Shutdown
[2016.10.28-21.58.31:246][412]LogModuleManager: Shutting down and abandoning module VulkanShaderFormat (60)
[2016.10.28-21.58.31:246][412]LogModuleManager: Shutting down and abandoning module ShaderFormatOpenGL (59)
[2016.10.28-21.58.31:246][412]LogModuleManager: Shutting down and abandoning module ShaderFormatD3D (58)
[2016.10.28-21.58.31:246][412]LogModuleManager: Shutting down and abandoning module MetalShaderFormat (57)
[2016.10.28-21.58.31:246][412]LogModuleManager: Shutting down and abandoning module TextureFormatUncompressed (56)
[2016.10.28-21.58.31:246][412]LogModuleManager: Shutting down and abandoning module TextureFormatPVR (55)
[2016.10.28-21.58.31:246][412]LogModuleManager: Shutting down and abandoning module TextureFormatDXT (54)
[2016.10.28-21.58.31:246][412]LogModuleManager: Shutting down and abandoning module TextureFormatIntelISPCTexComp (53)
[2016.10.28-21.58.31:247][412]LogModuleManager: Shutting down and abandoning module ImageWrapper (52)
[2016.10.28-21.58.31:247][412]LogModuleManager: Shutting down and abandoning module TextureFormatASTC (51)
[2016.10.28-21.58.31:247][412]LogModuleManager: Shutting down and abandoning module TextureFormatAndroid (50)
[2016.10.28-21.58.31:247][412]LogModuleManager: Shutting down and abandoning module AudioFormatOpus (49)
[2016.10.28-21.58.31:247][412]LogModuleManager: Shutting down and abandoning module AudioFormatOgg (48)
[2016.10.28-21.58.31:247][412]LogModuleManager: Shutting down and abandoning module AudioFormatADPCM (47)
[2016.10.28-21.58.31:247][412]LogModuleManager: Shutting down and abandoning module LinuxTargetPlatform (46)
[2016.10.28-21.58.31:247][412]LogModuleManager: Shutting down and abandoning module LinuxServerTargetPlatform (45)
[2016.10.28-21.58.31:247][412]LogModuleManager: Shutting down and abandoning module LinuxNoEditorTargetPlatform (44)
[2016.10.28-21.58.31:247][412]LogModuleManager: Shutting down and abandoning module LinuxClientTargetPlatform (43)
[2016.10.28-21.58.31:247][412]LogModuleManager: Shutting down and abandoning module TVOSTargetPlatform (42)
[2016.10.28-21.58.31:247][412]LogModuleManager: Shutting down and abandoning module Messaging (41)
[2016.10.28-21.58.31:247][412]LogModuleManager: Shutting down and abandoning module IOSTargetPlatform (40)
[2016.10.28-21.58.31:247][412]LogModuleManager: Shutting down and abandoning module HTML5TargetPlatform (39)
[2016.10.28-21.58.31:247][412]LogModuleManager: Shutting down and abandoning module Android_PVRTCTargetPlatform (38)
[2016.10.28-21.58.31:247][412]LogModuleManager: Shutting down and abandoning module Android_MultiTargetPlatform (37)
[2016.10.28-21.58.31:247][412]LogModuleManager: Shutting down and abandoning module Android_ETC2TargetPlatform (36)
[2016.10.28-21.58.31:247][412]LogModuleManager: Shutting down and abandoning module Android_ETC1TargetPlatform (35)
[2016.10.28-21.58.31:247][412]LogModuleManager: Shutting down and abandoning module Android_DXTTargetPlatform (34)
[2016.10.28-21.58.31:247][412]LogModuleManager: Shutting down and abandoning module Android_ATCTargetPlatform (33)
[2016.10.28-21.58.31:247][412]LogModuleManager: Shutting down and abandoning module Android_ASTCTargetPlatform (32)
[2016.10.28-21.58.31:247][412]LogModuleManager: Shutting down and abandoning module AndroidTargetPlatform (31)
[2016.10.28-21.58.31:247][412]LogModuleManager: Shutting down and abandoning module WindowsTargetPlatform (30)
[2016.10.28-21.58.31:247][412]LogModuleManager: Shutting down and abandoning module WindowsServerTargetPlatform (29)
[2016.10.28-21.58.31:247][412]LogModuleManager: Shutting down and abandoning module WindowsNoEditorTargetPlatform (28)
[2016.10.28-21.58.31:247][412]LogModuleManager: Shutting down and abandoning module WindowsClientTargetPlatform (27)
[2016.10.28-21.58.31:247][412]LogModuleManager: Shutting down and abandoning module AllDesktopTargetPlatform (26)
[2016.10.28-21.58.31:247][412]LogModuleManager: Shutting down and abandoning module TargetPlatform (25)
[2016.10.28-21.58.31:247][412]LogModuleManager: Shutting down and abandoning module InputCore (24)
[2016.10.28-21.58.31:247][412]LogModuleManager: Shutting down and abandoning module Settings (23)
[2016.10.28-21.58.31:247][412]LogModuleManager: Shutting down and abandoning module OculusRift (22)
[2016.10.28-21.58.31:247][412]LogModuleManager: Shutting down and abandoning module GearVR (21)
[2016.10.28-21.58.31:247][412]LogModuleManager: Shutting down and abandoning module ExampleDeviceProfileSelector (20)
[2016.10.28-21.58.31:247][412]LogModuleManager: Shutting down and abandoning module OnlineBlueprintSupport (19)
[2016.10.28-21.58.31:247][412]LogModuleManager: Shutting down and abandoning module OnlineSubsystem (17)
[2016.10.28-21.58.31:247][412]LogOnline:Display: Unloading online subsystem: NULL
[2016.10.28-21.58.31:247][412]LogModuleManager: Shutting down and abandoning module HTTP (16)
[2016.10.28-21.58.31:247][412]LogHttp:Display: Http module shutting down, but needs to wait on 1 outstanding Http requests:
[2016.10.28-21.58.31:247][412]LogHttp:Display: 	verb=[POST] url=[https://datarouter.ol.epicgames.com/datarouter/api/v1/public/data?SessionID=%7B34CEF52E-40A3-E53A-C5F3-1394938AE16C%7D&AppID=UEEditor.Rocket.Release&AppVersion=4.13.1-3142249%2B%2B%2BUE4%2BRelease-4.13&UserID=34ec590c4a3a3387d9d45ead7afb46d7%7C92181dc36c2142d09011d4d2d9b71309%7Cf062dcf3-99bf-4d83-be17-179a394d59a5&AppEnvironment=datacollector-binary&UploadType=eteventstream] status=Processing
[2016.10.28-21.58.31:249][412]LogModuleManager: Shutting down and abandoning module XMPP (15)
[2016.10.28-21.58.31:249][412]LogModuleManager: Shutting down and abandoning module TextureCompressor (14)
[2016.10.28-21.58.31:249][412]LogModuleManager: Shutting down and abandoning module ShaderCore (13)
[2016.10.28-21.58.31:249][412]LogModuleManager: Shutting down and abandoning module Landscape (12)
[2016.10.28-21.58.31:249][412]LogModuleManager: Shutting down and abandoning module SlateRHIRenderer (11)
[2016.10.28-21.58.31:251][412]LogModuleManager: Shutting down and abandoning module OpenGLDrv (10)
[2016.10.28-21.58.31:251][412]LogModuleManager: Shutting down and abandoning module D3D11RHI (9)
[2016.10.28-21.58.31:251][412]LogModuleManager: Shutting down and abandoning module AnimGraphRuntime (8)
[2016.10.28-21.58.31:251][412]LogModuleManager: Shutting down and abandoning module Renderer (7)
[2016.10.28-21.58.31:251][412]LogModuleManager: Shutting down and abandoning module Engine (6)
[2016.10.28-21.58.31:251][412]LogModuleManager: Shutting down and abandoning module CoreUObject (5)
[2016.10.28-21.58.31:251][412]LogModuleManager: Shutting down and abandoning module NetworkFile (4)
[2016.10.28-21.58.31:251][412]LogModuleManager: Shutting down and abandoning module StreamingFile (3)
[2016.10.28-21.58.31:251][412]LogModuleManager: Shutting down and abandoning module SandboxFile (2)
[2016.10.28-21.58.31:251][412]LogModuleManager: Shutting down and abandoning module PakFile (1)
[2016.10.28-21.58.31:252][412]LogExit: Exiting.
[2016.10.28-21.58.31:263][412]Log file closed, 10/28/16 17:58:31
