Log file open, 11/07/16 21:13:21
LogInit:Display: Running engine for game: classsample
LogPlatformFile: Not using cached read wrapper
LogInit:Display: RandInit(-255065798) SRandInit(-255065798).
LogTaskGraph: Started task graph with 5 named threads and 10 total threads with 1 sets of task threads.
LogStats: Stats thread started at 0.124776
LogPluginManager: Loaded Plugin Paper2D, From C:/Program Files/Epic Games/4.13/Engine/Plugins/2D/Paper2D/Paper2D.uplugin
LogPluginManager: Loaded Plugin LightPropagationVolume, From C:/Program Files/Epic Games/4.13/Engine/Plugins/Blendables/LightPropagationVolume/LightPropagationVolume.uplugin
LogPluginManager: Loaded Plugin BlankPlugin, From C:/Program Files/Epic Games/4.13/Engine/Plugins/Developer/BlankPlugin/BlankPlugin.uplugin
LogPluginManager: Loaded Plugin CodeLiteSourceCodeAccess, From C:/Program Files/Epic Games/4.13/Engine/Plugins/Developer/CodeLiteSourceCodeAccess/CodeLiteSourceCodeAccess.uplugin
LogPluginManager: Loaded Plugin GitSourceControl, From C:/Program Files/Epic Games/4.13/Engine/Plugins/Developer/GitSourceControl/GitSourceControl.uplugin
LogPluginManager: Loaded Plugin KDevelopSourceCodeAccess, From C:/Program Files/Epic Games/4.13/Engine/Plugins/Developer/KDevelopSourceCodeAccess/KDevelopSourceCodeAccess.uplugin
LogPluginManager: Loaded Plugin NullSourceCodeAccess, From C:/Program Files/Epic Games/4.13/Engine/Plugins/Developer/NullSourceCodeAccess/NullSourceCodeAccess.uplugin
LogPluginManager: Loaded Plugin OneSkyLocalizationService, From C:/Program Files/Epic Games/4.13/Engine/Plugins/Developer/OneSkyLocalizationService/OneSkyLocalizationService.uplugin
LogPluginManager: Loaded Plugin PerforceSourceControl, From C:/Program Files/Epic Games/4.13/Engine/Plugins/Developer/PerforceSourceControl/PerforceSourceControl.uplugin
LogPluginManager: Loaded Plugin SubversionSourceControl, From C:/Program Files/Epic Games/4.13/Engine/Plugins/Developer/SubversionSourceControl/SubversionSourceControl.uplugin
LogPluginManager: Loaded Plugin UObjectPlugin, From C:/Program Files/Epic Games/4.13/Engine/Plugins/Developer/UObjectPlugin/UObjectPlugin.uplugin
LogPluginManager: Loaded Plugin VisualStudioSourceCodeAccess, From C:/Program Files/Epic Games/4.13/Engine/Plugins/Developer/VisualStudioSourceCodeAccess/VisualStudioSourceCodeAccess.uplugin
LogPluginManager: Loaded Plugin XCodeSourceCodeAccess, From C:/Program Files/Epic Games/4.13/Engine/Plugins/Developer/XCodeSourceCodeAccess/XCodeSourceCodeAccess.uplugin
LogPluginManager: Loaded Plugin EpicSurvey, From C:/Program Files/Epic Games/4.13/Engine/Plugins/Editor/EpicSurvey/EpicSurvey.uplugin
LogPluginManager: Loaded Plugin MacGraphicsSwitching, From C:/Program Files/Epic Games/4.13/Engine/Plugins/Editor/MacGraphicsSwitching/MacGraphicsSwitching.uplugin
LogPluginManager: Loaded Plugin MobileLauncherProfileWizard, From C:/Program Files/Epic Games/4.13/Engine/Plugins/Editor/MobileLauncherProfileWizard/MobileLauncherProfileWizard.uplugin
LogPluginManager: Loaded Plugin PluginBrowser, From C:/Program Files/Epic Games/4.13/Engine/Plugins/Editor/PluginBrowser/PluginBrowser.uplugin
LogPluginManager: Loaded Plugin SpeedTreeImporter, From C:/Program Files/Epic Games/4.13/Engine/Plugins/Editor/SpeedTreeImporter/SpeedTreeImporter.uplugin
LogPluginManager: Loaded Plugin SuperSearchEditor, From C:/Program Files/Epic Games/4.13/Engine/Plugins/Editor/SuperSearchEditor/SuperSearchEditor.uplugin
LogPluginManager: Loaded Plugin AlembicImporter, From C:/Program Files/Epic Games/4.13/Engine/Plugins/Experimental/AlembicImporter/AlembicImporter.uplugin
LogPluginManager: Loaded Plugin BlueprintStats, From C:/Program Files/Epic Games/4.13/Engine/Plugins/Experimental/BlueprintStats/BlueprintStats.uplugin
LogPluginManager: Loaded Plugin CharacterAI, From C:/Program Files/Epic Games/4.13/Engine/Plugins/Experimental/CharacterAI/CharacterAI.uplugin
LogPluginManager: Loaded Plugin CodeEditor, From C:/Program Files/Epic Games/4.13/Engine/Plugins/Experimental/CodeEditor/CodeEditor.uplugin
LogPluginManager: Loaded Plugin CodeView, From C:/Program Files/Epic Games/4.13/Engine/Plugins/Experimental/CodeView/CodeView.uplugin
LogPluginManager: Loaded Plugin HTML5Networking, From C:/Program Files/Epic Games/4.13/Engine/Plugins/Experimental/HTML5Networking/HTML5Networking.uplugin
LogPluginManager: Loaded Plugin LiveEditor, From C:/Program Files/Epic Games/4.13/Engine/Plugins/Experimental/LiveEditor/LiveEditor.uplugin
LogPluginManager: Loaded Plugin OSVR, From C:/Program Files/Epic Games/4.13/Engine/Plugins/Experimental/OSVR/OSVR.uplugin
LogPluginManager: Loaded Plugin Phya, From C:/Program Files/Epic Games/4.13/Engine/Plugins/Experimental/Phya/Phya.uplugin
LogPluginManager: Loaded Plugin SignificanceManager, From C:/Program Files/Epic Games/4.13/Engine/Plugins/Experimental/SignificanceManager/SignificanceManager.uplugin
LogPluginManager: Loaded Plugin SimpleHMD, From C:/Program Files/Epic Games/4.13/Engine/Plugins/Experimental/SimpleHMD/SimpleHMD.uplugin
LogPluginManager: Loaded Plugin StereoPanorama, From C:/Program Files/Epic Games/4.13/Engine/Plugins/Experimental/StereoPanorama/StereoPanorama.uplugin
LogPluginManager: Loaded Plugin StructBox, From C:/Program Files/Epic Games/4.13/Engine/Plugins/Experimental/StructBox/StructBox.uplugin
LogPluginManager: Loaded Plugin AndroidMedia, From C:/Program Files/Epic Games/4.13/Engine/Plugins/Media/AndroidMedia/AndroidMedia.uplugin
LogPluginManager: Loaded Plugin AvfMedia, From C:/Program Files/Epic Games/4.13/Engine/Plugins/Media/AvfMedia/AvfMedia.uplugin
LogPluginManager: Loaded Plugin MediaPlayerEditor, From C:/Program Files/Epic Games/4.13/Engine/Plugins/Media/MediaPlayerEditor/MediaPlayerEditor.uplugin
LogPluginManager: Loaded Plugin WmfMedia, From C:/Program Files/Epic Games/4.13/Engine/Plugins/Media/WmfMedia/WmfMedia.uplugin
LogPluginManager: Loaded Plugin MessagingDebugger, From C:/Program Files/Epic Games/4.13/Engine/Plugins/Messaging/MessagingDebugger/MessagingDebugger.uplugin
LogPluginManager: Loaded Plugin TcpMessaging, From C:/Program Files/Epic Games/4.13/Engine/Plugins/Messaging/TcpMessaging/TcpMessaging.uplugin
LogPluginManager: Loaded Plugin UdpMessaging, From C:/Program Files/Epic Games/4.13/Engine/Plugins/Messaging/UdpMessaging/UdpMessaging.uplugin
LogPluginManager: Loaded Plugin LevelSequenceEditor, From C:/Program Files/Epic Games/4.13/Engine/Plugins/MovieScene/LevelSequenceEditor/LevelSequenceEditor.uplugin
LogPluginManager: Loaded Plugin MatineeToLevelSequence, From C:/Program Files/Epic Games/4.13/Engine/Plugins/MovieScene/MatineeToLevelSequence/MatineeToLevelSequence.uplugin
LogPluginManager: Loaded Plugin NetcodeUnitTest, From C:/Program Files/Epic Games/4.13/Engine/Plugins/NetcodeUnitTest/NetcodeUnitTest/NetcodeUnitTest.uplugin
LogPluginManager: Loaded Plugin NUTUnrealEngine4, From C:/Program Files/Epic Games/4.13/Engine/Plugins/NetcodeUnitTest/NUTUnrealEngine4/NUTUnrealEngine4.uplugin
LogPluginManager: Loaded Plugin OnlineSubsystemGooglePlay, From C:/Program Files/Epic Games/4.13/Engine/Plugins/Online/Android/OnlineSubsystemGooglePlay/OnlineSubsystemGooglePlay.uplugin
LogPluginManager: Loaded Plugin OnlineSubsystemIOS, From C:/Program Files/Epic Games/4.13/Engine/Plugins/Online/IOS/OnlineSubsystemIOS/OnlineSubsystemIOS.uplugin
LogPluginManager: Loaded Plugin OnlineFramework, From C:/Program Files/Epic Games/4.13/Engine/Plugins/Online/OnlineFramework/OnlineFramework.uplugin
LogPluginManager: Loaded Plugin OnlineSubsystem, From C:/Program Files/Epic Games/4.13/Engine/Plugins/Online/OnlineSubsystem/OnlineSubsystem.uplugin
LogPluginManager: Loaded Plugin OnlineSubsystemAmazon, From C:/Program Files/Epic Games/4.13/Engine/Plugins/Online/OnlineSubsystemAmazon/OnlineSubsystemAmazon.uplugin
LogPluginManager: Loaded Plugin OnlineSubsystemFacebook, From C:/Program Files/Epic Games/4.13/Engine/Plugins/Online/OnlineSubsystemFacebook/OnlineSubsystemFacebook.uplugin
LogPluginManager: Loaded Plugin OnlineSubsystemNull, From C:/Program Files/Epic Games/4.13/Engine/Plugins/Online/OnlineSubsystemNull/OnlineSubsystemNull.uplugin
LogPluginManager: Loaded Plugin OnlineSubsystemOculus, From C:/Program Files/Epic Games/4.13/Engine/Plugins/Online/OnlineSubsystemOculus/OnlineSubsystemOculus.uplugin
LogPluginManager: Loaded Plugin OnlineSubsystemSteam, From C:/Program Files/Epic Games/4.13/Engine/Plugins/Online/OnlineSubsystemSteam/OnlineSubsystemSteam.uplugin
LogPluginManager: Loaded Plugin OnlineSubsystemUtils, From C:/Program Files/Epic Games/4.13/Engine/Plugins/Online/OnlineSubsystemUtils/OnlineSubsystemUtils.uplugin
LogPluginManager: Loaded Plugin IOSTapJoy, From C:/Program Files/Epic Games/4.13/Engine/Plugins/Runtime/Advertising/IOSTapJoy/IOSTapJoy.uplugin
LogPluginManager: Loaded Plugin AnalyticsBlueprintLibrary, From C:/Program Files/Epic Games/4.13/Engine/Plugins/Runtime/Analytics/AnalyticsBlueprintLibrary/AnalyticsBlueprintLibrary.uplugin
LogPluginManager: Loaded Plugin AnalyticsMulticast, From C:/Program Files/Epic Games/4.13/Engine/Plugins/Runtime/Analytics/AnalyticsMulticast/AnalyticsMulticast.uplugin
LogPluginManager: Loaded Plugin Apsalar, From C:/Program Files/Epic Games/4.13/Engine/Plugins/Runtime/Analytics/Apsalar/Apsalar.uplugin
LogPluginManager: Loaded Plugin FileLogging, From C:/Program Files/Epic Games/4.13/Engine/Plugins/Runtime/Analytics/FileLogging/FileLogging.uplugin
LogPluginManager: Loaded Plugin Flurry, From C:/Program Files/Epic Games/4.13/Engine/Plugins/Runtime/Analytics/Flurry/Flurry.uplugin
LogPluginManager: Loaded Plugin AndroidDeviceProfileSelector, From C:/Program Files/Epic Games/4.13/Engine/Plugins/Runtime/AndroidDeviceProfileSelector/AndroidDeviceProfileSelector.uplugin
LogPluginManager: Loaded Plugin AndroidMoviePlayer, From C:/Program Files/Epic Games/4.13/Engine/Plugins/Runtime/AndroidMoviePlayer/AndroidMoviePlayer.uplugin
LogPluginManager: Loaded Plugin AppleMoviePlayer, From C:/Program Files/Epic Games/4.13/Engine/Plugins/Runtime/AppleMoviePlayer/AppleMoviePlayer.uplugin
LogPluginManager: Loaded Plugin ArchVisCharacter, From C:/Program Files/Epic Games/4.13/Engine/Plugins/Runtime/ArchVisCharacter/ArchVisCharacter.uplugin
LogPluginManager: Loaded Plugin CableComponent, From C:/Program Files/Epic Games/4.13/Engine/Plugins/Runtime/CableComponent/CableComponent.uplugin
LogPluginManager: Loaded Plugin CustomMeshComponent, From C:/Program Files/Epic Games/4.13/Engine/Plugins/Runtime/CustomMeshComponent/CustomMeshComponent.uplugin
LogPluginManager: Loaded Plugin ExampleDeviceProfileSelector, From C:/Program Files/Epic Games/4.13/Engine/Plugins/Runtime/ExampleDeviceProfileSelector/ExampleDeviceProfileSelector.uplugin
LogPluginManager: Loaded Plugin GearVR, From C:/Program Files/Epic Games/4.13/Engine/Plugins/Runtime/GearVR/GearVR.uplugin
LogPluginManager: Loaded Plugin GoogleVRController, From C:/Program Files/Epic Games/4.13/Engine/Plugins/Runtime/GoogleVR/GoogleVRController/GoogleVRController.uplugin
LogPluginManager: Loaded Plugin GoogleVRHMD, From C:/Program Files/Epic Games/4.13/Engine/Plugins/Runtime/GoogleVR/GoogleVRHMD/GoogleVRHMD.uplugin
LogPluginManager: Loaded Plugin IOSDeviceProfileSelector, From C:/Program Files/Epic Games/4.13/Engine/Plugins/Runtime/IOSDeviceProfileSelector/IOSDeviceProfileSelector.uplugin
LogPluginManager: Loaded Plugin LeapMotion, From C:/Program Files/Epic Games/4.13/Engine/Plugins/Runtime/LeapMotion/LeapMotion.uplugin
LogPluginManager: Loaded Plugin LinuxDeviceProfileSelector, From C:/Program Files/Epic Games/4.13/Engine/Plugins/Runtime/LinuxDeviceProfileSelector/LinuxDeviceProfileSelector.uplugin
LogPluginManager: Loaded Plugin LiveEditorListenServer, From C:/Program Files/Epic Games/4.13/Engine/Plugins/Runtime/LiveEditorListenServer/LiveEditorListenServer.uplugin
LogPluginManager: Loaded Plugin OculusAudio, From C:/Program Files/Epic Games/4.13/Engine/Plugins/Runtime/OculusAudio/OculusAudio.uplugin
LogPluginManager: Loaded Plugin OculusInput, From C:/Program Files/Epic Games/4.13/Engine/Plugins/Runtime/OculusInput/OculusInput.uplugin
LogPluginManager: Loaded Plugin OculusLibrary, From C:/Program Files/Epic Games/4.13/Engine/Plugins/Runtime/OculusLibrary/OculusLibrary.uplugin
LogPluginManager: Loaded Plugin OculusRift, From C:/Program Files/Epic Games/4.13/Engine/Plugins/Runtime/OculusRift/OculusRift.uplugin
LogPluginManager: Loaded Plugin Oodle, From C:/Program Files/Epic Games/4.13/Engine/Plugins/Runtime/PacketHandlers/CompressionComponents/Oodle/Oodle.uplugin
LogPluginManager: Loaded Plugin ProceduralMeshComponent, From C:/Program Files/Epic Games/4.13/Engine/Plugins/Runtime/ProceduralMeshComponent/ProceduralMeshComponent.uplugin
LogPluginManager: Loaded Plugin SoundMod, From C:/Program Files/Epic Games/4.13/Engine/Plugins/Runtime/SoundMod/SoundMod.uplugin
LogPluginManager: Loaded Plugin SoundVisualizations, From C:/Program Files/Epic Games/4.13/Engine/Plugins/Runtime/SoundVisualizations/SoundVisualizations.uplugin
LogPluginManager: Loaded Plugin SteamController, From C:/Program Files/Epic Games/4.13/Engine/Plugins/Runtime/Steam/SteamController/SteamController.uplugin
LogPluginManager: Loaded Plugin SteamVR, From C:/Program Files/Epic Games/4.13/Engine/Plugins/Runtime/Steam/SteamVR/SteamVR.uplugin
LogPluginManager: Loaded Plugin WebBrowserWidget, From C:/Program Files/Epic Games/4.13/Engine/Plugins/Runtime/WebBrowserWidget/WebBrowserWidget.uplugin
LogPluginManager: Loaded Plugin WindowsDeviceProfileSelector, From C:/Program Files/Epic Games/4.13/Engine/Plugins/Runtime/WindowsDeviceProfileSelector/WindowsDeviceProfileSelector.uplugin
LogPluginManager: Loaded Plugin WindowsMoviePlayer, From C:/Program Files/Epic Games/4.13/Engine/Plugins/Runtime/WindowsMoviePlayer/WindowsMoviePlayer.uplugin
LogPluginManager: Loaded Plugin ScriptPlugin, From C:/Program Files/Epic Games/4.13/Engine/Plugins/ScriptPlugin/ScriptPlugin.uplugin
LogPluginManager: Loaded Plugin SlateRemote, From C:/Program Files/Epic Games/4.13/Engine/Plugins/Slate/SlateRemote/SlateRemote.uplugin
LogInit: Using libcurl 7.47.1
LogInit:  - built for x86_64-pc-win32
LogInit:  - supports SSL with WinSSL
LogInit:  - other features:
LogInit:      CURL_VERSION_SSL
LogInit:      CURL_VERSION_IPV6
LogInit:      CURL_VERSION_ASYNCHDNS
LogInit:      CURL_VERSION_LARGEFILE
LogInit:      CURL_VERSION_IDN
LogInit:  CurlRequestOptions (configurable via config and command line):
LogInit:  - bVerifyPeer = false  - Libcurl will NOT verify peer certificate
LogInit:  - bUseHttpProxy = false  - Libcurl will NOT use HTTP proxy
LogInit:  - bDontReuseConnections = false  - Libcurl will reuse connections
LogInit:  - CertBundlePath = nullptr  - Libcurl will use whatever was configured at build time.
LogInit: Build: ++UE4+Release-4.13-CL-3172292
LogInit: Engine Version: 4.13.2-3172292+++UE4+Release-4.13
LogInit: Compatible Engine Version: 4.13.0-3106830+++UE4+Release-4.13
LogInit: Net CL: 3172292
LogDevObjectVersion: Number of dev versions registered: 13
LogDevObjectVersion:   Dev-Blueprints (B0D832E4-1F89-4F0D-ACCF-7EB736FD4AA2): 5
LogDevObjectVersion:   Dev-Build (E1C64328-A22C-4D53-A36C-8E866417BD8C): 0
LogDevObjectVersion:   Dev-Core (375EC13C-06E4-48FB-B500-84F0262A717E): 1
LogDevObjectVersion:   Dev-Editor (E4B068ED-F494-42E9-A231-DA0B2E46BB41): 6
LogDevObjectVersion:   Dev-Framework (CFFC743F-43B0-4480-9391-14DF171D2073): 12
LogDevObjectVersion:   Dev-Mobile (B02B49B5-BB20-44E9-A304-32B752E40360): 0
LogDevObjectVersion:   Dev-Networking (A4E4105C-59A1-49B5-A7C5-40C4547EDFEE): 0
LogDevObjectVersion:   Dev-Online (39C831C9-5AE6-47DC-9A44-9C173E1C8E7C): 0
LogDevObjectVersion:   Dev-Physics (78F01B33-EBEA-4F98-B9B4-84EACCB95AA2): 0
LogDevObjectVersion:   Dev-Platform (6631380F-2D4D-43E0-8009-CF276956A95A): 0
LogDevObjectVersion:   Dev-Rendering (12F88B9F-8875-4AFC-A67C-D90C383ABD29): 4
LogDevObjectVersion:   Dev-Sequencer (7B5AE74C-D270-4C10-A958-57980B212A5A): 0
LogDevObjectVersion:   Dev-VR (D7296918-1DD6-4BDD-9DE2-64A83CC13884): 0
LogInit: Compiled (64-bit): Oct 24 2016 14:29:06
LogInit: Compiled with Visual C++: 19.00.23026.00
LogInit: Build Configuration: Development
LogInit: Branch Name: ++UE4+Release-4.13
LogInit: Command line:  
LogInit: Base directory: C:/Program Files/Epic Games/4.13/Engine/Binaries/Win64/
LogInit: Installed Engine Build: 1
LogInit: Presizing for max 8388607 objects, including 0 objects not considered by GC, pre-allocating 0 bytes for permanent pool.
LogInit: Object subsystem initialized
[2016.11.08-02.13.21:408][  0]LogInit: Selected Device Profile: [Windows]
[2016.11.08-02.13.21:408][  0]LogInit: Applying CVar settings loaded from the selected device profile: [Windows]
[2016.11.08-02.13.21:440][  0]LogInit: Computer: SA2411-PC12
[2016.11.08-02.13.21:440][  0]LogInit: User: CARVAI
[2016.11.08-02.13.21:440][  0]LogInit: CPU Page size=65536, Cores=6
[2016.11.08-02.13.21:440][  0]LogInit: High frequency timer resolution =3.410075 MHz
[2016.11.08-02.13.21:440][  0]LogMemory: Memory total: Physical=31.9GB (32GB approx)
[2016.11.08-02.13.21:440][  0]LogMemory: Platform Memory Stats for Windows
[2016.11.08-02.13.21:440][  0]LogMemory: Process Physical Memory: 256.17 MB used, 256.17 MB peak
[2016.11.08-02.13.21:440][  0]LogMemory: Process Virtual Memory: 260.29 MB used, 260.29 MB peak
[2016.11.08-02.13.21:440][  0]LogMemory: Physical Memory: 3891.16 MB used, 32690.30 MB total
[2016.11.08-02.13.21:440][  0]LogMemory: Virtual Memory: 625.47 MB used, 134217728.00 MB total
[2016.11.08-02.13.21:491][  0]LogTextLocalizationManager: No specific translations for ('en-US') exist, so ('en') translations will be used.
[2016.11.08-02.13.22:073][  0]LogD3D11RHI: D3D11 adapters:
[2016.11.08-02.13.22:101][  0]LogD3D11RHI:    0. 'NVIDIA GeForce GTX 1080' (Feature Level 11_0)
[2016.11.08-02.13.22:101][  0]LogD3D11RHI:       8144/0/16345 MB DedicatedVideo/DedicatedSystem/SharedSystem, Outputs:2, VendorId:0x10de
[2016.11.08-02.13.22:102][  0]LogD3D11RHI:    1. 'Microsoft Basic Render Driver' (Feature Level 11_0)
[2016.11.08-02.13.22:102][  0]LogD3D11RHI:       0/0/16345 MB DedicatedVideo/DedicatedSystem/SharedSystem, Outputs:0, VendorId:0x1414
[2016.11.08-02.13.22:102][  0]LogD3D11RHI: Chosen D3D11 Adapter: 0
[2016.11.08-02.13.22:105][  0]LogD3D11RHI: Creating new Direct3DDevice
[2016.11.08-02.13.22:106][  0]LogD3D11RHI:     GPU DeviceId: 0x1b80 (for the marketing name, search the web for "GPU Device Id")
[2016.11.08-02.13.22:106][  0]LogWindows: EnumDisplayDevices:
[2016.11.08-02.13.22:106][  0]LogWindows:    0. 'NVIDIA GeForce GTX 1080' (P:1 D:1)
[2016.11.08-02.13.22:106][  0]LogWindows:    1. 'NVIDIA GeForce GTX 1080' (P:0 D:1)
[2016.11.08-02.13.22:106][  0]LogWindows:    2. 'NVIDIA GeForce GTX 1080' (P:0 D:0)
[2016.11.08-02.13.22:106][  0]LogWindows:    3. 'NVIDIA GeForce GTX 1080' (P:0 D:0)
[2016.11.08-02.13.22:106][  0]LogWindows: DebugString: FoundDriverCount:4 
[2016.11.08-02.13.22:106][  0]LogD3D11RHI:     Adapter Name: NVIDIA GeForce GTX 1080
[2016.11.08-02.13.22:106][  0]LogD3D11RHI:   Driver Version: 372.54 (internal:21.21.13.7254, unified:372.54)
[2016.11.08-02.13.22:106][  0]LogD3D11RHI:      Driver Date: 8-11-2016
[2016.11.08-02.13.22:106][  0]LogRHI: Texture pool is 1361 MB (70% of 1945 MB)
[2016.11.08-02.13.22:117][  0]LogD3D11RHI: Async texture creation enabled
[2016.11.08-02.13.22:127][  0]LogD3D11RHI: GPU Timing Frequency: 1000.000000 (Debug: 2 1)
[2016.11.08-02.13.22:127][  0]LogShaderCompilers: Guid format shader working directory is -19 characters bigger than the processId version (../../../../../../Users/carvai/Desktop/game3/Tiki-Express/classes/Intermediate/Shaders/WorkingDirectory/10224/).
[2016.11.08-02.13.22:127][  0]LogShaderCompilers: Cleaned the shader compiler working directory 'C:/Users/carvai/AppData/Local/Temp/UnrealShaderWorkingDir/2DB36EF64C6FEF0364C6F1AC62203DB0/'.
[2016.11.08-02.13.22:127][  0]LogShaderCompilers:Display: Using Local Shader Compiler.
[2016.11.08-02.13.23:019][  0]LogTemp:Display: Loaded TP AllDesktopTargetPlatform
[2016.11.08-02.13.23:026][  0]LogTemp:Display: Loaded TP WindowsClientTargetPlatform
[2016.11.08-02.13.23:033][  0]LogTemp:Display: Loaded TP WindowsNoEditorTargetPlatform
[2016.11.08-02.13.23:040][  0]LogTemp:Display: Loaded TP WindowsServerTargetPlatform
[2016.11.08-02.13.23:046][  0]LogTemp:Display: Loaded TP WindowsTargetPlatform
[2016.11.08-02.13.23:052][  0]LogTemp:Display: Loaded TP AndroidTargetPlatform
[2016.11.08-02.13.23:058][  0]LogTemp:Display: Loaded TP Android_ASTCTargetPlatform
[2016.11.08-02.13.23:065][  0]LogTemp:Display: Loaded TP Android_ATCTargetPlatform
[2016.11.08-02.13.23:070][  0]LogTemp:Display: Loaded TP Android_DXTTargetPlatform
[2016.11.08-02.13.23:076][  0]LogTemp:Display: Loaded TP Android_ETC1TargetPlatform
[2016.11.08-02.13.23:082][  0]LogTemp:Display: Loaded TP Android_ETC2TargetPlatform
[2016.11.08-02.13.23:093][  0]LogTemp:Display: Loaded TP Android_MultiTargetPlatform
[2016.11.08-02.13.23:093][  0]LogTemp:Display: Loaded TP Android_PVRTCTargetPlatform
[2016.11.08-02.13.23:094][  0]LogTemp:Display: Loaded TP HTML5TargetPlatform
[2016.11.08-02.13.23:113][  0]LogTemp:Display: Loaded TP IOSTargetPlatform
[2016.11.08-02.13.23:125][  0]LogTemp:Display: Loaded TP TVOSTargetPlatform
[2016.11.08-02.13.23:137][  0]LogTemp:Display: Loaded TP LinuxClientTargetPlatform
[2016.11.08-02.13.23:143][  0]LogTemp:Display: Loaded TP LinuxNoEditorTargetPlatform
[2016.11.08-02.13.23:149][  0]LogTemp:Display: Loaded TP LinuxServerTargetPlatform
[2016.11.08-02.13.23:155][  0]LogTemp:Display: Loaded TP LinuxTargetPlatform
[2016.11.08-02.13.23:155][  0]LogTargetPlatformManager:Display: Building Assets For Windows
[2016.11.08-02.13.23:223][  0]LogDerivedDataCache:Display: Max Cache Size: 512 MB
[2016.11.08-02.13.23:287][  0]LogDerivedDataCache: Loaded boot cache 0.06s 62MB C:/Users/carvai/AppData/Local/UnrealEngine/4.13/DerivedDataCache/Boot.ddc.
[2016.11.08-02.13.23:287][  0]LogDerivedDataCache:Display: Loaded Boot cache: C:/Users/carvai/AppData/Local/UnrealEngine/4.13/DerivedDataCache/Boot.ddc
[2016.11.08-02.13.23:287][  0]LogDerivedDataCache: FDerivedDataBackendGraph:  Pak pak cache file ../../../../../../Users/carvai/Desktop/game3/Tiki-Express/classes/DerivedDataCache/DDC.ddp not found, will not use a pak cache.
[2016.11.08-02.13.23:287][  0]LogDerivedDataCache: Unable to find inner node Pak for hierarchical cache Hierarchy.
[2016.11.08-02.13.23:287][  0]LogDerivedDataCache: FDerivedDataBackendGraph:  CompressedPak pak cache file ../../../../../../Users/carvai/Desktop/game3/Tiki-Express/classes/DerivedDataCache/Compressed.ddp not found, will not use a pak cache.
[2016.11.08-02.13.23:287][  0]LogDerivedDataCache: Unable to find inner node CompressedPak for hierarchical cache Hierarchy.
[2016.11.08-02.13.23:303][  0]LogDerivedDataCache:Display: Pak cache opened for reading ../../../Engine/DerivedDataCache/Compressed.ddp.
[2016.11.08-02.13.23:315][  0]LogDerivedDataCache: Using Local data cache path C:/Users/carvai/AppData/Local/UnrealEngine/Common/DerivedDataCache: Writable
[2016.11.08-02.13.23:507][  0]LogInit: Selected Device Profile: [Windows]
[2016.11.08-02.13.23:509][  0]LogContentStreaming: Texture pool size is 0.00 MB
[2016.11.08-02.13.23:597][  0]LogMeshUtilities: No automatic mesh reduction module available
[2016.11.08-02.13.23:597][  0]LogMeshUtilities: No automatic mesh merging module available
[2016.11.08-02.13.23:597][  0]LogMeshUtilities: No distributed automatic mesh merging module available
[2016.11.08-02.13.23:656][  0]LogMaterial: Uniform references updated for custom material expression Custom.
[2016.11.08-02.13.23:904][  0]LogNetVersion: GetLocalNetworkVersion: CL: 3106830, ProjectName: classsample, ProjectVersion: , EngineNetworkVersion: 1, GameNetworkVersion: 0, NetworkChecksum: 2038946588
[2016.11.08-02.13.23:938][  0]LogAssetRegistry: FAssetRegistry took 0.0218 seconds to start up
[2016.11.08-02.13.23:964][  0]LogPackageLocalizationCache: Processed 3 localized package path(s) for 2 prioritized culture(s) in 0.024004 seconds
[2016.11.08-02.13.23:968][  0]LogUObjectArray: 29778 objects as part of root set at end of initial load.
[2016.11.08-02.13.23:968][  0]LogUObjectAllocator: 6125448 out of 0 bytes used by permanent object pool.
[2016.11.08-02.13.23:968][  0]LogUObjectArray: CloseDisregardForGC: 0/0 objects in disregard for GC pool
[2016.11.08-02.13.23:973][  0]LogInit: WinSock: version 1.1 (2.2), MaxSocks=32767, MaxUdp=65467
[2016.11.08-02.13.24:159][  0]LogSlate: SlateFontCache - WITH_FREETYPE: 1, WITH_HARFBUZZ: 1
[2016.11.08-02.13.24:159][  0]LogSlate: SlateFontCache - WITH_FREETYPE: 1, WITH_HARFBUZZ: 1
[2016.11.08-02.13.24:691][  0]LogTcpMessaging: Initializing TcpMessaging bridge
[2016.11.08-02.13.24:712][  0]LogUdpMessaging: Initializing bridge on interface 0.0.0.0:0 to multicast group 230.0.0.1:6666.
[2016.11.08-02.13.24:912][  0]SourceControl: Info Source control is disabled
[2016.11.08-02.13.24:941][  0]SourceControl: Info Source control is disabled
[2016.11.08-02.13.24:948][  0]SourceControl: Info Source control is disabled
[2016.11.08-02.13.24:954][  0]SourceControl: Info Source control is disabled
[2016.11.08-02.13.25:158][  0]LogEngine: Initializing Engine...
[2016.11.08-02.13.25:158][  0]LogHMD: Failed to initialize OpenVR with code 110
[2016.11.08-02.13.25:294][  0]LogAIModule: Creating AISystem for world Untitled
[2016.11.08-02.13.25:302][  0]LogInit: XAudio2 using 'Speakers / Headphones (Realtek High Definition Audio)' : 2 channels at 48 kHz using 32 bits per sample (channel mask 0x3)
[2016.11.08-02.13.25:470][  0]LogInit: FAudioDevice initialized.
[2016.11.08-02.13.25:504][  0]LogDerivedDataCache: Saved boot cache 0.03s 62MB C:/Users/carvai/AppData/Local/UnrealEngine/4.13/DerivedDataCache/Boot.ddc.
[2016.11.08-02.13.25:519][  0]LogInit: Texture streaming: Enabled
[2016.11.08-02.13.25:603][  0]LogInit: Transaction tracking system initialized
[2016.11.08-02.13.25:621][  0]BlueprintLog: New page: Editor Load
[2016.11.08-02.13.25:683][  0]LocalizationService: Info Localization service is disabled
[2016.11.08-02.13.25:740][  0]LogConsoleResponse:Display: 
[2016.11.08-02.13.25:834][  0]LogCook:Display: Max memory allowance for cook 16384mb min free memory 0mb
[2016.11.08-02.13.25:834][  0]LogCook:Display: Mobile HDR setting 1
[2016.11.08-02.13.25:945][  0]LogFileCache: Scanning file cache for directory 'C:/Users/carvai/Desktop/game3/Tiki-Express/classes/Content/' took 0.02s
[2016.11.08-02.13.25:945][  0]SourceControl: Info Source control is disabled
[2016.11.08-02.13.25:945][  0]Cmd: MAP LOAD FILE="../../../../../../Users/carvai/Desktop/game3/Tiki-Express/classes/Content/Levels/Level1.umap" TEMPLATE=0 SHOWPROGRESS=1 FEATURELEVEL=3
[2016.11.08-02.13.25:946][  0]LightingResults: New page: Lighting Build
[2016.11.08-02.13.25:948][  0]MapCheck: New page: Map Check
[2016.11.08-02.13.25:948][  0]LightingResults: New page: Lighting Build
[2016.11.08-02.13.26:292][  0]LogLinker:Warning: Can't find file '/Game/lambert1'
[2016.11.08-02.13.26:292][  0]LogLinker:Warning: Can't find file for asset '/Game/lambert1' while loading ../../../../../../Users/carvai/Desktop/game3/Tiki-Express/classes/Content/volcanooo.uasset.
[2016.11.08-02.13.26:293][  0]LoadErrors:Error: Error /Game/volcanooo : Can't find file for asset. /Game/lambert1
[2016.11.08-02.13.26:293][  0]LogLinker:Warning: Can't find file '/Game/lambert1'
[2016.11.08-02.13.26:293][  0]LogLinker:Warning: Can't find file for asset '/Game/lambert1' while loading ../../../../../../Users/carvai/Desktop/game3/Tiki-Express/classes/Content/volcanooo.uasset.
[2016.11.08-02.13.26:293][  0]LoadErrors:Error: Error /Game/volcanooo : Can't find file for asset. /Game/lambert1
[2016.11.08-02.13.26:315][  0]LogLinker:Warning: Can't find file '/Game/lambert1'
[2016.11.08-02.13.26:315][  0]LoadErrors: Info Failed to load /Game/lambert1.lambert1 Referenced by volcanooo
[2016.11.08-02.13.26:315][  0]LogLinker:Warning: Can't find file for asset '/Game/lambert1' while loading NULL.
[2016.11.08-02.13.26:315][  0]LoadErrors: Info Failed to load /Game/lambert1.lambert1 Referenced by volcanooo
[2016.11.08-02.13.26:976][  0]LogAIModule: Creating AISystem for world Level1
[2016.11.08-02.13.26:984][  0]LogEditorServer: Finished looking for orphan Actors (0.000 secs)
[2016.11.08-02.13.26:985][  0]Cmd: MAP CHECKDEP NOCLEARLOG
[2016.11.08-02.13.27:027][  0]MapCheck: Info Map check complete: 0 Error(s), 0 Warning(s), took 42.066ms to complete.
[2016.11.08-02.13.27:027][  0]LogFileHelpers: Loading map 'Level1' took 1.083
[2016.11.08-02.13.27:144][  0]LogCollectionManager: Loaded 0 collections in 0.001094 seconds
[2016.11.08-02.13.27:185][  0]LogFileCache: Scanning file cache for directory 'C:/Users/carvai/Desktop/game3/Tiki-Express/classes/Saved/Collections/' took 0.01s
[2016.11.08-02.13.27:185][  0]LogFileCache: Scanning file cache for directory 'C:/Users/carvai/Desktop/game3/Tiki-Express/classes/Content/Developers/CARVAI/Collections/' took 0.01s
[2016.11.08-02.13.27:185][  0]LogFileCache: Scanning file cache for directory 'C:/Users/carvai/Desktop/game3/Tiki-Express/classes/Content/Collections/' took 0.01s
[2016.11.08-02.13.27:185][  0]LogCollectionManager: Rebuilt the GUID cache for 0 collections in 0.000002 seconds
[2016.11.08-02.13.27:193][  0]LogContentBrowser: Native class hierarchy populated in 0.0078 seconds. Added 2141 classes and 415 folders.
[2016.11.08-02.13.27:197][  0]LogStats: UGameplayTagsManager::ConstructGameplayTagTree: Construct from data asset -  0.000 s
[2016.11.08-02.13.27:197][  0]LogStats: UGameplayTagsManager::ConstructGameplayTagTree: GameplayTagTreeChangedEvent.Broadcast -  0.000 s
[2016.11.08-02.13.27:198][  0]LogContentBrowser: Native class hierarchy updated for 'GameplayTags' in 0.0006 seconds. Added 12 classes and 0 folders.
[2016.11.08-02.13.27:213][  0]LogContentBrowser: Native class hierarchy updated for 'WidgetCarousel' in 0.0007 seconds. Added 0 classes and 0 folders.
[2016.11.08-02.13.27:312][  0]LogContentBrowser: Native class hierarchy updated for 'AddContentDialog' in 0.0007 seconds. Added 0 classes and 0 folders.
[2016.11.08-02.13.27:325][  0]LogContentBrowser: Native class hierarchy updated for 'SceneOutliner' in 0.0006 seconds. Added 1 classes and 2 folders.
[2016.11.08-02.13.27:360][  0]LogCrashTracker: Crashtracker disabled due to settings.
[2016.11.08-02.13.27:437][  0]LogContentBrowser: Native class hierarchy updated for 'HierarchicalLODOutliner' in 0.0006 seconds. Added 1 classes and 2 folders.
[2016.11.08-02.13.27:438][  0]LogLoad: (Engine Initialization) Total time: 7.06 seconds
[2016.11.08-02.13.27:438][  0]LogLoad: (Engine Initialization) Total Blueprint compile time: 0.17 seconds
[2016.11.08-02.13.27:438][  0]LogExternalProfiler: Found external profiler: VSPerf
[2016.11.08-02.13.27:438][  0]LogExternalProfiler: Using external profiler: VSPerf
[2016.11.08-02.13.27:461][  0]LogOcInput: OculusInput pre-init called
[2016.11.08-02.13.27:495][  0]LogContentStreaming: Texture pool size now 1000 MB
[2016.11.08-02.13.27:700][  0]LogRenderer: Reallocating scene render targets to support 1208x652 (Frame:2).
[2016.11.08-02.13.27:915][  2]LogAssetRegistry: Asset discovery search completed in 3.9988 seconds
[2016.11.08-02.13.27:915][  2]LogCollectionManager: Rebuilt the object cache for 0 collections in 0.000001 seconds (found 0 objects)
[2016.11.08-02.13.27:915][  2]LogCollectionManager: Fixed up redirectors for 0 collections in 0.000028 seconds (updated 0 objects)
[2016.11.08-02.13.32:850][382]LogFileCache: Retrieving MD5 hashes for directory 'C:/Users/carvai/Desktop/game3/Tiki-Express/classes/Content/' took 5.38s
[2016.11.08-02.14.19:731][490]LogWindowsTextInputMethodSystem:Display: IME system now deactivated.
[2016.11.08-02.14.19:956][491]Cmd: QUIT_EDITOR
[2016.11.08-02.14.20:023][491]LogExit: Preparing to exit.
[2016.11.08-02.14.20:851][491]LogDirectoryWatcher: A directory notification for 'C:/Users/carvai/Desktop/game3/Tiki-Express/classes/Content/' was aborted.
[2016.11.08-02.14.20:880][491]LogExit: Editor shut down
[2016.11.08-02.14.20:880][491]LogExit: Transaction tracking system shut down
[2016.11.08-02.14.21:043][491]LogObj: Freed 0b from 0 cluster array pools.
[2016.11.08-02.14.21:043][491]LogExit: Object subsystem successfully closed.
[2016.11.08-02.14.21:056][491]LogD3D11RHI: Shutdown
[2016.11.08-02.14.21:056][491]LogD3D11RHI: CleanupD3DDevice
[2016.11.08-02.14.21:151][491]LogD3D11RHI: ~FD3D11DynamicRHI
[2016.11.08-02.14.21:169][491]LogModuleManager: Shutting down and abandoning module HierarchicalLODOutliner (233)
[2016.11.08-02.14.21:169][491]LogModuleManager: Shutting down and abandoning module CrashTracker (232)
[2016.11.08-02.14.21:169][491]LogModuleManager: Shutting down and abandoning module SceneOutliner (231)
[2016.11.08-02.14.21:169][491]LogModuleManager: Shutting down and abandoning module WidgetCarousel (230)
[2016.11.08-02.14.21:169][491]LogModuleManager: Shutting down and abandoning module AddContentDialog (229)
[2016.11.08-02.14.21:169][491]LogDirectoryWatcher: A directory notification for 'C:/Program Files/Epic Games/4.13/FeaturePacks/' was aborted.
[2016.11.08-02.14.21:170][491]LogModuleManager: Shutting down and abandoning module GameplayTags (228)
[2016.11.08-02.14.21:170][491]LogModuleManager: Shutting down and abandoning module EditorWidgets (227)
[2016.11.08-02.14.21:170][491]LogModuleManager: Shutting down and abandoning module CollectionManager (226)
[2016.11.08-02.14.21:170][491]LogDirectoryWatcher: A directory notification for 'C:/Users/carvai/Desktop/game3/Tiki-Express/classes/Content/Collections/' was aborted.
[2016.11.08-02.14.21:170][491]LogDirectoryWatcher: A directory notification for 'C:/Users/carvai/Desktop/game3/Tiki-Express/classes/Content/Developers/CARVAI/Collections/' was aborted.
[2016.11.08-02.14.21:170][491]LogDirectoryWatcher: A directory notification for 'C:/Users/carvai/Desktop/game3/Tiki-Express/classes/Saved/Collections/' was aborted.
[2016.11.08-02.14.21:170][491]LogModuleManager: Shutting down and abandoning module StatsViewer (225)
[2016.11.08-02.14.21:170][491]LogModuleManager: Shutting down and abandoning module FoliageEdit (224)
[2016.11.08-02.14.21:170][491]LogModuleManager: Shutting down and abandoning module LandscapeEditor (223)
[2016.11.08-02.14.21:170][491]LogModuleManager: Shutting down and abandoning module SceneDepthPickerMode (222)
[2016.11.08-02.14.21:170][491]LogModuleManager: Shutting down and abandoning module ActorPickerMode (221)
[2016.11.08-02.14.21:170][491]LogModuleManager: Shutting down and abandoning module GeometryMode (220)
[2016.11.08-02.14.21:170][491]LogModuleManager: Shutting down and abandoning module TextureAlignMode (219)
[2016.11.08-02.14.21:170][491]LogModuleManager: Shutting down and abandoning module BspMode (218)
[2016.11.08-02.14.21:170][491]LogModuleManager: Shutting down and abandoning module HardwareSurvey (217)
[2016.11.08-02.14.21:170][491]LogModuleManager: Shutting down and abandoning module SequenceRecorderSections (216)
[2016.11.08-02.14.21:170][491]LogModuleManager: Shutting down and abandoning module SequenceRecorder (215)
[2016.11.08-02.14.21:171][491]LogModuleManager: Shutting down and abandoning module AutomationWorker (214)
[2016.11.08-02.14.21:171][491]LogModuleManager: Shutting down and abandoning module MatineeToLevelSequence (213)
[2016.11.08-02.14.21:171][491]LogModuleManager: Shutting down and abandoning module PlacementMode (212)
[2016.11.08-02.14.21:171][491]LogModuleManager: Shutting down and abandoning module LevelSequenceEditor (211)
[2016.11.08-02.14.21:171][491]LogModuleManager: Shutting down and abandoning module WmfMediaFactory (210)
[2016.11.08-02.14.21:171][491]LogModuleManager: Shutting down and abandoning module WmfMediaEditor (209)
[2016.11.08-02.14.21:171][491]LogModuleManager: Shutting down and abandoning module AvfMediaFactory (208)
[2016.11.08-02.14.21:171][491]LogModuleManager: Shutting down and abandoning module AvfMediaEditor (207)
[2016.11.08-02.14.21:171][491]LogModuleManager: Shutting down and abandoning module Media (206)
[2016.11.08-02.14.21:171][491]LogModuleManager: Shutting down and abandoning module AndroidMediaFactory (205)
[2016.11.08-02.14.21:171][491]LogModuleManager: Shutting down and abandoning module AndroidMediaEditor (204)
[2016.11.08-02.14.21:171][491]LogModuleManager: Shutting down and abandoning module CharacterAI (203)
[2016.11.08-02.14.21:171][491]LogModuleManager: Shutting down and abandoning module SmartSnapping (202)
[2016.11.08-02.14.21:171][491]LogModuleManager: Shutting down and abandoning module SessionServices (201)
[2016.11.08-02.14.21:171][491]LogModuleManager: Shutting down and abandoning module ViewportSnapping (200)
[2016.11.08-02.14.21:171][491]LogModuleManager: Shutting down and abandoning module ViewportInteraction (199)
[2016.11.08-02.14.21:171][491]LogModuleManager: Shutting down and abandoning module LogVisualizer (198)
[2016.11.08-02.14.21:171][491]LogModuleManager: Shutting down and abandoning module GameProjectGeneration (197)
[2016.11.08-02.14.21:171][491]LogModuleManager: Shutting down and abandoning module IntroTutorials (196)
[2016.11.08-02.14.21:171][491]LogModuleManager: Shutting down and abandoning module EditorLiveStreaming (195)
[2016.11.08-02.14.21:171][491]LogModuleManager: Shutting down and abandoning module IOSPlatformEditor (194)
[2016.11.08-02.14.21:171][491]LogModuleManager: Shutting down and abandoning module HTML5PlatformEditor (193)
[2016.11.08-02.14.21:171][491]LogModuleManager: Shutting down and abandoning module AndroidDeviceDetection (192)
[2016.11.08-02.14.21:733][491]LogModuleManager: Shutting down and abandoning module AndroidPlatformEditor (191)
[2016.11.08-02.14.21:733][491]LogModuleManager: Shutting down and abandoning module IOSRuntimeSettings (190)
[2016.11.08-02.14.21:733][491]LogModuleManager: Shutting down and abandoning module AndroidRuntimeSettings (189)
[2016.11.08-02.14.21:733][491]LogModuleManager: Shutting down and abandoning module NiagaraEditor (188)
[2016.11.08-02.14.21:733][491]LogModuleManager: Shutting down and abandoning module MergeActors (187)
[2016.11.08-02.14.21:733][491]LogModuleManager: Shutting down and abandoning module SizeMap (186)
[2016.11.08-02.14.21:733][491]LogModuleManager: Shutting down and abandoning module TreeMap (185)
[2016.11.08-02.14.21:733][491]LogModuleManager: Shutting down and abandoning module ReferenceViewer (184)
[2016.11.08-02.14.21:733][491]LogModuleManager: Shutting down and abandoning module LocalizationService (183)
[2016.11.08-02.14.21:734][491]LogModuleManager: Shutting down and abandoning module LocalizationDashboard (182)
[2016.11.08-02.14.21:734][491]LogModuleManager: Shutting down and abandoning module HardwareTargeting (181)
[2016.11.08-02.14.21:734][491]LogModuleManager: Shutting down and abandoning module DeviceProfileEditor (180)
[2016.11.08-02.14.21:734][491]LogModuleManager: Shutting down and abandoning module UndoHistory (179)
[2016.11.08-02.14.21:734][491]LogModuleManager: Shutting down and abandoning module UserFeedback (178)
[2016.11.08-02.14.21:734][491]LogModuleManager: Shutting down and abandoning module XmlParser (177)
[2016.11.08-02.14.21:734][491]LogModuleManager: Shutting down and abandoning module Blutility (176)
[2016.11.08-02.14.21:734][491]LogModuleManager: Shutting down and abandoning module ProjectTargetPlatformEditor (175)
[2016.11.08-02.14.21:734][491]LogModuleManager: Shutting down and abandoning module ProjectSettingsViewer (174)
[2016.11.08-02.14.21:734][491]LogModuleManager: Shutting down and abandoning module InputBindingEditor (173)
[2016.11.08-02.14.21:734][491]LogModuleManager: Shutting down and abandoning module EditorSettingsViewer (172)
[2016.11.08-02.14.21:734][491]LogModuleManager: Shutting down and abandoning module SettingsEditor (171)
[2016.11.08-02.14.21:734][491]LogModuleManager: Shutting down and abandoning module ProjectLauncher (170)
[2016.11.08-02.14.21:735][491]LogModuleManager: Shutting down and abandoning module SessionFrontend (169)
[2016.11.08-02.14.21:735][491]LogModuleManager: Shutting down and abandoning module ProfilerClient (168)
[2016.11.08-02.14.21:735][491]LogModuleManager: Shutting down and abandoning module TargetDeviceServices (167)
[2016.11.08-02.14.21:735][491]LogModuleManager: Shutting down and abandoning module DeviceManager (166)
[2016.11.08-02.14.21:789][491]LogModuleManager: Shutting down and abandoning module AutomationController (165)
[2016.11.08-02.14.21:789][491]LogModuleManager: Shutting down and abandoning module AutomationWindow (164)
[2016.11.08-02.14.21:789][491]LogModuleManager: Shutting down and abandoning module Layers (163)
[2016.11.08-02.14.21:789][491]LogModuleManager: Shutting down and abandoning module ComponentVisualizers (162)
[2016.11.08-02.14.21:789][491]LogModuleManager: Shutting down and abandoning module DetailCustomizations (161)
[2016.11.08-02.14.21:789][491]LogModuleManager: Shutting down and abandoning module PackagesDialog (160)
[2016.11.08-02.14.21:789][491]LogModuleManager: Shutting down and abandoning module AnimGraph (159)
[2016.11.08-02.14.21:789][491]LogModuleManager: Shutting down and abandoning module Persona (158)
[2016.11.08-02.14.21:789][491]LogModuleManager: Shutting down and abandoning module Kismet (157)
[2016.11.08-02.14.21:791][491]LogModuleManager: Shutting down and abandoning module GraphEditor (156)
[2016.11.08-02.14.21:791][491]LogModuleManager: Shutting down and abandoning module ClassViewer (155)
[2016.11.08-02.14.21:791][491]LogModuleManager: Shutting down and abandoning module Toolbox (154)
[2016.11.08-02.14.21:791][491]LogModuleManager: Shutting down and abandoning module ModuleUI (153)
[2016.11.08-02.14.21:791][491]LogModuleManager: Shutting down and abandoning module MovieSceneTools (152)
[2016.11.08-02.14.21:791][491]LogModuleManager: Shutting down and abandoning module OutputLog (151)
[2016.11.08-02.14.21:791][491]LogModuleManager: Shutting down and abandoning module GammaUI (150)
[2016.11.08-02.14.21:791][491]LogModuleManager: Shutting down and abandoning module Documentation (149)
[2016.11.08-02.14.21:791][491]LogModuleManager: Shutting down and abandoning module Niagara (148)
[2016.11.08-02.14.21:791][491]LogModuleManager: Shutting down and abandoning module StreamingPauseRendering (147)
[2016.11.08-02.14.21:791][491]LogModuleManager: Shutting down and abandoning module AnalyticsET (146)
[2016.11.08-02.14.21:791][491]LogModuleManager: Shutting down and abandoning module PortalServices (145)
[2016.11.08-02.14.21:791][491]LogModuleManager: Shutting down and abandoning module PortalRpc (144)
[2016.11.08-02.14.21:791][491]LogModuleManager: Shutting down and abandoning module MessagingRpc (143)
[2016.11.08-02.14.21:791][491]LogModuleManager: Shutting down and abandoning module GameplayDebugger (142)
[2016.11.08-02.14.21:791][491]LogModuleManager: Shutting down and abandoning module AITestSuite (141)
[2016.11.08-02.14.21:791][491]LogModuleManager: Shutting down and abandoning module AIModule (140)
[2016.11.08-02.14.21:791][491]LogModuleManager: Shutting down and abandoning module ProfilerService (139)
[2016.11.08-02.14.21:923][491]LogModuleManager: Shutting down and abandoning module TaskGraph (138)
[2016.11.08-02.14.21:923][491]LogModuleManager: Shutting down and abandoning module SlateRemote (137)
[2016.11.08-02.14.21:923][491]LogModuleManager: Shutting down and abandoning module SteamVRController (136)
[2016.11.08-02.14.21:923][491]LogModuleManager: Shutting down and abandoning module SteamVR (135)
[2016.11.08-02.14.21:923][491]LogModuleManager: Shutting down and abandoning module ProceduralMeshComponentEditor (134)
[2016.11.08-02.14.21:924][491]LogModuleManager: Shutting down and abandoning module ProceduralMeshComponent (133)
[2016.11.08-02.14.21:924][491]LogModuleManager: Shutting down and abandoning module OculusLibrary (132)
[2016.11.08-02.14.21:924][491]LogModuleManager: Shutting down and abandoning module OculusInput (131)
[2016.11.08-02.14.21:924][491]LogModuleManager: Shutting down and abandoning module CustomMeshComponent (130)
[2016.11.08-02.14.21:924][491]LogModuleManager: Shutting down and abandoning module CableComponent (129)
[2016.11.08-02.14.21:924][491]LogModuleManager: Shutting down and abandoning module ArchVisCharacter (128)
[2016.11.08-02.14.21:924][491]LogModuleManager: Shutting down and abandoning module MediaPlayerEditor (126)
[2016.11.08-02.14.21:924][491]LogModuleManager: Shutting down and abandoning module HTML5Networking (125)
[2016.11.08-02.14.21:924][491]LogModuleManager: Shutting down and abandoning module GeometryCacheEd (124)
[2016.11.08-02.14.21:924][491]LogModuleManager: Shutting down and abandoning module GeometryCache (123)
[2016.11.08-02.14.21:924][491]LogModuleManager: Shutting down and abandoning module AlembicLibrary (122)
[2016.11.08-02.14.21:924][491]LogModuleManager: Shutting down and abandoning module AlembicImporter (121)
[2016.11.08-02.14.21:924][491]LogModuleManager: Shutting down and abandoning module SuperSearch (120)
[2016.11.08-02.14.21:924][491]LogModuleManager: Shutting down and abandoning module SuperSearchEditor (119)
[2016.11.08-02.14.21:924][491]LogModuleManager: Shutting down and abandoning module SpeedTreeImporter (118)
[2016.11.08-02.14.21:924][491]LogModuleManager: Shutting down and abandoning module PluginBrowser (117)
[2016.11.08-02.14.21:924][491]LogModuleManager: Shutting down and abandoning module MobileLauncherProfileWizard (116)
[2016.11.08-02.14.21:924][491]LogModuleManager: Shutting down and abandoning module EpicSurvey (115)
[2016.11.08-02.14.21:924][491]LogModuleManager: Shutting down and abandoning module DesktopPlatform (114)
[2016.11.08-02.14.21:924][491]LogModuleManager: Shutting down and abandoning module VisualStudioSourceCodeAccess (113)
[2016.11.08-02.14.21:924][491]LogModuleManager: Shutting down and abandoning module UObjectPlugin (112)
[2016.11.08-02.14.21:924][491]LogModuleManager: Shutting down and abandoning module SubversionSourceControl (111)
[2016.11.08-02.14.21:924][491]LogModuleManager: Shutting down and abandoning module PerforceSourceControl (110)
[2016.11.08-02.14.21:924][491]LogModuleManager: Shutting down and abandoning module SourceControl (109)
[2016.11.08-02.14.21:924][491]LogModuleManager: Shutting down and abandoning module GitSourceControl (108)
[2016.11.08-02.14.21:924][491]LogModuleManager: Shutting down and abandoning module LightPropagationVolumeEditor (107)
[2016.11.08-02.14.21:924][491]LogModuleManager: Shutting down and abandoning module PaperTiledImporter (106)
[2016.11.08-02.14.21:924][491]LogModuleManager: Shutting down and abandoning module PaperSpriteSheetImporter (105)
[2016.11.08-02.14.21:924][491]LogModuleManager: Shutting down and abandoning module MeshPaint (104)
[2016.11.08-02.14.21:925][491]LogModuleManager: Shutting down and abandoning module FbxAutomationBuilderModule (103)
[2016.11.08-02.14.21:925][491]LogModuleManager: Shutting down and abandoning module PixelInspectorModule (102)
[2016.11.08-02.14.21:925][491]LogModuleManager: Shutting down and abandoning module HotReload (101)
[2016.11.08-02.14.21:925][491]LogModuleManager: Shutting down and abandoning module MainFrame (100)
[2016.11.08-02.14.21:926][491]LogModuleManager: Shutting down and abandoning module LevelEditor (99)
[2016.11.08-02.14.21:927][491]LogModuleManager: Shutting down and abandoning module ContentBrowser (98)
[2016.11.08-02.14.21:928][491]LogModuleManager: Shutting down and abandoning module Paper2DEditor (97)
[2016.11.08-02.14.21:929][491]LogModuleManager: Shutting down and abandoning module UdpMessaging (96)
[2016.11.08-02.14.22:030][491]LogModuleManager: Shutting down and abandoning module TcpMessaging (95)
[2016.11.08-02.14.22:131][491]LogModuleManager: Shutting down and abandoning module LightPropagationVolumeRuntime (94)
[2016.11.08-02.14.22:131][491]LogModuleManager: Shutting down and abandoning module Paper2D (93)
[2016.11.08-02.14.22:131][491]LogModuleManager: Shutting down and abandoning module WindowsMoviePlayer (92)
[2016.11.08-02.14.22:131][491]LogModuleManager: Shutting down and abandoning module WmfMedia (91)
[2016.11.08-02.14.22:131][491]LogModuleManager: Shutting down and abandoning module MediaAssets (90)
[2016.11.08-02.14.22:131][491]LogModuleManager: Shutting down and abandoning module GameLiveStreaming (89)
[2016.11.08-02.14.22:131][491]LogModuleManager: Shutting down and abandoning module GameplayTagsEditor (88)
[2016.11.08-02.14.22:132][491]LogModuleManager: Shutting down and abandoning module VREditor (87)
[2016.11.08-02.14.22:132][491]LogModuleManager: Shutting down and abandoning module GameplayTasksEditor (86)
[2016.11.08-02.14.22:132][491]LogModuleManager: Shutting down and abandoning module PropertyEditor (85)
[2016.11.08-02.14.22:132][491]LogModuleManager: Shutting down and abandoning module BehaviorTreeEditor (84)
[2016.11.08-02.14.22:132][491]LogModuleManager: Shutting down and abandoning module FunctionalTesting (83)
[2016.11.08-02.14.22:132][491]LogModuleManager: Shutting down and abandoning module CollisionAnalyzer (82)
[2016.11.08-02.14.22:132][491]LogModuleManager: Shutting down and abandoning module Sequencer (81)
[2016.11.08-02.14.22:132][491]LogModuleManager: Shutting down and abandoning module WorkspaceMenuStructure (80)
[2016.11.08-02.14.22:132][491]LogModuleManager: Shutting down and abandoning module MessageLog (79)
[2016.11.08-02.14.22:132][491]LogModuleManager: Shutting down and abandoning module AssetTools (78)
[2016.11.08-02.14.22:132][491]LogModuleManager: Shutting down and abandoning module UMGEditor (77)
[2016.11.08-02.14.22:132][491]LogModuleManager: Shutting down and abandoning module UMG (76)
[2016.11.08-02.14.22:132][491]LogModuleManager: Shutting down and abandoning module SlateReflector (75)
[2016.11.08-02.14.22:132][491]LogModuleManager: Shutting down and abandoning module Slate (74)
[2016.11.08-02.14.22:132][491]LogModuleManager: Shutting down and abandoning module EditorStyle (73)
[2016.11.08-02.14.22:137][491]LogModuleManager: Shutting down and abandoning module SourceCodeAccess (72)
[2016.11.08-02.14.22:137][491]LogModuleManager: Shutting down and abandoning module HeadMountedDisplay (71)
[2016.11.08-02.14.22:137][491]LogModuleManager: Shutting down and abandoning module XAudio2 (70)
[2016.11.08-02.14.22:137][491]LogModuleManager: Shutting down and abandoning module Networking (68)
[2016.11.08-02.14.22:137][491]LogModuleManager: Shutting down and abandoning module Core (67)
[2016.11.08-02.14.22:137][491]LogModuleManager: Shutting down and abandoning module DirectoryWatcher (66)
[2016.11.08-02.14.22:137][491]LogDirectoryWatcher: A directory notification for '../../../Engine/Content/' was aborted.
[2016.11.08-02.14.22:138][491]LogDirectoryWatcher: A directory notification for '../../../../../../Users/carvai/Desktop/game3/Tiki-Express/classes/Content/' was aborted.
[2016.11.08-02.14.22:138][491]LogDirectoryWatcher: A directory notification for '../../../Engine/Plugins/2D/Paper2D/Content/' was aborted.
[2016.11.08-02.14.22:138][491]LogModuleManager: Shutting down and abandoning module AssetRegistry (65)
[2016.11.08-02.14.22:217][491]LogModuleManager: Shutting down and abandoning module KismetCompiler (64)
[2016.11.08-02.14.22:217][491]LogModuleManager: Shutting down and abandoning module PhysXFormats (63)
[2016.11.08-02.14.22:217][491]LogModuleManager: Shutting down and abandoning module MeshUtilities (62)
[2016.11.08-02.14.22:217][491]LogModuleManager: Shutting down and abandoning module DerivedDataCache (61)
[2016.11.08-02.14.22:358][491]LogDerivedDataCache: Shutdown
[2016.11.08-02.14.22:358][491]LogModuleManager: Shutting down and abandoning module VulkanShaderFormat (60)
[2016.11.08-02.14.22:358][491]LogModuleManager: Shutting down and abandoning module ShaderFormatOpenGL (59)
[2016.11.08-02.14.22:358][491]LogModuleManager: Shutting down and abandoning module ShaderFormatD3D (58)
[2016.11.08-02.14.22:358][491]LogModuleManager: Shutting down and abandoning module MetalShaderFormat (57)
[2016.11.08-02.14.22:358][491]LogModuleManager: Shutting down and abandoning module TextureFormatUncompressed (56)
[2016.11.08-02.14.22:358][491]LogModuleManager: Shutting down and abandoning module TextureFormatPVR (55)
[2016.11.08-02.14.22:358][491]LogModuleManager: Shutting down and abandoning module TextureFormatDXT (54)
[2016.11.08-02.14.22:358][491]LogModuleManager: Shutting down and abandoning module TextureFormatIntelISPCTexComp (53)
[2016.11.08-02.14.22:358][491]LogModuleManager: Shutting down and abandoning module ImageWrapper (52)
[2016.11.08-02.14.22:358][491]LogModuleManager: Shutting down and abandoning module TextureFormatASTC (51)
[2016.11.08-02.14.22:358][491]LogModuleManager: Shutting down and abandoning module TextureFormatAndroid (50)
[2016.11.08-02.14.22:358][491]LogModuleManager: Shutting down and abandoning module AudioFormatOpus (49)
[2016.11.08-02.14.22:358][491]LogModuleManager: Shutting down and abandoning module AudioFormatOgg (48)
[2016.11.08-02.14.22:358][491]LogModuleManager: Shutting down and abandoning module AudioFormatADPCM (47)
[2016.11.08-02.14.22:358][491]LogModuleManager: Shutting down and abandoning module LinuxTargetPlatform (46)
[2016.11.08-02.14.22:358][491]LogModuleManager: Shutting down and abandoning module LinuxServerTargetPlatform (45)
[2016.11.08-02.14.22:358][491]LogModuleManager: Shutting down and abandoning module LinuxNoEditorTargetPlatform (44)
[2016.11.08-02.14.22:358][491]LogModuleManager: Shutting down and abandoning module LinuxClientTargetPlatform (43)
[2016.11.08-02.14.22:358][491]LogModuleManager: Shutting down and abandoning module TVOSTargetPlatform (42)
[2016.11.08-02.14.22:358][491]LogModuleManager: Shutting down and abandoning module Messaging (41)
[2016.11.08-02.14.22:358][491]LogModuleManager: Shutting down and abandoning module IOSTargetPlatform (40)
[2016.11.08-02.14.22:358][491]LogModuleManager: Shutting down and abandoning module HTML5TargetPlatform (39)
[2016.11.08-02.14.22:359][491]LogModuleManager: Shutting down and abandoning module Android_PVRTCTargetPlatform (38)
[2016.11.08-02.14.22:359][491]LogModuleManager: Shutting down and abandoning module Android_MultiTargetPlatform (37)
[2016.11.08-02.14.22:359][491]LogModuleManager: Shutting down and abandoning module Android_ETC2TargetPlatform (36)
[2016.11.08-02.14.22:359][491]LogModuleManager: Shutting down and abandoning module Android_ETC1TargetPlatform (35)
[2016.11.08-02.14.22:359][491]LogModuleManager: Shutting down and abandoning module Android_DXTTargetPlatform (34)
[2016.11.08-02.14.22:359][491]LogModuleManager: Shutting down and abandoning module Android_ATCTargetPlatform (33)
[2016.11.08-02.14.22:359][491]LogModuleManager: Shutting down and abandoning module Android_ASTCTargetPlatform (32)
[2016.11.08-02.14.22:359][491]LogModuleManager: Shutting down and abandoning module AndroidTargetPlatform (31)
[2016.11.08-02.14.22:359][491]LogModuleManager: Shutting down and abandoning module WindowsTargetPlatform (30)
[2016.11.08-02.14.22:359][491]LogModuleManager: Shutting down and abandoning module WindowsServerTargetPlatform (29)
[2016.11.08-02.14.22:359][491]LogModuleManager: Shutting down and abandoning module WindowsNoEditorTargetPlatform (28)
[2016.11.08-02.14.22:359][491]LogModuleManager: Shutting down and abandoning module WindowsClientTargetPlatform (27)
[2016.11.08-02.14.22:359][491]LogModuleManager: Shutting down and abandoning module AllDesktopTargetPlatform (26)
[2016.11.08-02.14.22:359][491]LogModuleManager: Shutting down and abandoning module TargetPlatform (25)
[2016.11.08-02.14.22:359][491]LogModuleManager: Shutting down and abandoning module InputCore (24)
[2016.11.08-02.14.22:359][491]LogModuleManager: Shutting down and abandoning module Settings (23)
[2016.11.08-02.14.22:359][491]LogModuleManager: Shutting down and abandoning module OculusRift (22)
[2016.11.08-02.14.22:359][491]LogModuleManager: Shutting down and abandoning module GearVR (21)
[2016.11.08-02.14.22:359][491]LogModuleManager: Shutting down and abandoning module ExampleDeviceProfileSelector (20)
[2016.11.08-02.14.22:359][491]LogModuleManager: Shutting down and abandoning module OnlineBlueprintSupport (19)
[2016.11.08-02.14.22:359][491]LogModuleManager: Shutting down and abandoning module OnlineSubsystem (17)
[2016.11.08-02.14.22:359][491]LogOnline:Display: Unloading online subsystem: NULL
[2016.11.08-02.14.22:359][491]LogModuleManager: Shutting down and abandoning module HTTP (16)
[2016.11.08-02.14.22:359][491]LogHttp:Display: Http module shutting down, but needs to wait on 1 outstanding Http requests:
[2016.11.08-02.14.22:359][491]LogHttp:Display: 	verb=[POST] url=[https://datarouter.ol.epicgames.com/datarouter/api/v1/public/data?SessionID=%7BE17F2414-472F-EBE8-38F1-F4AB45DF8ABD%7D&AppID=UEEditor.Rocket.Release&AppVersion=4.13.2-3172292%2B%2B%2BUE4%2BRelease-4.13&UserID=cc28b9f54895c831b9ab019bdea929a2%7Cd85314cd6c6a4bf6ad69011299579840%7Cb17e58e1-da47-45dd-8bc4-0b9292a5b49f&AppEnvironment=datacollector-binary&UploadType=eteventstream] status=Processing
[2016.11.08-02.14.22:385][491]LogModuleManager: Shutting down and abandoning module XMPP (15)
[2016.11.08-02.14.22:385][491]LogModuleManager: Shutting down and abandoning module TextureCompressor (14)
[2016.11.08-02.14.22:385][491]LogModuleManager: Shutting down and abandoning module ShaderCore (13)
[2016.11.08-02.14.22:385][491]LogModuleManager: Shutting down and abandoning module Landscape (12)
[2016.11.08-02.14.22:385][491]LogModuleManager: Shutting down and abandoning module SlateRHIRenderer (11)
[2016.11.08-02.14.22:387][491]LogModuleManager: Shutting down and abandoning module OpenGLDrv (10)
[2016.11.08-02.14.22:387][491]LogModuleManager: Shutting down and abandoning module D3D11RHI (9)
[2016.11.08-02.14.22:387][491]LogModuleManager: Shutting down and abandoning module AnimGraphRuntime (8)
[2016.11.08-02.14.22:387][491]LogModuleManager: Shutting down and abandoning module Renderer (7)
[2016.11.08-02.14.22:387][491]LogModuleManager: Shutting down and abandoning module Engine (6)
[2016.11.08-02.14.22:387][491]LogModuleManager: Shutting down and abandoning module CoreUObject (5)
[2016.11.08-02.14.22:387][491]LogModuleManager: Shutting down and abandoning module NetworkFile (4)
[2016.11.08-02.14.22:387][491]LogModuleManager: Shutting down and abandoning module StreamingFile (3)
[2016.11.08-02.14.22:387][491]LogModuleManager: Shutting down and abandoning module SandboxFile (2)
[2016.11.08-02.14.22:387][491]LogModuleManager: Shutting down and abandoning module PakFile (1)
[2016.11.08-02.14.22:391][491]LogExit: Exiting.
[2016.11.08-02.14.22:394][491]Log file closed, 11/07/16 21:14:22
